[2025-12-17T00:00:16.586+0000] {local_task_job_runner.py:120} INFO - ::group::Pre task execution logs
[2025-12-17T00:00:16.670+0000] {taskinstance.py:2076} INFO - Dependencies all met for dep_context=non-requeueable deps ti=<TaskInstance: weather.load_weather_data scheduled__2025-12-16T00:00:00+00:00 [queued]>
[2025-12-17T00:00:16.692+0000] {taskinstance.py:2076} INFO - Dependencies all met for dep_context=requeueable deps ti=<TaskInstance: weather.load_weather_data scheduled__2025-12-16T00:00:00+00:00 [queued]>
[2025-12-17T00:00:16.693+0000] {taskinstance.py:2306} INFO - Starting attempt 1 of 2
[2025-12-17T00:00:16.729+0000] {taskinstance.py:2330} INFO - Executing <Task(PythonOperator): load_weather_data> on 2025-12-16 00:00:00+00:00
[2025-12-17T00:00:16.760+0000] {standard_task_runner.py:63} INFO - Started process 9730 to run task
[2025-12-17T00:00:16.795+0000] {standard_task_runner.py:90} INFO - Running: ['***', 'tasks', 'run', 'weather', 'load_weather_data', 'scheduled__2025-12-16T00:00:00+00:00', '--job-id', '42', '--raw', '--subdir', 'DAGS_FOLDER/weather_dag.py', '--cfg-path', '/tmp/tmpcvg5654v']
[2025-12-17T00:00:16.799+0000] {standard_task_runner.py:91} INFO - Job 42: Subtask load_weather_data
[2025-12-17T00:00:17.743+0000] {task_command.py:426} INFO - Running <TaskInstance: weather.load_weather_data scheduled__2025-12-16T00:00:00+00:00 [running]> on host ab3794e0436b
[2025-12-17T00:00:18.082+0000] {taskinstance.py:2648} INFO - Exporting env vars: AIRFLOW_CTX_DAG_OWNER='***' AIRFLOW_CTX_DAG_ID='weather' AIRFLOW_CTX_TASK_ID='load_weather_data' AIRFLOW_CTX_EXECUTION_DATE='2025-12-16T00:00:00+00:00' AIRFLOW_CTX_TRY_NUMBER='1' AIRFLOW_CTX_DAG_RUN_ID='scheduled__2025-12-16T00:00:00+00:00'
[2025-12-17T00:00:18.086+0000] {taskinstance.py:430} INFO - ::endgroup::
[2025-12-17T00:00:20.513+0000] {get_raw_data.py:65} INFO - Yesterday's weather data retreived.
[2025-12-17T00:00:20.520+0000] {get_raw_data.py:88} INFO - Processing 1 rows of weather data...
[2025-12-17T00:00:20.521+0000] {get_raw_data.py:109} INFO - Finished processing 1 rows of weather data.
[2025-12-17T00:00:20.678+0000] {get_raw_data.py:122} INFO - Loading data into GBQ...
[2025-12-17T00:00:23.531+0000] {taskinstance.py:441} INFO - ::group::Post task execution logs
[2025-12-17T00:00:23.533+0000] {taskinstance.py:2905} ERROR - Task failed with exception
Traceback (most recent call last):
  File "/home/airflow/.local/lib/python3.11/site-packages/airflow/models/taskinstance.py", line 465, in _execute_task
    result = _execute_callable(context=context, **execute_callable_kwargs)
             ^^^^^^^^^^^^^^^^^^^^^^^^^^^^^^^^^^^^^^^^^^^^^^^^^^^^^^^^^^^^^
  File "/home/airflow/.local/lib/python3.11/site-packages/airflow/models/taskinstance.py", line 432, in _execute_callable
    return execute_callable(context=context, **execute_callable_kwargs)
           ^^^^^^^^^^^^^^^^^^^^^^^^^^^^^^^^^^^^^^^^^^^^^^^^^^^^^^^^^^^^
  File "/home/airflow/.local/lib/python3.11/site-packages/airflow/models/baseoperator.py", line 401, in wrapper
    return func(self, *args, **kwargs)
           ^^^^^^^^^^^^^^^^^^^^^^^^^^^
  File "/home/airflow/.local/lib/python3.11/site-packages/airflow/operators/python.py", line 235, in execute
    return_value = self.execute_callable()
                   ^^^^^^^^^^^^^^^^^^^^^^^
  File "/home/airflow/.local/lib/python3.11/site-packages/airflow/operators/python.py", line 252, in execute_callable
    return self.python_callable(*self.op_args, **self.op_kwargs)
           ^^^^^^^^^^^^^^^^^^^^^^^^^^^^^^^^^^^^^^^^^^^^^^^^^^^^^
  File "/opt/airflow/dags/get_raw_data.py", line 58, in run_daily_weather_pipeline
    load_csv_data_into_gbq(csv_file_name, full_table_id, project)
  File "/opt/airflow/dags/get_raw_data.py", line 131, in load_csv_data_into_gbq
    job.result()
  File "/home/airflow/.local/lib/python3.11/site-packages/google/cloud/bigquery/job/base.py", line 971, in result
    return super(_AsyncJob, self).result(timeout=timeout, **kwargs)
           ^^^^^^^^^^^^^^^^^^^^^^^^^^^^^^^^^^^^^^^^^^^^^^^^^^^^^^^^
  File "/home/airflow/.local/lib/python3.11/site-packages/google/api_core/future/polling.py", line 261, in result
    raise self._exception
google.api_core.exceptions.BadRequest: 400 Error while reading data, error message: CSV processing encountered too many errors, giving up. Rows: 0; errors: 1; max bad: 0; error percent: 0; reason: invalid, message: Error while reading data, error message: CSV processing encountered too many errors, giving up. Rows: 0; errors: 1; max bad: 0; error percent: 0; reason: invalid, message: Error while reading data, error message: CSV table references column position 17, but line contains only 17 columns.; line_number: 1 byte_offset_to_start_of_line: 0 column_index: 17 column_name: "SYS_SRC_LOAD_DT" column_type: DATETIME; reason: invalid, message: You are loading data without specifying data format, data will be treated as CSV format by default. If this is not what you mean, please specify data format by --source_format.
[2025-12-17T00:00:23.567+0000] {taskinstance.py:1206} INFO - Marking task as UP_FOR_RETRY. dag_id=weather, task_id=load_weather_data, run_id=scheduled__2025-12-16T00:00:00+00:00, execution_date=20251216T000000, start_date=20251217T000016, end_date=20251217T000023
[2025-12-17T00:00:23.613+0000] {standard_task_runner.py:110} ERROR - Failed to execute job 42 for task load_weather_data (400 Error while reading data, error message: CSV processing encountered too many errors, giving up. Rows: 0; errors: 1; max bad: 0; error percent: 0; reason: invalid, message: Error while reading data, error message: CSV processing encountered too many errors, giving up. Rows: 0; errors: 1; max bad: 0; error percent: 0; reason: invalid, message: Error while reading data, error message: CSV table references column position 17, but line contains only 17 columns.; line_number: 1 byte_offset_to_start_of_line: 0 column_index: 17 column_name: "SYS_SRC_LOAD_DT" column_type: DATETIME; reason: invalid, message: You are loading data without specifying data format, data will be treated as CSV format by default. If this is not what you mean, please specify data format by --source_format.; 9730)
[2025-12-17T00:00:23.691+0000] {local_task_job_runner.py:240} INFO - Task exited with return code 1
[2025-12-17T00:00:23.735+0000] {taskinstance.py:3503} INFO - 0 downstream tasks scheduled from follow-on schedule check
[2025-12-17T00:00:23.739+0000] {local_task_job_runner.py:222} INFO - ::endgroup::
