[2025-12-13T00:55:02.095+0000] {processor.py:161} INFO - Started process (PID=8059) to work on /home/airflow/.local/lib/python3.11/site-packages/airflow/example_dags/subdags/subdag.py
[2025-12-13T00:55:02.097+0000] {processor.py:830} INFO - Processing file /home/airflow/.local/lib/python3.11/site-packages/airflow/example_dags/subdags/subdag.py for tasks to queue
[2025-12-13T00:55:02.100+0000] {logging_mixin.py:188} INFO - [2025-12-13T00:55:02.099+0000] {dagbag.py:545} INFO - Filling up the DagBag from /home/airflow/.local/lib/python3.11/site-packages/airflow/example_dags/subdags/subdag.py
[2025-12-13T00:55:02.105+0000] {processor.py:842} WARNING - No viable dags retrieved from /home/airflow/.local/lib/python3.11/site-packages/airflow/example_dags/subdags/subdag.py
[2025-12-13T00:55:02.148+0000] {processor.py:183} INFO - Processing /home/airflow/.local/lib/python3.11/site-packages/airflow/example_dags/subdags/subdag.py took 0.068 seconds
[2025-12-13T00:55:32.357+0000] {processor.py:161} INFO - Started process (PID=8118) to work on /home/airflow/.local/lib/python3.11/site-packages/airflow/example_dags/subdags/subdag.py
[2025-12-13T00:55:32.359+0000] {processor.py:830} INFO - Processing file /home/airflow/.local/lib/python3.11/site-packages/airflow/example_dags/subdags/subdag.py for tasks to queue
[2025-12-13T00:55:32.361+0000] {logging_mixin.py:188} INFO - [2025-12-13T00:55:32.360+0000] {dagbag.py:545} INFO - Filling up the DagBag from /home/airflow/.local/lib/python3.11/site-packages/airflow/example_dags/subdags/subdag.py
[2025-12-13T00:55:32.364+0000] {processor.py:842} WARNING - No viable dags retrieved from /home/airflow/.local/lib/python3.11/site-packages/airflow/example_dags/subdags/subdag.py
[2025-12-13T00:55:32.392+0000] {processor.py:183} INFO - Processing /home/airflow/.local/lib/python3.11/site-packages/airflow/example_dags/subdags/subdag.py took 0.048 seconds
[2025-12-13T00:56:02.872+0000] {processor.py:161} INFO - Started process (PID=8178) to work on /home/airflow/.local/lib/python3.11/site-packages/airflow/example_dags/subdags/subdag.py
[2025-12-13T00:56:02.874+0000] {processor.py:830} INFO - Processing file /home/airflow/.local/lib/python3.11/site-packages/airflow/example_dags/subdags/subdag.py for tasks to queue
[2025-12-13T00:56:02.877+0000] {logging_mixin.py:188} INFO - [2025-12-13T00:56:02.876+0000] {dagbag.py:545} INFO - Filling up the DagBag from /home/airflow/.local/lib/python3.11/site-packages/airflow/example_dags/subdags/subdag.py
[2025-12-13T00:56:02.882+0000] {processor.py:842} WARNING - No viable dags retrieved from /home/airflow/.local/lib/python3.11/site-packages/airflow/example_dags/subdags/subdag.py
[2025-12-13T00:56:02.921+0000] {processor.py:183} INFO - Processing /home/airflow/.local/lib/python3.11/site-packages/airflow/example_dags/subdags/subdag.py took 0.064 seconds
[2025-12-13T00:56:33.211+0000] {processor.py:161} INFO - Started process (PID=8238) to work on /home/airflow/.local/lib/python3.11/site-packages/airflow/example_dags/subdags/subdag.py
[2025-12-13T00:56:33.213+0000] {processor.py:830} INFO - Processing file /home/airflow/.local/lib/python3.11/site-packages/airflow/example_dags/subdags/subdag.py for tasks to queue
[2025-12-13T00:56:33.215+0000] {logging_mixin.py:188} INFO - [2025-12-13T00:56:33.214+0000] {dagbag.py:545} INFO - Filling up the DagBag from /home/airflow/.local/lib/python3.11/site-packages/airflow/example_dags/subdags/subdag.py
[2025-12-13T00:56:33.220+0000] {processor.py:842} WARNING - No viable dags retrieved from /home/airflow/.local/lib/python3.11/site-packages/airflow/example_dags/subdags/subdag.py
[2025-12-13T00:56:33.251+0000] {processor.py:183} INFO - Processing /home/airflow/.local/lib/python3.11/site-packages/airflow/example_dags/subdags/subdag.py took 0.055 seconds
[2025-12-13T00:57:06.556+0000] {processor.py:161} INFO - Started process (PID=8304) to work on /home/airflow/.local/lib/python3.11/site-packages/airflow/example_dags/subdags/subdag.py
[2025-12-13T00:57:06.559+0000] {processor.py:830} INFO - Processing file /home/airflow/.local/lib/python3.11/site-packages/airflow/example_dags/subdags/subdag.py for tasks to queue
[2025-12-13T00:57:06.562+0000] {logging_mixin.py:188} INFO - [2025-12-13T00:57:06.561+0000] {dagbag.py:545} INFO - Filling up the DagBag from /home/airflow/.local/lib/python3.11/site-packages/airflow/example_dags/subdags/subdag.py
[2025-12-13T00:57:06.567+0000] {processor.py:842} WARNING - No viable dags retrieved from /home/airflow/.local/lib/python3.11/site-packages/airflow/example_dags/subdags/subdag.py
[2025-12-13T00:57:06.606+0000] {processor.py:183} INFO - Processing /home/airflow/.local/lib/python3.11/site-packages/airflow/example_dags/subdags/subdag.py took 0.069 seconds
[2025-12-13T00:57:38.626+0000] {processor.py:161} INFO - Started process (PID=8373) to work on /home/airflow/.local/lib/python3.11/site-packages/airflow/example_dags/subdags/subdag.py
[2025-12-13T00:57:38.628+0000] {processor.py:830} INFO - Processing file /home/airflow/.local/lib/python3.11/site-packages/airflow/example_dags/subdags/subdag.py for tasks to queue
[2025-12-13T00:57:38.630+0000] {logging_mixin.py:188} INFO - [2025-12-13T00:57:38.629+0000] {dagbag.py:545} INFO - Filling up the DagBag from /home/airflow/.local/lib/python3.11/site-packages/airflow/example_dags/subdags/subdag.py
[2025-12-13T00:57:38.634+0000] {processor.py:842} WARNING - No viable dags retrieved from /home/airflow/.local/lib/python3.11/site-packages/airflow/example_dags/subdags/subdag.py
[2025-12-13T00:57:38.669+0000] {processor.py:183} INFO - Processing /home/airflow/.local/lib/python3.11/site-packages/airflow/example_dags/subdags/subdag.py took 0.057 seconds
[2025-12-13T00:58:11.340+0000] {processor.py:161} INFO - Started process (PID=8434) to work on /home/airflow/.local/lib/python3.11/site-packages/airflow/example_dags/subdags/subdag.py
[2025-12-13T00:58:11.342+0000] {processor.py:830} INFO - Processing file /home/airflow/.local/lib/python3.11/site-packages/airflow/example_dags/subdags/subdag.py for tasks to queue
[2025-12-13T00:58:11.345+0000] {logging_mixin.py:188} INFO - [2025-12-13T00:58:11.344+0000] {dagbag.py:545} INFO - Filling up the DagBag from /home/airflow/.local/lib/python3.11/site-packages/airflow/example_dags/subdags/subdag.py
[2025-12-13T00:58:11.350+0000] {processor.py:842} WARNING - No viable dags retrieved from /home/airflow/.local/lib/python3.11/site-packages/airflow/example_dags/subdags/subdag.py
[2025-12-13T00:58:11.387+0000] {processor.py:183} INFO - Processing /home/airflow/.local/lib/python3.11/site-packages/airflow/example_dags/subdags/subdag.py took 0.062 seconds
[2025-12-13T00:58:42.947+0000] {processor.py:161} INFO - Started process (PID=8494) to work on /home/airflow/.local/lib/python3.11/site-packages/airflow/example_dags/subdags/subdag.py
[2025-12-13T00:58:42.950+0000] {processor.py:830} INFO - Processing file /home/airflow/.local/lib/python3.11/site-packages/airflow/example_dags/subdags/subdag.py for tasks to queue
[2025-12-13T00:58:42.952+0000] {logging_mixin.py:188} INFO - [2025-12-13T00:58:42.951+0000] {dagbag.py:545} INFO - Filling up the DagBag from /home/airflow/.local/lib/python3.11/site-packages/airflow/example_dags/subdags/subdag.py
[2025-12-13T00:58:42.956+0000] {processor.py:842} WARNING - No viable dags retrieved from /home/airflow/.local/lib/python3.11/site-packages/airflow/example_dags/subdags/subdag.py
[2025-12-13T00:58:42.987+0000] {processor.py:183} INFO - Processing /home/airflow/.local/lib/python3.11/site-packages/airflow/example_dags/subdags/subdag.py took 0.053 seconds
[2025-12-13T00:59:14.964+0000] {processor.py:161} INFO - Started process (PID=8555) to work on /home/airflow/.local/lib/python3.11/site-packages/airflow/example_dags/subdags/subdag.py
[2025-12-13T00:59:14.966+0000] {processor.py:830} INFO - Processing file /home/airflow/.local/lib/python3.11/site-packages/airflow/example_dags/subdags/subdag.py for tasks to queue
[2025-12-13T00:59:14.968+0000] {logging_mixin.py:188} INFO - [2025-12-13T00:59:14.967+0000] {dagbag.py:545} INFO - Filling up the DagBag from /home/airflow/.local/lib/python3.11/site-packages/airflow/example_dags/subdags/subdag.py
[2025-12-13T00:59:14.972+0000] {processor.py:842} WARNING - No viable dags retrieved from /home/airflow/.local/lib/python3.11/site-packages/airflow/example_dags/subdags/subdag.py
[2025-12-13T00:59:15.005+0000] {processor.py:183} INFO - Processing /home/airflow/.local/lib/python3.11/site-packages/airflow/example_dags/subdags/subdag.py took 0.054 seconds
[2025-12-13T00:59:47.070+0000] {processor.py:161} INFO - Started process (PID=8615) to work on /home/airflow/.local/lib/python3.11/site-packages/airflow/example_dags/subdags/subdag.py
[2025-12-13T00:59:47.073+0000] {processor.py:830} INFO - Processing file /home/airflow/.local/lib/python3.11/site-packages/airflow/example_dags/subdags/subdag.py for tasks to queue
[2025-12-13T00:59:47.076+0000] {logging_mixin.py:188} INFO - [2025-12-13T00:59:47.075+0000] {dagbag.py:545} INFO - Filling up the DagBag from /home/airflow/.local/lib/python3.11/site-packages/airflow/example_dags/subdags/subdag.py
[2025-12-13T00:59:47.080+0000] {processor.py:842} WARNING - No viable dags retrieved from /home/airflow/.local/lib/python3.11/site-packages/airflow/example_dags/subdags/subdag.py
[2025-12-13T00:59:47.115+0000] {processor.py:183} INFO - Processing /home/airflow/.local/lib/python3.11/site-packages/airflow/example_dags/subdags/subdag.py took 0.063 seconds
[2025-12-13T01:00:17.514+0000] {processor.py:161} INFO - Started process (PID=8674) to work on /home/airflow/.local/lib/python3.11/site-packages/airflow/example_dags/subdags/subdag.py
[2025-12-13T01:00:17.516+0000] {processor.py:830} INFO - Processing file /home/airflow/.local/lib/python3.11/site-packages/airflow/example_dags/subdags/subdag.py for tasks to queue
[2025-12-13T01:00:17.518+0000] {logging_mixin.py:188} INFO - [2025-12-13T01:00:17.517+0000] {dagbag.py:545} INFO - Filling up the DagBag from /home/airflow/.local/lib/python3.11/site-packages/airflow/example_dags/subdags/subdag.py
[2025-12-13T01:00:17.522+0000] {processor.py:842} WARNING - No viable dags retrieved from /home/airflow/.local/lib/python3.11/site-packages/airflow/example_dags/subdags/subdag.py
[2025-12-13T01:00:17.557+0000] {processor.py:183} INFO - Processing /home/airflow/.local/lib/python3.11/site-packages/airflow/example_dags/subdags/subdag.py took 0.060 seconds
[2025-12-13T01:00:47.838+0000] {processor.py:161} INFO - Started process (PID=8732) to work on /home/airflow/.local/lib/python3.11/site-packages/airflow/example_dags/subdags/subdag.py
[2025-12-13T01:00:47.842+0000] {processor.py:830} INFO - Processing file /home/airflow/.local/lib/python3.11/site-packages/airflow/example_dags/subdags/subdag.py for tasks to queue
[2025-12-13T01:00:47.844+0000] {logging_mixin.py:188} INFO - [2025-12-13T01:00:47.843+0000] {dagbag.py:545} INFO - Filling up the DagBag from /home/airflow/.local/lib/python3.11/site-packages/airflow/example_dags/subdags/subdag.py
[2025-12-13T01:00:47.850+0000] {processor.py:842} WARNING - No viable dags retrieved from /home/airflow/.local/lib/python3.11/site-packages/airflow/example_dags/subdags/subdag.py
[2025-12-13T01:00:47.886+0000] {processor.py:183} INFO - Processing /home/airflow/.local/lib/python3.11/site-packages/airflow/example_dags/subdags/subdag.py took 0.063 seconds
[2025-12-13T01:01:18.176+0000] {processor.py:161} INFO - Started process (PID=8792) to work on /home/airflow/.local/lib/python3.11/site-packages/airflow/example_dags/subdags/subdag.py
[2025-12-13T01:01:18.179+0000] {processor.py:830} INFO - Processing file /home/airflow/.local/lib/python3.11/site-packages/airflow/example_dags/subdags/subdag.py for tasks to queue
[2025-12-13T01:01:18.180+0000] {logging_mixin.py:188} INFO - [2025-12-13T01:01:18.179+0000] {dagbag.py:545} INFO - Filling up the DagBag from /home/airflow/.local/lib/python3.11/site-packages/airflow/example_dags/subdags/subdag.py
[2025-12-13T01:01:18.185+0000] {processor.py:842} WARNING - No viable dags retrieved from /home/airflow/.local/lib/python3.11/site-packages/airflow/example_dags/subdags/subdag.py
[2025-12-13T01:01:18.214+0000] {processor.py:183} INFO - Processing /home/airflow/.local/lib/python3.11/site-packages/airflow/example_dags/subdags/subdag.py took 0.053 seconds
[2025-12-13T01:01:48.498+0000] {processor.py:161} INFO - Started process (PID=8852) to work on /home/airflow/.local/lib/python3.11/site-packages/airflow/example_dags/subdags/subdag.py
[2025-12-13T01:01:48.500+0000] {processor.py:830} INFO - Processing file /home/airflow/.local/lib/python3.11/site-packages/airflow/example_dags/subdags/subdag.py for tasks to queue
[2025-12-13T01:01:48.502+0000] {logging_mixin.py:188} INFO - [2025-12-13T01:01:48.501+0000] {dagbag.py:545} INFO - Filling up the DagBag from /home/airflow/.local/lib/python3.11/site-packages/airflow/example_dags/subdags/subdag.py
[2025-12-13T01:01:48.506+0000] {processor.py:842} WARNING - No viable dags retrieved from /home/airflow/.local/lib/python3.11/site-packages/airflow/example_dags/subdags/subdag.py
[2025-12-13T01:01:48.535+0000] {processor.py:183} INFO - Processing /home/airflow/.local/lib/python3.11/site-packages/airflow/example_dags/subdags/subdag.py took 0.050 seconds
[2025-12-13T01:02:19.011+0000] {processor.py:161} INFO - Started process (PID=8912) to work on /home/airflow/.local/lib/python3.11/site-packages/airflow/example_dags/subdags/subdag.py
[2025-12-13T01:02:19.014+0000] {processor.py:830} INFO - Processing file /home/airflow/.local/lib/python3.11/site-packages/airflow/example_dags/subdags/subdag.py for tasks to queue
[2025-12-13T01:02:19.016+0000] {logging_mixin.py:188} INFO - [2025-12-13T01:02:19.015+0000] {dagbag.py:545} INFO - Filling up the DagBag from /home/airflow/.local/lib/python3.11/site-packages/airflow/example_dags/subdags/subdag.py
[2025-12-13T01:02:19.022+0000] {processor.py:842} WARNING - No viable dags retrieved from /home/airflow/.local/lib/python3.11/site-packages/airflow/example_dags/subdags/subdag.py
[2025-12-13T01:02:19.060+0000] {processor.py:183} INFO - Processing /home/airflow/.local/lib/python3.11/site-packages/airflow/example_dags/subdags/subdag.py took 0.067 seconds
[2025-12-13T01:06:47.664+0000] {processor.py:161} INFO - Started process (PID=127) to work on /home/airflow/.local/lib/python3.11/site-packages/airflow/example_dags/subdags/subdag.py
[2025-12-13T01:06:47.666+0000] {processor.py:830} INFO - Processing file /home/airflow/.local/lib/python3.11/site-packages/airflow/example_dags/subdags/subdag.py for tasks to queue
[2025-12-13T01:06:47.672+0000] {logging_mixin.py:188} INFO - [2025-12-13T01:06:47.671+0000] {dagbag.py:545} INFO - Filling up the DagBag from /home/airflow/.local/lib/python3.11/site-packages/airflow/example_dags/subdags/subdag.py
[2025-12-13T01:06:47.677+0000] {processor.py:842} WARNING - No viable dags retrieved from /home/airflow/.local/lib/python3.11/site-packages/airflow/example_dags/subdags/subdag.py
[2025-12-13T01:06:47.708+0000] {processor.py:183} INFO - Processing /home/airflow/.local/lib/python3.11/site-packages/airflow/example_dags/subdags/subdag.py took 0.058 seconds
[2025-12-13T01:07:18.005+0000] {processor.py:161} INFO - Started process (PID=186) to work on /home/airflow/.local/lib/python3.11/site-packages/airflow/example_dags/subdags/subdag.py
[2025-12-13T01:07:18.008+0000] {processor.py:830} INFO - Processing file /home/airflow/.local/lib/python3.11/site-packages/airflow/example_dags/subdags/subdag.py for tasks to queue
[2025-12-13T01:07:18.013+0000] {logging_mixin.py:188} INFO - [2025-12-13T01:07:18.012+0000] {dagbag.py:545} INFO - Filling up the DagBag from /home/airflow/.local/lib/python3.11/site-packages/airflow/example_dags/subdags/subdag.py
[2025-12-13T01:07:18.017+0000] {processor.py:842} WARNING - No viable dags retrieved from /home/airflow/.local/lib/python3.11/site-packages/airflow/example_dags/subdags/subdag.py
[2025-12-13T01:07:18.049+0000] {processor.py:183} INFO - Processing /home/airflow/.local/lib/python3.11/site-packages/airflow/example_dags/subdags/subdag.py took 0.057 seconds
[2025-12-13T01:07:48.904+0000] {processor.py:161} INFO - Started process (PID=246) to work on /home/airflow/.local/lib/python3.11/site-packages/airflow/example_dags/subdags/subdag.py
[2025-12-13T01:07:48.907+0000] {processor.py:830} INFO - Processing file /home/airflow/.local/lib/python3.11/site-packages/airflow/example_dags/subdags/subdag.py for tasks to queue
[2025-12-13T01:07:48.911+0000] {logging_mixin.py:188} INFO - [2025-12-13T01:07:48.910+0000] {dagbag.py:545} INFO - Filling up the DagBag from /home/airflow/.local/lib/python3.11/site-packages/airflow/example_dags/subdags/subdag.py
[2025-12-13T01:07:48.915+0000] {processor.py:842} WARNING - No viable dags retrieved from /home/airflow/.local/lib/python3.11/site-packages/airflow/example_dags/subdags/subdag.py
[2025-12-13T01:07:48.946+0000] {processor.py:183} INFO - Processing /home/airflow/.local/lib/python3.11/site-packages/airflow/example_dags/subdags/subdag.py took 0.056 seconds
[2025-12-13T01:08:19.923+0000] {processor.py:161} INFO - Started process (PID=306) to work on /home/airflow/.local/lib/python3.11/site-packages/airflow/example_dags/subdags/subdag.py
[2025-12-13T01:08:19.925+0000] {processor.py:830} INFO - Processing file /home/airflow/.local/lib/python3.11/site-packages/airflow/example_dags/subdags/subdag.py for tasks to queue
[2025-12-13T01:08:19.929+0000] {logging_mixin.py:188} INFO - [2025-12-13T01:08:19.928+0000] {dagbag.py:545} INFO - Filling up the DagBag from /home/airflow/.local/lib/python3.11/site-packages/airflow/example_dags/subdags/subdag.py
[2025-12-13T01:08:19.933+0000] {processor.py:842} WARNING - No viable dags retrieved from /home/airflow/.local/lib/python3.11/site-packages/airflow/example_dags/subdags/subdag.py
[2025-12-13T01:08:19.963+0000] {processor.py:183} INFO - Processing /home/airflow/.local/lib/python3.11/site-packages/airflow/example_dags/subdags/subdag.py took 0.055 seconds
[2025-12-13T01:08:50.477+0000] {processor.py:161} INFO - Started process (PID=366) to work on /home/airflow/.local/lib/python3.11/site-packages/airflow/example_dags/subdags/subdag.py
[2025-12-13T01:08:50.480+0000] {processor.py:830} INFO - Processing file /home/airflow/.local/lib/python3.11/site-packages/airflow/example_dags/subdags/subdag.py for tasks to queue
[2025-12-13T01:08:50.484+0000] {logging_mixin.py:188} INFO - [2025-12-13T01:08:50.483+0000] {dagbag.py:545} INFO - Filling up the DagBag from /home/airflow/.local/lib/python3.11/site-packages/airflow/example_dags/subdags/subdag.py
[2025-12-13T01:08:50.488+0000] {processor.py:842} WARNING - No viable dags retrieved from /home/airflow/.local/lib/python3.11/site-packages/airflow/example_dags/subdags/subdag.py
[2025-12-13T01:08:50.519+0000] {processor.py:183} INFO - Processing /home/airflow/.local/lib/python3.11/site-packages/airflow/example_dags/subdags/subdag.py took 0.054 seconds
[2025-12-13T01:09:21.077+0000] {processor.py:161} INFO - Started process (PID=426) to work on /home/airflow/.local/lib/python3.11/site-packages/airflow/example_dags/subdags/subdag.py
[2025-12-13T01:09:21.080+0000] {processor.py:830} INFO - Processing file /home/airflow/.local/lib/python3.11/site-packages/airflow/example_dags/subdags/subdag.py for tasks to queue
[2025-12-13T01:09:21.085+0000] {logging_mixin.py:188} INFO - [2025-12-13T01:09:21.084+0000] {dagbag.py:545} INFO - Filling up the DagBag from /home/airflow/.local/lib/python3.11/site-packages/airflow/example_dags/subdags/subdag.py
[2025-12-13T01:09:21.091+0000] {processor.py:842} WARNING - No viable dags retrieved from /home/airflow/.local/lib/python3.11/site-packages/airflow/example_dags/subdags/subdag.py
[2025-12-13T01:09:21.128+0000] {processor.py:183} INFO - Processing /home/airflow/.local/lib/python3.11/site-packages/airflow/example_dags/subdags/subdag.py took 0.069 seconds
[2025-12-13T01:09:52.088+0000] {processor.py:161} INFO - Started process (PID=486) to work on /home/airflow/.local/lib/python3.11/site-packages/airflow/example_dags/subdags/subdag.py
[2025-12-13T01:09:52.091+0000] {processor.py:830} INFO - Processing file /home/airflow/.local/lib/python3.11/site-packages/airflow/example_dags/subdags/subdag.py for tasks to queue
[2025-12-13T01:09:52.094+0000] {logging_mixin.py:188} INFO - [2025-12-13T01:09:52.093+0000] {dagbag.py:545} INFO - Filling up the DagBag from /home/airflow/.local/lib/python3.11/site-packages/airflow/example_dags/subdags/subdag.py
[2025-12-13T01:09:52.098+0000] {processor.py:842} WARNING - No viable dags retrieved from /home/airflow/.local/lib/python3.11/site-packages/airflow/example_dags/subdags/subdag.py
[2025-12-13T01:09:52.124+0000] {processor.py:183} INFO - Processing /home/airflow/.local/lib/python3.11/site-packages/airflow/example_dags/subdags/subdag.py took 0.048 seconds
[2025-12-13T01:10:23.767+0000] {processor.py:161} INFO - Started process (PID=546) to work on /home/airflow/.local/lib/python3.11/site-packages/airflow/example_dags/subdags/subdag.py
[2025-12-13T01:10:23.770+0000] {processor.py:830} INFO - Processing file /home/airflow/.local/lib/python3.11/site-packages/airflow/example_dags/subdags/subdag.py for tasks to queue
[2025-12-13T01:10:23.774+0000] {logging_mixin.py:188} INFO - [2025-12-13T01:10:23.773+0000] {dagbag.py:545} INFO - Filling up the DagBag from /home/airflow/.local/lib/python3.11/site-packages/airflow/example_dags/subdags/subdag.py
[2025-12-13T01:10:23.778+0000] {processor.py:842} WARNING - No viable dags retrieved from /home/airflow/.local/lib/python3.11/site-packages/airflow/example_dags/subdags/subdag.py
[2025-12-13T01:10:23.640+0000] {processor.py:183} INFO - Processing /home/airflow/.local/lib/python3.11/site-packages/airflow/example_dags/subdags/subdag.py took 0.053 seconds
[2025-12-13T01:10:54.694+0000] {processor.py:161} INFO - Started process (PID=612) to work on /home/airflow/.local/lib/python3.11/site-packages/airflow/example_dags/subdags/subdag.py
[2025-12-13T01:10:54.696+0000] {processor.py:830} INFO - Processing file /home/airflow/.local/lib/python3.11/site-packages/airflow/example_dags/subdags/subdag.py for tasks to queue
[2025-12-13T01:10:54.700+0000] {logging_mixin.py:188} INFO - [2025-12-13T01:10:54.699+0000] {dagbag.py:545} INFO - Filling up the DagBag from /home/airflow/.local/lib/python3.11/site-packages/airflow/example_dags/subdags/subdag.py
[2025-12-13T01:10:54.704+0000] {processor.py:842} WARNING - No viable dags retrieved from /home/airflow/.local/lib/python3.11/site-packages/airflow/example_dags/subdags/subdag.py
[2025-12-13T01:10:54.731+0000] {processor.py:183} INFO - Processing /home/airflow/.local/lib/python3.11/site-packages/airflow/example_dags/subdags/subdag.py took 0.050 seconds
[2025-12-13T01:11:25.146+0000] {processor.py:161} INFO - Started process (PID=672) to work on /home/airflow/.local/lib/python3.11/site-packages/airflow/example_dags/subdags/subdag.py
[2025-12-13T01:11:25.149+0000] {processor.py:830} INFO - Processing file /home/airflow/.local/lib/python3.11/site-packages/airflow/example_dags/subdags/subdag.py for tasks to queue
[2025-12-13T01:11:25.152+0000] {logging_mixin.py:188} INFO - [2025-12-13T01:11:25.152+0000] {dagbag.py:545} INFO - Filling up the DagBag from /home/airflow/.local/lib/python3.11/site-packages/airflow/example_dags/subdags/subdag.py
[2025-12-13T01:11:25.156+0000] {processor.py:842} WARNING - No viable dags retrieved from /home/airflow/.local/lib/python3.11/site-packages/airflow/example_dags/subdags/subdag.py
[2025-12-13T01:11:25.185+0000] {processor.py:183} INFO - Processing /home/airflow/.local/lib/python3.11/site-packages/airflow/example_dags/subdags/subdag.py took 0.050 seconds
[2025-12-13T01:11:55.321+0000] {processor.py:161} INFO - Started process (PID=730) to work on /home/airflow/.local/lib/python3.11/site-packages/airflow/example_dags/subdags/subdag.py
[2025-12-13T01:11:55.323+0000] {processor.py:830} INFO - Processing file /home/airflow/.local/lib/python3.11/site-packages/airflow/example_dags/subdags/subdag.py for tasks to queue
[2025-12-13T01:11:55.326+0000] {logging_mixin.py:188} INFO - [2025-12-13T01:11:55.325+0000] {dagbag.py:545} INFO - Filling up the DagBag from /home/airflow/.local/lib/python3.11/site-packages/airflow/example_dags/subdags/subdag.py
[2025-12-13T01:11:55.330+0000] {processor.py:842} WARNING - No viable dags retrieved from /home/airflow/.local/lib/python3.11/site-packages/airflow/example_dags/subdags/subdag.py
[2025-12-13T01:11:55.360+0000] {processor.py:183} INFO - Processing /home/airflow/.local/lib/python3.11/site-packages/airflow/example_dags/subdags/subdag.py took 0.052 seconds
[2025-12-13T01:12:25.874+0000] {processor.py:161} INFO - Started process (PID=790) to work on /home/airflow/.local/lib/python3.11/site-packages/airflow/example_dags/subdags/subdag.py
[2025-12-13T01:12:25.876+0000] {processor.py:830} INFO - Processing file /home/airflow/.local/lib/python3.11/site-packages/airflow/example_dags/subdags/subdag.py for tasks to queue
[2025-12-13T01:12:25.880+0000] {logging_mixin.py:188} INFO - [2025-12-13T01:12:25.879+0000] {dagbag.py:545} INFO - Filling up the DagBag from /home/airflow/.local/lib/python3.11/site-packages/airflow/example_dags/subdags/subdag.py
[2025-12-13T01:12:25.884+0000] {processor.py:842} WARNING - No viable dags retrieved from /home/airflow/.local/lib/python3.11/site-packages/airflow/example_dags/subdags/subdag.py
[2025-12-13T01:12:25.911+0000] {processor.py:183} INFO - Processing /home/airflow/.local/lib/python3.11/site-packages/airflow/example_dags/subdags/subdag.py took 0.050 seconds
[2025-12-13T01:14:31.803+0000] {processor.py:161} INFO - Started process (PID=128) to work on /home/airflow/.local/lib/python3.11/site-packages/airflow/example_dags/subdags/subdag.py
[2025-12-13T01:14:31.805+0000] {processor.py:830} INFO - Processing file /home/airflow/.local/lib/python3.11/site-packages/airflow/example_dags/subdags/subdag.py for tasks to queue
[2025-12-13T01:14:31.809+0000] {logging_mixin.py:188} INFO - [2025-12-13T01:14:31.808+0000] {dagbag.py:545} INFO - Filling up the DagBag from /home/airflow/.local/lib/python3.11/site-packages/airflow/example_dags/subdags/subdag.py
[2025-12-13T01:14:31.813+0000] {processor.py:842} WARNING - No viable dags retrieved from /home/airflow/.local/lib/python3.11/site-packages/airflow/example_dags/subdags/subdag.py
[2025-12-13T01:14:31.844+0000] {processor.py:183} INFO - Processing /home/airflow/.local/lib/python3.11/site-packages/airflow/example_dags/subdags/subdag.py took 0.055 seconds
[2025-12-13T01:15:02.351+0000] {processor.py:161} INFO - Started process (PID=188) to work on /home/airflow/.local/lib/python3.11/site-packages/airflow/example_dags/subdags/subdag.py
[2025-12-13T01:15:02.354+0000] {processor.py:830} INFO - Processing file /home/airflow/.local/lib/python3.11/site-packages/airflow/example_dags/subdags/subdag.py for tasks to queue
[2025-12-13T01:15:02.358+0000] {logging_mixin.py:188} INFO - [2025-12-13T01:15:02.357+0000] {dagbag.py:545} INFO - Filling up the DagBag from /home/airflow/.local/lib/python3.11/site-packages/airflow/example_dags/subdags/subdag.py
[2025-12-13T01:15:02.362+0000] {processor.py:842} WARNING - No viable dags retrieved from /home/airflow/.local/lib/python3.11/site-packages/airflow/example_dags/subdags/subdag.py
[2025-12-13T01:15:02.391+0000] {processor.py:183} INFO - Processing /home/airflow/.local/lib/python3.11/site-packages/airflow/example_dags/subdags/subdag.py took 0.052 seconds
[2025-12-13T01:15:32.719+0000] {processor.py:161} INFO - Started process (PID=249) to work on /home/airflow/.local/lib/python3.11/site-packages/airflow/example_dags/subdags/subdag.py
[2025-12-13T01:15:32.723+0000] {processor.py:830} INFO - Processing file /home/airflow/.local/lib/python3.11/site-packages/airflow/example_dags/subdags/subdag.py for tasks to queue
[2025-12-13T01:15:32.728+0000] {logging_mixin.py:188} INFO - [2025-12-13T01:15:32.727+0000] {dagbag.py:545} INFO - Filling up the DagBag from /home/airflow/.local/lib/python3.11/site-packages/airflow/example_dags/subdags/subdag.py
[2025-12-13T01:15:32.733+0000] {processor.py:842} WARNING - No viable dags retrieved from /home/airflow/.local/lib/python3.11/site-packages/airflow/example_dags/subdags/subdag.py
[2025-12-13T01:15:32.766+0000] {processor.py:183} INFO - Processing /home/airflow/.local/lib/python3.11/site-packages/airflow/example_dags/subdags/subdag.py took 0.063 seconds
[2025-12-13T01:16:03.779+0000] {processor.py:161} INFO - Started process (PID=310) to work on /home/airflow/.local/lib/python3.11/site-packages/airflow/example_dags/subdags/subdag.py
[2025-12-13T01:16:03.782+0000] {processor.py:830} INFO - Processing file /home/airflow/.local/lib/python3.11/site-packages/airflow/example_dags/subdags/subdag.py for tasks to queue
[2025-12-13T01:16:03.785+0000] {logging_mixin.py:188} INFO - [2025-12-13T01:16:03.784+0000] {dagbag.py:545} INFO - Filling up the DagBag from /home/airflow/.local/lib/python3.11/site-packages/airflow/example_dags/subdags/subdag.py
[2025-12-13T01:16:03.789+0000] {processor.py:842} WARNING - No viable dags retrieved from /home/airflow/.local/lib/python3.11/site-packages/airflow/example_dags/subdags/subdag.py
[2025-12-13T01:16:03.818+0000] {processor.py:183} INFO - Processing /home/airflow/.local/lib/python3.11/site-packages/airflow/example_dags/subdags/subdag.py took 0.053 seconds
[2025-12-13T01:16:34.206+0000] {processor.py:161} INFO - Started process (PID=371) to work on /home/airflow/.local/lib/python3.11/site-packages/airflow/example_dags/subdags/subdag.py
[2025-12-13T01:16:34.209+0000] {processor.py:830} INFO - Processing file /home/airflow/.local/lib/python3.11/site-packages/airflow/example_dags/subdags/subdag.py for tasks to queue
[2025-12-13T01:16:34.213+0000] {logging_mixin.py:188} INFO - [2025-12-13T01:16:34.212+0000] {dagbag.py:545} INFO - Filling up the DagBag from /home/airflow/.local/lib/python3.11/site-packages/airflow/example_dags/subdags/subdag.py
[2025-12-13T01:16:34.217+0000] {processor.py:842} WARNING - No viable dags retrieved from /home/airflow/.local/lib/python3.11/site-packages/airflow/example_dags/subdags/subdag.py
[2025-12-13T01:16:34.245+0000] {processor.py:183} INFO - Processing /home/airflow/.local/lib/python3.11/site-packages/airflow/example_dags/subdags/subdag.py took 0.053 seconds
[2025-12-13T01:17:05.467+0000] {processor.py:161} INFO - Started process (PID=432) to work on /home/airflow/.local/lib/python3.11/site-packages/airflow/example_dags/subdags/subdag.py
[2025-12-13T01:17:05.470+0000] {processor.py:830} INFO - Processing file /home/airflow/.local/lib/python3.11/site-packages/airflow/example_dags/subdags/subdag.py for tasks to queue
[2025-12-13T01:17:05.474+0000] {logging_mixin.py:188} INFO - [2025-12-13T01:17:05.473+0000] {dagbag.py:545} INFO - Filling up the DagBag from /home/airflow/.local/lib/python3.11/site-packages/airflow/example_dags/subdags/subdag.py
[2025-12-13T01:17:05.478+0000] {processor.py:842} WARNING - No viable dags retrieved from /home/airflow/.local/lib/python3.11/site-packages/airflow/example_dags/subdags/subdag.py
[2025-12-13T01:17:05.505+0000] {processor.py:183} INFO - Processing /home/airflow/.local/lib/python3.11/site-packages/airflow/example_dags/subdags/subdag.py took 0.051 seconds
[2025-12-13T01:19:25.039+0000] {processor.py:161} INFO - Started process (PID=130) to work on /home/airflow/.local/lib/python3.11/site-packages/airflow/example_dags/subdags/subdag.py
[2025-12-13T01:19:25.041+0000] {processor.py:830} INFO - Processing file /home/airflow/.local/lib/python3.11/site-packages/airflow/example_dags/subdags/subdag.py for tasks to queue
[2025-12-13T01:19:25.045+0000] {logging_mixin.py:188} INFO - [2025-12-13T01:19:25.045+0000] {dagbag.py:545} INFO - Filling up the DagBag from /home/airflow/.local/lib/python3.11/site-packages/airflow/example_dags/subdags/subdag.py
[2025-12-13T01:19:25.050+0000] {processor.py:842} WARNING - No viable dags retrieved from /home/airflow/.local/lib/python3.11/site-packages/airflow/example_dags/subdags/subdag.py
[2025-12-13T01:19:25.083+0000] {processor.py:183} INFO - Processing /home/airflow/.local/lib/python3.11/site-packages/airflow/example_dags/subdags/subdag.py took 0.058 seconds
[2025-12-13T01:19:55.220+0000] {processor.py:161} INFO - Started process (PID=187) to work on /home/airflow/.local/lib/python3.11/site-packages/airflow/example_dags/subdags/subdag.py
[2025-12-13T01:19:55.225+0000] {processor.py:830} INFO - Processing file /home/airflow/.local/lib/python3.11/site-packages/airflow/example_dags/subdags/subdag.py for tasks to queue
[2025-12-13T01:19:55.229+0000] {logging_mixin.py:188} INFO - [2025-12-13T01:19:55.228+0000] {dagbag.py:545} INFO - Filling up the DagBag from /home/airflow/.local/lib/python3.11/site-packages/airflow/example_dags/subdags/subdag.py
[2025-12-13T01:19:55.233+0000] {processor.py:842} WARNING - No viable dags retrieved from /home/airflow/.local/lib/python3.11/site-packages/airflow/example_dags/subdags/subdag.py
[2025-12-13T01:19:55.262+0000] {processor.py:183} INFO - Processing /home/airflow/.local/lib/python3.11/site-packages/airflow/example_dags/subdags/subdag.py took 0.057 seconds
[2025-12-13T01:20:26.869+0000] {processor.py:161} INFO - Started process (PID=249) to work on /home/airflow/.local/lib/python3.11/site-packages/airflow/example_dags/subdags/subdag.py
[2025-12-13T01:20:26.872+0000] {processor.py:830} INFO - Processing file /home/airflow/.local/lib/python3.11/site-packages/airflow/example_dags/subdags/subdag.py for tasks to queue
[2025-12-13T01:20:26.876+0000] {logging_mixin.py:188} INFO - [2025-12-13T01:20:26.875+0000] {dagbag.py:545} INFO - Filling up the DagBag from /home/airflow/.local/lib/python3.11/site-packages/airflow/example_dags/subdags/subdag.py
[2025-12-13T01:20:26.880+0000] {processor.py:842} WARNING - No viable dags retrieved from /home/airflow/.local/lib/python3.11/site-packages/airflow/example_dags/subdags/subdag.py
[2025-12-13T01:20:26.910+0000] {processor.py:183} INFO - Processing /home/airflow/.local/lib/python3.11/site-packages/airflow/example_dags/subdags/subdag.py took 0.055 seconds
[2025-12-13T01:20:57.341+0000] {processor.py:161} INFO - Started process (PID=306) to work on /home/airflow/.local/lib/python3.11/site-packages/airflow/example_dags/subdags/subdag.py
[2025-12-13T01:20:57.343+0000] {processor.py:830} INFO - Processing file /home/airflow/.local/lib/python3.11/site-packages/airflow/example_dags/subdags/subdag.py for tasks to queue
[2025-12-13T01:20:57.347+0000] {logging_mixin.py:188} INFO - [2025-12-13T01:20:57.346+0000] {dagbag.py:545} INFO - Filling up the DagBag from /home/airflow/.local/lib/python3.11/site-packages/airflow/example_dags/subdags/subdag.py
[2025-12-13T01:20:57.352+0000] {processor.py:842} WARNING - No viable dags retrieved from /home/airflow/.local/lib/python3.11/site-packages/airflow/example_dags/subdags/subdag.py
[2025-12-13T01:20:57.386+0000] {processor.py:183} INFO - Processing /home/airflow/.local/lib/python3.11/site-packages/airflow/example_dags/subdags/subdag.py took 0.061 seconds
[2025-12-13T01:21:27.466+0000] {processor.py:161} INFO - Started process (PID=366) to work on /home/airflow/.local/lib/python3.11/site-packages/airflow/example_dags/subdags/subdag.py
[2025-12-13T01:21:27.469+0000] {processor.py:830} INFO - Processing file /home/airflow/.local/lib/python3.11/site-packages/airflow/example_dags/subdags/subdag.py for tasks to queue
[2025-12-13T01:21:27.473+0000] {logging_mixin.py:188} INFO - [2025-12-13T01:21:27.472+0000] {dagbag.py:545} INFO - Filling up the DagBag from /home/airflow/.local/lib/python3.11/site-packages/airflow/example_dags/subdags/subdag.py
[2025-12-13T01:21:27.477+0000] {processor.py:842} WARNING - No viable dags retrieved from /home/airflow/.local/lib/python3.11/site-packages/airflow/example_dags/subdags/subdag.py
[2025-12-13T01:21:27.513+0000] {processor.py:183} INFO - Processing /home/airflow/.local/lib/python3.11/site-packages/airflow/example_dags/subdags/subdag.py took 0.061 seconds
[2025-12-13T01:21:57.572+0000] {processor.py:161} INFO - Started process (PID=424) to work on /home/airflow/.local/lib/python3.11/site-packages/airflow/example_dags/subdags/subdag.py
[2025-12-13T01:21:57.574+0000] {processor.py:830} INFO - Processing file /home/airflow/.local/lib/python3.11/site-packages/airflow/example_dags/subdags/subdag.py for tasks to queue
[2025-12-13T01:21:57.578+0000] {logging_mixin.py:188} INFO - [2025-12-13T01:21:57.577+0000] {dagbag.py:545} INFO - Filling up the DagBag from /home/airflow/.local/lib/python3.11/site-packages/airflow/example_dags/subdags/subdag.py
[2025-12-13T01:21:57.582+0000] {processor.py:842} WARNING - No viable dags retrieved from /home/airflow/.local/lib/python3.11/site-packages/airflow/example_dags/subdags/subdag.py
[2025-12-13T01:21:57.611+0000] {processor.py:183} INFO - Processing /home/airflow/.local/lib/python3.11/site-packages/airflow/example_dags/subdags/subdag.py took 0.053 seconds
[2025-12-13T01:22:27.930+0000] {processor.py:161} INFO - Started process (PID=485) to work on /home/airflow/.local/lib/python3.11/site-packages/airflow/example_dags/subdags/subdag.py
[2025-12-13T01:22:27.933+0000] {processor.py:830} INFO - Processing file /home/airflow/.local/lib/python3.11/site-packages/airflow/example_dags/subdags/subdag.py for tasks to queue
[2025-12-13T01:22:27.937+0000] {logging_mixin.py:188} INFO - [2025-12-13T01:22:27.936+0000] {dagbag.py:545} INFO - Filling up the DagBag from /home/airflow/.local/lib/python3.11/site-packages/airflow/example_dags/subdags/subdag.py
[2025-12-13T01:22:27.941+0000] {processor.py:842} WARNING - No viable dags retrieved from /home/airflow/.local/lib/python3.11/site-packages/airflow/example_dags/subdags/subdag.py
[2025-12-13T01:22:27.970+0000] {processor.py:183} INFO - Processing /home/airflow/.local/lib/python3.11/site-packages/airflow/example_dags/subdags/subdag.py took 0.055 seconds
[2025-12-13T01:22:58.143+0000] {processor.py:161} INFO - Started process (PID=543) to work on /home/airflow/.local/lib/python3.11/site-packages/airflow/example_dags/subdags/subdag.py
[2025-12-13T01:22:58.147+0000] {processor.py:830} INFO - Processing file /home/airflow/.local/lib/python3.11/site-packages/airflow/example_dags/subdags/subdag.py for tasks to queue
[2025-12-13T01:22:58.150+0000] {logging_mixin.py:188} INFO - [2025-12-13T01:22:58.149+0000] {dagbag.py:545} INFO - Filling up the DagBag from /home/airflow/.local/lib/python3.11/site-packages/airflow/example_dags/subdags/subdag.py
[2025-12-13T01:22:58.155+0000] {processor.py:842} WARNING - No viable dags retrieved from /home/airflow/.local/lib/python3.11/site-packages/airflow/example_dags/subdags/subdag.py
[2025-12-13T01:22:58.185+0000] {processor.py:183} INFO - Processing /home/airflow/.local/lib/python3.11/site-packages/airflow/example_dags/subdags/subdag.py took 0.060 seconds
[2025-12-13T01:23:28.636+0000] {processor.py:161} INFO - Started process (PID=610) to work on /home/airflow/.local/lib/python3.11/site-packages/airflow/example_dags/subdags/subdag.py
[2025-12-13T01:23:28.640+0000] {processor.py:830} INFO - Processing file /home/airflow/.local/lib/python3.11/site-packages/airflow/example_dags/subdags/subdag.py for tasks to queue
[2025-12-13T01:23:28.643+0000] {logging_mixin.py:188} INFO - [2025-12-13T01:23:28.643+0000] {dagbag.py:545} INFO - Filling up the DagBag from /home/airflow/.local/lib/python3.11/site-packages/airflow/example_dags/subdags/subdag.py
[2025-12-13T01:23:28.648+0000] {processor.py:842} WARNING - No viable dags retrieved from /home/airflow/.local/lib/python3.11/site-packages/airflow/example_dags/subdags/subdag.py
[2025-12-13T01:23:28.678+0000] {processor.py:183} INFO - Processing /home/airflow/.local/lib/python3.11/site-packages/airflow/example_dags/subdags/subdag.py took 0.055 seconds
[2025-12-13T01:25:23.585+0000] {processor.py:161} INFO - Started process (PID=130) to work on /home/airflow/.local/lib/python3.11/site-packages/airflow/example_dags/subdags/subdag.py
[2025-12-13T01:25:23.615+0000] {processor.py:830} INFO - Processing file /home/airflow/.local/lib/python3.11/site-packages/airflow/example_dags/subdags/subdag.py for tasks to queue
[2025-12-13T01:25:23.620+0000] {logging_mixin.py:188} INFO - [2025-12-13T01:25:23.619+0000] {dagbag.py:545} INFO - Filling up the DagBag from /home/airflow/.local/lib/python3.11/site-packages/airflow/example_dags/subdags/subdag.py
[2025-12-13T01:25:23.624+0000] {processor.py:842} WARNING - No viable dags retrieved from /home/airflow/.local/lib/python3.11/site-packages/airflow/example_dags/subdags/subdag.py
[2025-12-13T01:25:23.655+0000] {processor.py:183} INFO - Processing /home/airflow/.local/lib/python3.11/site-packages/airflow/example_dags/subdags/subdag.py took 0.083 seconds
[2025-12-13T01:25:54.211+0000] {processor.py:161} INFO - Started process (PID=187) to work on /home/airflow/.local/lib/python3.11/site-packages/airflow/example_dags/subdags/subdag.py
[2025-12-13T01:25:54.214+0000] {processor.py:830} INFO - Processing file /home/airflow/.local/lib/python3.11/site-packages/airflow/example_dags/subdags/subdag.py for tasks to queue
[2025-12-13T01:25:54.218+0000] {logging_mixin.py:188} INFO - [2025-12-13T01:25:54.217+0000] {dagbag.py:545} INFO - Filling up the DagBag from /home/airflow/.local/lib/python3.11/site-packages/airflow/example_dags/subdags/subdag.py
[2025-12-13T01:25:54.223+0000] {processor.py:842} WARNING - No viable dags retrieved from /home/airflow/.local/lib/python3.11/site-packages/airflow/example_dags/subdags/subdag.py
[2025-12-13T01:25:54.261+0000] {processor.py:183} INFO - Processing /home/airflow/.local/lib/python3.11/site-packages/airflow/example_dags/subdags/subdag.py took 0.065 seconds
[2025-12-13T01:26:25.015+0000] {processor.py:161} INFO - Started process (PID=247) to work on /home/airflow/.local/lib/python3.11/site-packages/airflow/example_dags/subdags/subdag.py
[2025-12-13T01:26:25.018+0000] {processor.py:830} INFO - Processing file /home/airflow/.local/lib/python3.11/site-packages/airflow/example_dags/subdags/subdag.py for tasks to queue
[2025-12-13T01:26:25.022+0000] {logging_mixin.py:188} INFO - [2025-12-13T01:26:25.021+0000] {dagbag.py:545} INFO - Filling up the DagBag from /home/airflow/.local/lib/python3.11/site-packages/airflow/example_dags/subdags/subdag.py
[2025-12-13T01:26:25.026+0000] {processor.py:842} WARNING - No viable dags retrieved from /home/airflow/.local/lib/python3.11/site-packages/airflow/example_dags/subdags/subdag.py
[2025-12-13T01:26:25.056+0000] {processor.py:183} INFO - Processing /home/airflow/.local/lib/python3.11/site-packages/airflow/example_dags/subdags/subdag.py took 0.054 seconds
[2025-12-13T01:26:55.783+0000] {processor.py:161} INFO - Started process (PID=305) to work on /home/airflow/.local/lib/python3.11/site-packages/airflow/example_dags/subdags/subdag.py
[2025-12-13T01:26:55.784+0000] {processor.py:830} INFO - Processing file /home/airflow/.local/lib/python3.11/site-packages/airflow/example_dags/subdags/subdag.py for tasks to queue
[2025-12-13T01:26:55.788+0000] {logging_mixin.py:188} INFO - [2025-12-13T01:26:55.787+0000] {dagbag.py:545} INFO - Filling up the DagBag from /home/airflow/.local/lib/python3.11/site-packages/airflow/example_dags/subdags/subdag.py
[2025-12-13T01:26:55.792+0000] {processor.py:842} WARNING - No viable dags retrieved from /home/airflow/.local/lib/python3.11/site-packages/airflow/example_dags/subdags/subdag.py
[2025-12-13T01:26:55.820+0000] {processor.py:183} INFO - Processing /home/airflow/.local/lib/python3.11/site-packages/airflow/example_dags/subdags/subdag.py took 0.051 seconds
[2025-12-13T01:27:26.423+0000] {processor.py:161} INFO - Started process (PID=367) to work on /home/airflow/.local/lib/python3.11/site-packages/airflow/example_dags/subdags/subdag.py
[2025-12-13T01:27:26.426+0000] {processor.py:830} INFO - Processing file /home/airflow/.local/lib/python3.11/site-packages/airflow/example_dags/subdags/subdag.py for tasks to queue
[2025-12-13T01:27:26.430+0000] {logging_mixin.py:188} INFO - [2025-12-13T01:27:26.429+0000] {dagbag.py:545} INFO - Filling up the DagBag from /home/airflow/.local/lib/python3.11/site-packages/airflow/example_dags/subdags/subdag.py
[2025-12-13T01:27:26.434+0000] {processor.py:842} WARNING - No viable dags retrieved from /home/airflow/.local/lib/python3.11/site-packages/airflow/example_dags/subdags/subdag.py
[2025-12-13T01:27:26.463+0000] {processor.py:183} INFO - Processing /home/airflow/.local/lib/python3.11/site-packages/airflow/example_dags/subdags/subdag.py took 0.054 seconds
[2025-12-13T01:32:03.899+0000] {processor.py:161} INFO - Started process (PID=128) to work on /home/airflow/.local/lib/python3.11/site-packages/airflow/example_dags/subdags/subdag.py
[2025-12-13T01:32:03.902+0000] {processor.py:830} INFO - Processing file /home/airflow/.local/lib/python3.11/site-packages/airflow/example_dags/subdags/subdag.py for tasks to queue
[2025-12-13T01:32:03.906+0000] {logging_mixin.py:188} INFO - [2025-12-13T01:32:03.905+0000] {dagbag.py:545} INFO - Filling up the DagBag from /home/airflow/.local/lib/python3.11/site-packages/airflow/example_dags/subdags/subdag.py
[2025-12-13T01:32:03.910+0000] {processor.py:842} WARNING - No viable dags retrieved from /home/airflow/.local/lib/python3.11/site-packages/airflow/example_dags/subdags/subdag.py
[2025-12-13T01:32:03.943+0000] {processor.py:183} INFO - Processing /home/airflow/.local/lib/python3.11/site-packages/airflow/example_dags/subdags/subdag.py took 0.058 seconds
[2025-12-13T01:32:34.093+0000] {processor.py:161} INFO - Started process (PID=188) to work on /home/airflow/.local/lib/python3.11/site-packages/airflow/example_dags/subdags/subdag.py
[2025-12-13T01:32:34.096+0000] {processor.py:830} INFO - Processing file /home/airflow/.local/lib/python3.11/site-packages/airflow/example_dags/subdags/subdag.py for tasks to queue
[2025-12-13T01:32:34.100+0000] {logging_mixin.py:188} INFO - [2025-12-13T01:32:34.099+0000] {dagbag.py:545} INFO - Filling up the DagBag from /home/airflow/.local/lib/python3.11/site-packages/airflow/example_dags/subdags/subdag.py
[2025-12-13T01:32:34.104+0000] {processor.py:842} WARNING - No viable dags retrieved from /home/airflow/.local/lib/python3.11/site-packages/airflow/example_dags/subdags/subdag.py
[2025-12-13T01:32:34.134+0000] {processor.py:183} INFO - Processing /home/airflow/.local/lib/python3.11/site-packages/airflow/example_dags/subdags/subdag.py took 0.053 seconds
[2025-12-13T01:33:04.565+0000] {processor.py:161} INFO - Started process (PID=249) to work on /home/airflow/.local/lib/python3.11/site-packages/airflow/example_dags/subdags/subdag.py
[2025-12-13T01:33:04.569+0000] {processor.py:830} INFO - Processing file /home/airflow/.local/lib/python3.11/site-packages/airflow/example_dags/subdags/subdag.py for tasks to queue
[2025-12-13T01:33:04.572+0000] {logging_mixin.py:188} INFO - [2025-12-13T01:33:04.572+0000] {dagbag.py:545} INFO - Filling up the DagBag from /home/airflow/.local/lib/python3.11/site-packages/airflow/example_dags/subdags/subdag.py
[2025-12-13T01:33:04.576+0000] {processor.py:842} WARNING - No viable dags retrieved from /home/airflow/.local/lib/python3.11/site-packages/airflow/example_dags/subdags/subdag.py
[2025-12-13T01:33:04.603+0000] {processor.py:183} INFO - Processing /home/airflow/.local/lib/python3.11/site-packages/airflow/example_dags/subdags/subdag.py took 0.050 seconds
[2025-12-13T01:33:35.433+0000] {processor.py:161} INFO - Started process (PID=310) to work on /home/airflow/.local/lib/python3.11/site-packages/airflow/example_dags/subdags/subdag.py
[2025-12-13T01:33:35.436+0000] {processor.py:830} INFO - Processing file /home/airflow/.local/lib/python3.11/site-packages/airflow/example_dags/subdags/subdag.py for tasks to queue
[2025-12-13T01:33:35.440+0000] {logging_mixin.py:188} INFO - [2025-12-13T01:33:35.439+0000] {dagbag.py:545} INFO - Filling up the DagBag from /home/airflow/.local/lib/python3.11/site-packages/airflow/example_dags/subdags/subdag.py
[2025-12-13T01:33:35.444+0000] {processor.py:842} WARNING - No viable dags retrieved from /home/airflow/.local/lib/python3.11/site-packages/airflow/example_dags/subdags/subdag.py
[2025-12-13T01:33:35.477+0000] {processor.py:183} INFO - Processing /home/airflow/.local/lib/python3.11/site-packages/airflow/example_dags/subdags/subdag.py took 0.057 seconds
[2025-12-13T01:34:07.082+0000] {processor.py:161} INFO - Started process (PID=371) to work on /home/airflow/.local/lib/python3.11/site-packages/airflow/example_dags/subdags/subdag.py
[2025-12-13T01:34:07.085+0000] {processor.py:830} INFO - Processing file /home/airflow/.local/lib/python3.11/site-packages/airflow/example_dags/subdags/subdag.py for tasks to queue
[2025-12-13T01:34:07.088+0000] {logging_mixin.py:188} INFO - [2025-12-13T01:34:07.088+0000] {dagbag.py:545} INFO - Filling up the DagBag from /home/airflow/.local/lib/python3.11/site-packages/airflow/example_dags/subdags/subdag.py
[2025-12-13T01:34:07.093+0000] {processor.py:842} WARNING - No viable dags retrieved from /home/airflow/.local/lib/python3.11/site-packages/airflow/example_dags/subdags/subdag.py
[2025-12-13T01:34:07.121+0000] {processor.py:183} INFO - Processing /home/airflow/.local/lib/python3.11/site-packages/airflow/example_dags/subdags/subdag.py took 0.053 seconds
[2025-12-13T01:34:38.079+0000] {processor.py:161} INFO - Started process (PID=431) to work on /home/airflow/.local/lib/python3.11/site-packages/airflow/example_dags/subdags/subdag.py
[2025-12-13T01:34:38.082+0000] {processor.py:830} INFO - Processing file /home/airflow/.local/lib/python3.11/site-packages/airflow/example_dags/subdags/subdag.py for tasks to queue
[2025-12-13T01:34:38.086+0000] {logging_mixin.py:188} INFO - [2025-12-13T01:34:38.085+0000] {dagbag.py:545} INFO - Filling up the DagBag from /home/airflow/.local/lib/python3.11/site-packages/airflow/example_dags/subdags/subdag.py
[2025-12-13T01:34:38.090+0000] {processor.py:842} WARNING - No viable dags retrieved from /home/airflow/.local/lib/python3.11/site-packages/airflow/example_dags/subdags/subdag.py
[2025-12-13T01:34:38.120+0000] {processor.py:183} INFO - Processing /home/airflow/.local/lib/python3.11/site-packages/airflow/example_dags/subdags/subdag.py took 0.056 seconds
[2025-12-13T01:39:37.257+0000] {processor.py:161} INFO - Started process (PID=128) to work on /home/airflow/.local/lib/python3.11/site-packages/airflow/example_dags/subdags/subdag.py
[2025-12-13T01:39:37.260+0000] {processor.py:830} INFO - Processing file /home/airflow/.local/lib/python3.11/site-packages/airflow/example_dags/subdags/subdag.py for tasks to queue
[2025-12-13T01:39:37.265+0000] {logging_mixin.py:188} INFO - [2025-12-13T01:39:37.264+0000] {dagbag.py:545} INFO - Filling up the DagBag from /home/airflow/.local/lib/python3.11/site-packages/airflow/example_dags/subdags/subdag.py
[2025-12-13T01:39:37.271+0000] {processor.py:842} WARNING - No viable dags retrieved from /home/airflow/.local/lib/python3.11/site-packages/airflow/example_dags/subdags/subdag.py
[2025-12-13T01:39:37.305+0000] {processor.py:183} INFO - Processing /home/airflow/.local/lib/python3.11/site-packages/airflow/example_dags/subdags/subdag.py took 0.064 seconds
[2025-12-13T01:40:07.780+0000] {processor.py:161} INFO - Started process (PID=188) to work on /home/airflow/.local/lib/python3.11/site-packages/airflow/example_dags/subdags/subdag.py
[2025-12-13T01:40:07.782+0000] {processor.py:830} INFO - Processing file /home/airflow/.local/lib/python3.11/site-packages/airflow/example_dags/subdags/subdag.py for tasks to queue
[2025-12-13T01:40:07.786+0000] {logging_mixin.py:188} INFO - [2025-12-13T01:40:07.785+0000] {dagbag.py:545} INFO - Filling up the DagBag from /home/airflow/.local/lib/python3.11/site-packages/airflow/example_dags/subdags/subdag.py
[2025-12-13T01:40:07.790+0000] {processor.py:842} WARNING - No viable dags retrieved from /home/airflow/.local/lib/python3.11/site-packages/airflow/example_dags/subdags/subdag.py
[2025-12-13T01:40:07.820+0000] {processor.py:183} INFO - Processing /home/airflow/.local/lib/python3.11/site-packages/airflow/example_dags/subdags/subdag.py took 0.054 seconds
[2025-12-13T01:40:38.090+0000] {processor.py:161} INFO - Started process (PID=249) to work on /home/airflow/.local/lib/python3.11/site-packages/airflow/example_dags/subdags/subdag.py
[2025-12-13T01:40:38.093+0000] {processor.py:830} INFO - Processing file /home/airflow/.local/lib/python3.11/site-packages/airflow/example_dags/subdags/subdag.py for tasks to queue
[2025-12-13T01:40:38.097+0000] {logging_mixin.py:188} INFO - [2025-12-13T01:40:38.096+0000] {dagbag.py:545} INFO - Filling up the DagBag from /home/airflow/.local/lib/python3.11/site-packages/airflow/example_dags/subdags/subdag.py
[2025-12-13T01:40:38.101+0000] {processor.py:842} WARNING - No viable dags retrieved from /home/airflow/.local/lib/python3.11/site-packages/airflow/example_dags/subdags/subdag.py
[2025-12-13T01:40:38.128+0000] {processor.py:183} INFO - Processing /home/airflow/.local/lib/python3.11/site-packages/airflow/example_dags/subdags/subdag.py took 0.051 seconds
[2025-12-13T01:41:09.383+0000] {processor.py:161} INFO - Started process (PID=310) to work on /home/airflow/.local/lib/python3.11/site-packages/airflow/example_dags/subdags/subdag.py
[2025-12-13T01:41:09.386+0000] {processor.py:830} INFO - Processing file /home/airflow/.local/lib/python3.11/site-packages/airflow/example_dags/subdags/subdag.py for tasks to queue
[2025-12-13T01:41:09.390+0000] {logging_mixin.py:188} INFO - [2025-12-13T01:41:09.389+0000] {dagbag.py:545} INFO - Filling up the DagBag from /home/airflow/.local/lib/python3.11/site-packages/airflow/example_dags/subdags/subdag.py
[2025-12-13T01:41:09.394+0000] {processor.py:842} WARNING - No viable dags retrieved from /home/airflow/.local/lib/python3.11/site-packages/airflow/example_dags/subdags/subdag.py
[2025-12-13T01:41:09.425+0000] {processor.py:183} INFO - Processing /home/airflow/.local/lib/python3.11/site-packages/airflow/example_dags/subdags/subdag.py took 0.055 seconds
[2025-12-13T01:41:39.985+0000] {processor.py:161} INFO - Started process (PID=371) to work on /home/airflow/.local/lib/python3.11/site-packages/airflow/example_dags/subdags/subdag.py
[2025-12-13T01:41:39.988+0000] {processor.py:830} INFO - Processing file /home/airflow/.local/lib/python3.11/site-packages/airflow/example_dags/subdags/subdag.py for tasks to queue
[2025-12-13T01:41:39.991+0000] {logging_mixin.py:188} INFO - [2025-12-13T01:41:39.990+0000] {dagbag.py:545} INFO - Filling up the DagBag from /home/airflow/.local/lib/python3.11/site-packages/airflow/example_dags/subdags/subdag.py
[2025-12-13T01:41:39.995+0000] {processor.py:842} WARNING - No viable dags retrieved from /home/airflow/.local/lib/python3.11/site-packages/airflow/example_dags/subdags/subdag.py
[2025-12-13T01:41:40.023+0000] {processor.py:183} INFO - Processing /home/airflow/.local/lib/python3.11/site-packages/airflow/example_dags/subdags/subdag.py took 0.052 seconds
[2025-12-13T01:42:10.759+0000] {processor.py:161} INFO - Started process (PID=431) to work on /home/airflow/.local/lib/python3.11/site-packages/airflow/example_dags/subdags/subdag.py
[2025-12-13T01:42:10.762+0000] {processor.py:830} INFO - Processing file /home/airflow/.local/lib/python3.11/site-packages/airflow/example_dags/subdags/subdag.py for tasks to queue
[2025-12-13T01:42:10.766+0000] {logging_mixin.py:188} INFO - [2025-12-13T01:42:10.765+0000] {dagbag.py:545} INFO - Filling up the DagBag from /home/airflow/.local/lib/python3.11/site-packages/airflow/example_dags/subdags/subdag.py
[2025-12-13T01:42:10.770+0000] {processor.py:842} WARNING - No viable dags retrieved from /home/airflow/.local/lib/python3.11/site-packages/airflow/example_dags/subdags/subdag.py
[2025-12-13T01:42:10.800+0000] {processor.py:183} INFO - Processing /home/airflow/.local/lib/python3.11/site-packages/airflow/example_dags/subdags/subdag.py took 0.054 seconds
[2025-12-13T01:42:40.880+0000] {processor.py:161} INFO - Started process (PID=490) to work on /home/airflow/.local/lib/python3.11/site-packages/airflow/example_dags/subdags/subdag.py
[2025-12-13T01:42:40.883+0000] {processor.py:830} INFO - Processing file /home/airflow/.local/lib/python3.11/site-packages/airflow/example_dags/subdags/subdag.py for tasks to queue
[2025-12-13T01:42:40.888+0000] {logging_mixin.py:188} INFO - [2025-12-13T01:42:40.887+0000] {dagbag.py:545} INFO - Filling up the DagBag from /home/airflow/.local/lib/python3.11/site-packages/airflow/example_dags/subdags/subdag.py
[2025-12-13T01:42:40.893+0000] {processor.py:842} WARNING - No viable dags retrieved from /home/airflow/.local/lib/python3.11/site-packages/airflow/example_dags/subdags/subdag.py
[2025-12-13T01:42:40.928+0000] {processor.py:183} INFO - Processing /home/airflow/.local/lib/python3.11/site-packages/airflow/example_dags/subdags/subdag.py took 0.064 seconds
[2025-12-13T01:43:11.270+0000] {processor.py:161} INFO - Started process (PID=552) to work on /home/airflow/.local/lib/python3.11/site-packages/airflow/example_dags/subdags/subdag.py
[2025-12-13T01:43:11.276+0000] {processor.py:830} INFO - Processing file /home/airflow/.local/lib/python3.11/site-packages/airflow/example_dags/subdags/subdag.py for tasks to queue
[2025-12-13T01:43:11.281+0000] {logging_mixin.py:188} INFO - [2025-12-13T01:43:11.280+0000] {dagbag.py:545} INFO - Filling up the DagBag from /home/airflow/.local/lib/python3.11/site-packages/airflow/example_dags/subdags/subdag.py
[2025-12-13T01:43:11.286+0000] {processor.py:842} WARNING - No viable dags retrieved from /home/airflow/.local/lib/python3.11/site-packages/airflow/example_dags/subdags/subdag.py
[2025-12-13T01:43:11.318+0000] {processor.py:183} INFO - Processing /home/airflow/.local/lib/python3.11/site-packages/airflow/example_dags/subdags/subdag.py took 0.065 seconds
[2025-12-13T01:43:41.900+0000] {processor.py:161} INFO - Started process (PID=613) to work on /home/airflow/.local/lib/python3.11/site-packages/airflow/example_dags/subdags/subdag.py
[2025-12-13T01:43:41.903+0000] {processor.py:830} INFO - Processing file /home/airflow/.local/lib/python3.11/site-packages/airflow/example_dags/subdags/subdag.py for tasks to queue
[2025-12-13T01:43:41.906+0000] {logging_mixin.py:188} INFO - [2025-12-13T01:43:41.906+0000] {dagbag.py:545} INFO - Filling up the DagBag from /home/airflow/.local/lib/python3.11/site-packages/airflow/example_dags/subdags/subdag.py
[2025-12-13T01:43:41.910+0000] {processor.py:842} WARNING - No viable dags retrieved from /home/airflow/.local/lib/python3.11/site-packages/airflow/example_dags/subdags/subdag.py
[2025-12-13T01:43:41.936+0000] {processor.py:183} INFO - Processing /home/airflow/.local/lib/python3.11/site-packages/airflow/example_dags/subdags/subdag.py took 0.048 seconds
[2025-12-13T01:44:12.521+0000] {processor.py:161} INFO - Started process (PID=674) to work on /home/airflow/.local/lib/python3.11/site-packages/airflow/example_dags/subdags/subdag.py
[2025-12-13T01:44:12.525+0000] {processor.py:830} INFO - Processing file /home/airflow/.local/lib/python3.11/site-packages/airflow/example_dags/subdags/subdag.py for tasks to queue
[2025-12-13T01:44:12.530+0000] {logging_mixin.py:188} INFO - [2025-12-13T01:44:12.529+0000] {dagbag.py:545} INFO - Filling up the DagBag from /home/airflow/.local/lib/python3.11/site-packages/airflow/example_dags/subdags/subdag.py
[2025-12-13T01:44:12.536+0000] {processor.py:842} WARNING - No viable dags retrieved from /home/airflow/.local/lib/python3.11/site-packages/airflow/example_dags/subdags/subdag.py
[2025-12-13T01:44:12.578+0000] {processor.py:183} INFO - Processing /home/airflow/.local/lib/python3.11/site-packages/airflow/example_dags/subdags/subdag.py took 0.070 seconds
[2025-12-13T01:44:43.449+0000] {processor.py:161} INFO - Started process (PID=735) to work on /home/airflow/.local/lib/python3.11/site-packages/airflow/example_dags/subdags/subdag.py
[2025-12-13T01:44:43.452+0000] {processor.py:830} INFO - Processing file /home/airflow/.local/lib/python3.11/site-packages/airflow/example_dags/subdags/subdag.py for tasks to queue
[2025-12-13T01:44:43.456+0000] {logging_mixin.py:188} INFO - [2025-12-13T01:44:43.455+0000] {dagbag.py:545} INFO - Filling up the DagBag from /home/airflow/.local/lib/python3.11/site-packages/airflow/example_dags/subdags/subdag.py
[2025-12-13T01:44:43.459+0000] {processor.py:842} WARNING - No viable dags retrieved from /home/airflow/.local/lib/python3.11/site-packages/airflow/example_dags/subdags/subdag.py
[2025-12-13T01:44:43.484+0000] {processor.py:183} INFO - Processing /home/airflow/.local/lib/python3.11/site-packages/airflow/example_dags/subdags/subdag.py took 0.047 seconds
[2025-12-13T01:48:57.694+0000] {processor.py:161} INFO - Started process (PID=128) to work on /home/airflow/.local/lib/python3.11/site-packages/airflow/example_dags/subdags/subdag.py
[2025-12-13T01:48:57.697+0000] {processor.py:830} INFO - Processing file /home/airflow/.local/lib/python3.11/site-packages/airflow/example_dags/subdags/subdag.py for tasks to queue
[2025-12-13T01:48:57.700+0000] {logging_mixin.py:188} INFO - [2025-12-13T01:48:57.700+0000] {dagbag.py:545} INFO - Filling up the DagBag from /home/airflow/.local/lib/python3.11/site-packages/airflow/example_dags/subdags/subdag.py
[2025-12-13T01:48:57.704+0000] {processor.py:842} WARNING - No viable dags retrieved from /home/airflow/.local/lib/python3.11/site-packages/airflow/example_dags/subdags/subdag.py
[2025-12-13T01:48:57.737+0000] {processor.py:183} INFO - Processing /home/airflow/.local/lib/python3.11/site-packages/airflow/example_dags/subdags/subdag.py took 0.057 seconds
[2025-12-13T01:49:28.333+0000] {processor.py:161} INFO - Started process (PID=188) to work on /home/airflow/.local/lib/python3.11/site-packages/airflow/example_dags/subdags/subdag.py
[2025-12-13T01:49:28.336+0000] {processor.py:830} INFO - Processing file /home/airflow/.local/lib/python3.11/site-packages/airflow/example_dags/subdags/subdag.py for tasks to queue
[2025-12-13T01:49:28.341+0000] {logging_mixin.py:188} INFO - [2025-12-13T01:49:28.340+0000] {dagbag.py:545} INFO - Filling up the DagBag from /home/airflow/.local/lib/python3.11/site-packages/airflow/example_dags/subdags/subdag.py
[2025-12-13T01:49:28.346+0000] {processor.py:842} WARNING - No viable dags retrieved from /home/airflow/.local/lib/python3.11/site-packages/airflow/example_dags/subdags/subdag.py
[2025-12-13T01:49:28.373+0000] {processor.py:183} INFO - Processing /home/airflow/.local/lib/python3.11/site-packages/airflow/example_dags/subdags/subdag.py took 0.053 seconds
[2025-12-13T01:49:59.083+0000] {processor.py:161} INFO - Started process (PID=249) to work on /home/airflow/.local/lib/python3.11/site-packages/airflow/example_dags/subdags/subdag.py
[2025-12-13T01:49:59.086+0000] {processor.py:830} INFO - Processing file /home/airflow/.local/lib/python3.11/site-packages/airflow/example_dags/subdags/subdag.py for tasks to queue
[2025-12-13T01:49:59.089+0000] {logging_mixin.py:188} INFO - [2025-12-13T01:49:59.088+0000] {dagbag.py:545} INFO - Filling up the DagBag from /home/airflow/.local/lib/python3.11/site-packages/airflow/example_dags/subdags/subdag.py
[2025-12-13T01:49:59.094+0000] {processor.py:842} WARNING - No viable dags retrieved from /home/airflow/.local/lib/python3.11/site-packages/airflow/example_dags/subdags/subdag.py
[2025-12-13T01:49:59.124+0000] {processor.py:183} INFO - Processing /home/airflow/.local/lib/python3.11/site-packages/airflow/example_dags/subdags/subdag.py took 0.054 seconds
[2025-12-13T01:50:29.862+0000] {processor.py:161} INFO - Started process (PID=310) to work on /home/airflow/.local/lib/python3.11/site-packages/airflow/example_dags/subdags/subdag.py
[2025-12-13T01:50:29.864+0000] {processor.py:830} INFO - Processing file /home/airflow/.local/lib/python3.11/site-packages/airflow/example_dags/subdags/subdag.py for tasks to queue
[2025-12-13T01:50:29.868+0000] {logging_mixin.py:188} INFO - [2025-12-13T01:50:29.867+0000] {dagbag.py:545} INFO - Filling up the DagBag from /home/airflow/.local/lib/python3.11/site-packages/airflow/example_dags/subdags/subdag.py
[2025-12-13T01:50:29.872+0000] {processor.py:842} WARNING - No viable dags retrieved from /home/airflow/.local/lib/python3.11/site-packages/airflow/example_dags/subdags/subdag.py
[2025-12-13T01:50:29.906+0000] {processor.py:183} INFO - Processing /home/airflow/.local/lib/python3.11/site-packages/airflow/example_dags/subdags/subdag.py took 0.057 seconds
[2025-12-13T01:51:00.558+0000] {processor.py:161} INFO - Started process (PID=371) to work on /home/airflow/.local/lib/python3.11/site-packages/airflow/example_dags/subdags/subdag.py
[2025-12-13T01:51:00.562+0000] {processor.py:830} INFO - Processing file /home/airflow/.local/lib/python3.11/site-packages/airflow/example_dags/subdags/subdag.py for tasks to queue
[2025-12-13T01:51:00.568+0000] {logging_mixin.py:188} INFO - [2025-12-13T01:51:00.567+0000] {dagbag.py:545} INFO - Filling up the DagBag from /home/airflow/.local/lib/python3.11/site-packages/airflow/example_dags/subdags/subdag.py
[2025-12-13T01:51:00.575+0000] {processor.py:842} WARNING - No viable dags retrieved from /home/airflow/.local/lib/python3.11/site-packages/airflow/example_dags/subdags/subdag.py
[2025-12-13T01:51:00.611+0000] {processor.py:183} INFO - Processing /home/airflow/.local/lib/python3.11/site-packages/airflow/example_dags/subdags/subdag.py took 0.076 seconds
[2025-12-13T01:51:31.568+0000] {processor.py:161} INFO - Started process (PID=432) to work on /home/airflow/.local/lib/python3.11/site-packages/airflow/example_dags/subdags/subdag.py
[2025-12-13T01:51:31.571+0000] {processor.py:830} INFO - Processing file /home/airflow/.local/lib/python3.11/site-packages/airflow/example_dags/subdags/subdag.py for tasks to queue
[2025-12-13T01:51:31.575+0000] {logging_mixin.py:188} INFO - [2025-12-13T01:51:31.574+0000] {dagbag.py:545} INFO - Filling up the DagBag from /home/airflow/.local/lib/python3.11/site-packages/airflow/example_dags/subdags/subdag.py
[2025-12-13T01:51:31.579+0000] {processor.py:842} WARNING - No viable dags retrieved from /home/airflow/.local/lib/python3.11/site-packages/airflow/example_dags/subdags/subdag.py
[2025-12-13T01:51:31.608+0000] {processor.py:183} INFO - Processing /home/airflow/.local/lib/python3.11/site-packages/airflow/example_dags/subdags/subdag.py took 0.053 seconds
[2025-12-13T01:57:36.695+0000] {processor.py:161} INFO - Started process (PID=128) to work on /home/airflow/.local/lib/python3.11/site-packages/airflow/example_dags/subdags/subdag.py
[2025-12-13T01:57:36.698+0000] {processor.py:830} INFO - Processing file /home/airflow/.local/lib/python3.11/site-packages/airflow/example_dags/subdags/subdag.py for tasks to queue
[2025-12-13T01:57:36.701+0000] {logging_mixin.py:188} INFO - [2025-12-13T01:57:36.701+0000] {dagbag.py:545} INFO - Filling up the DagBag from /home/airflow/.local/lib/python3.11/site-packages/airflow/example_dags/subdags/subdag.py
[2025-12-13T01:57:36.706+0000] {processor.py:842} WARNING - No viable dags retrieved from /home/airflow/.local/lib/python3.11/site-packages/airflow/example_dags/subdags/subdag.py
[2025-12-13T01:57:36.738+0000] {processor.py:183} INFO - Processing /home/airflow/.local/lib/python3.11/site-packages/airflow/example_dags/subdags/subdag.py took 0.058 seconds
[2025-12-13T01:58:06.946+0000] {processor.py:161} INFO - Started process (PID=188) to work on /home/airflow/.local/lib/python3.11/site-packages/airflow/example_dags/subdags/subdag.py
[2025-12-13T01:58:06.949+0000] {processor.py:830} INFO - Processing file /home/airflow/.local/lib/python3.11/site-packages/airflow/example_dags/subdags/subdag.py for tasks to queue
[2025-12-13T01:58:06.952+0000] {logging_mixin.py:188} INFO - [2025-12-13T01:58:06.952+0000] {dagbag.py:545} INFO - Filling up the DagBag from /home/airflow/.local/lib/python3.11/site-packages/airflow/example_dags/subdags/subdag.py
[2025-12-13T01:58:06.956+0000] {processor.py:842} WARNING - No viable dags retrieved from /home/airflow/.local/lib/python3.11/site-packages/airflow/example_dags/subdags/subdag.py
[2025-12-13T01:58:06.987+0000] {processor.py:183} INFO - Processing /home/airflow/.local/lib/python3.11/site-packages/airflow/example_dags/subdags/subdag.py took 0.055 seconds
[2025-12-13T01:58:37.680+0000] {processor.py:161} INFO - Started process (PID=249) to work on /home/airflow/.local/lib/python3.11/site-packages/airflow/example_dags/subdags/subdag.py
[2025-12-13T01:58:37.683+0000] {processor.py:830} INFO - Processing file /home/airflow/.local/lib/python3.11/site-packages/airflow/example_dags/subdags/subdag.py for tasks to queue
[2025-12-13T01:58:37.687+0000] {logging_mixin.py:188} INFO - [2025-12-13T01:58:37.686+0000] {dagbag.py:545} INFO - Filling up the DagBag from /home/airflow/.local/lib/python3.11/site-packages/airflow/example_dags/subdags/subdag.py
[2025-12-13T01:58:37.691+0000] {processor.py:842} WARNING - No viable dags retrieved from /home/airflow/.local/lib/python3.11/site-packages/airflow/example_dags/subdags/subdag.py
[2025-12-13T01:58:37.719+0000] {processor.py:183} INFO - Processing /home/airflow/.local/lib/python3.11/site-packages/airflow/example_dags/subdags/subdag.py took 0.052 seconds
[2025-12-13T01:59:08.707+0000] {processor.py:161} INFO - Started process (PID=310) to work on /home/airflow/.local/lib/python3.11/site-packages/airflow/example_dags/subdags/subdag.py
[2025-12-13T01:59:08.709+0000] {processor.py:830} INFO - Processing file /home/airflow/.local/lib/python3.11/site-packages/airflow/example_dags/subdags/subdag.py for tasks to queue
[2025-12-13T01:59:08.714+0000] {logging_mixin.py:188} INFO - [2025-12-13T01:59:08.713+0000] {dagbag.py:545} INFO - Filling up the DagBag from /home/airflow/.local/lib/python3.11/site-packages/airflow/example_dags/subdags/subdag.py
[2025-12-13T01:59:08.718+0000] {processor.py:842} WARNING - No viable dags retrieved from /home/airflow/.local/lib/python3.11/site-packages/airflow/example_dags/subdags/subdag.py
[2025-12-13T01:59:08.749+0000] {processor.py:183} INFO - Processing /home/airflow/.local/lib/python3.11/site-packages/airflow/example_dags/subdags/subdag.py took 0.057 seconds
[2025-12-13T01:59:39.414+0000] {processor.py:161} INFO - Started process (PID=371) to work on /home/airflow/.local/lib/python3.11/site-packages/airflow/example_dags/subdags/subdag.py
[2025-12-13T01:59:39.416+0000] {processor.py:830} INFO - Processing file /home/airflow/.local/lib/python3.11/site-packages/airflow/example_dags/subdags/subdag.py for tasks to queue
[2025-12-13T01:59:39.420+0000] {logging_mixin.py:188} INFO - [2025-12-13T01:59:39.419+0000] {dagbag.py:545} INFO - Filling up the DagBag from /home/airflow/.local/lib/python3.11/site-packages/airflow/example_dags/subdags/subdag.py
[2025-12-13T01:59:39.423+0000] {processor.py:842} WARNING - No viable dags retrieved from /home/airflow/.local/lib/python3.11/site-packages/airflow/example_dags/subdags/subdag.py
[2025-12-13T01:59:39.454+0000] {processor.py:183} INFO - Processing /home/airflow/.local/lib/python3.11/site-packages/airflow/example_dags/subdags/subdag.py took 0.054 seconds
[2025-12-13T02:00:09.501+0000] {processor.py:161} INFO - Started process (PID=429) to work on /home/airflow/.local/lib/python3.11/site-packages/airflow/example_dags/subdags/subdag.py
[2025-12-13T02:00:09.504+0000] {processor.py:830} INFO - Processing file /home/airflow/.local/lib/python3.11/site-packages/airflow/example_dags/subdags/subdag.py for tasks to queue
[2025-12-13T02:00:09.508+0000] {logging_mixin.py:188} INFO - [2025-12-13T02:00:09.507+0000] {dagbag.py:545} INFO - Filling up the DagBag from /home/airflow/.local/lib/python3.11/site-packages/airflow/example_dags/subdags/subdag.py
[2025-12-13T02:00:09.512+0000] {processor.py:842} WARNING - No viable dags retrieved from /home/airflow/.local/lib/python3.11/site-packages/airflow/example_dags/subdags/subdag.py
[2025-12-13T02:00:09.540+0000] {processor.py:183} INFO - Processing /home/airflow/.local/lib/python3.11/site-packages/airflow/example_dags/subdags/subdag.py took 0.052 seconds
[2025-12-13T02:00:40.065+0000] {processor.py:161} INFO - Started process (PID=490) to work on /home/airflow/.local/lib/python3.11/site-packages/airflow/example_dags/subdags/subdag.py
[2025-12-13T02:00:40.068+0000] {processor.py:830} INFO - Processing file /home/airflow/.local/lib/python3.11/site-packages/airflow/example_dags/subdags/subdag.py for tasks to queue
[2025-12-13T02:00:40.071+0000] {logging_mixin.py:188} INFO - [2025-12-13T02:00:40.071+0000] {dagbag.py:545} INFO - Filling up the DagBag from /home/airflow/.local/lib/python3.11/site-packages/airflow/example_dags/subdags/subdag.py
[2025-12-13T02:00:40.075+0000] {processor.py:842} WARNING - No viable dags retrieved from /home/airflow/.local/lib/python3.11/site-packages/airflow/example_dags/subdags/subdag.py
[2025-12-13T02:00:40.102+0000] {processor.py:183} INFO - Processing /home/airflow/.local/lib/python3.11/site-packages/airflow/example_dags/subdags/subdag.py took 0.050 seconds
[2025-12-13T02:01:10.665+0000] {processor.py:161} INFO - Started process (PID=551) to work on /home/airflow/.local/lib/python3.11/site-packages/airflow/example_dags/subdags/subdag.py
[2025-12-13T02:01:10.668+0000] {processor.py:830} INFO - Processing file /home/airflow/.local/lib/python3.11/site-packages/airflow/example_dags/subdags/subdag.py for tasks to queue
[2025-12-13T02:01:10.671+0000] {logging_mixin.py:188} INFO - [2025-12-13T02:01:10.670+0000] {dagbag.py:545} INFO - Filling up the DagBag from /home/airflow/.local/lib/python3.11/site-packages/airflow/example_dags/subdags/subdag.py
[2025-12-13T02:01:10.676+0000] {processor.py:842} WARNING - No viable dags retrieved from /home/airflow/.local/lib/python3.11/site-packages/airflow/example_dags/subdags/subdag.py
[2025-12-13T02:01:10.708+0000] {processor.py:183} INFO - Processing /home/airflow/.local/lib/python3.11/site-packages/airflow/example_dags/subdags/subdag.py took 0.057 seconds
[2025-12-13T02:01:41.012+0000] {processor.py:161} INFO - Started process (PID=612) to work on /home/airflow/.local/lib/python3.11/site-packages/airflow/example_dags/subdags/subdag.py
[2025-12-13T02:01:41.014+0000] {processor.py:830} INFO - Processing file /home/airflow/.local/lib/python3.11/site-packages/airflow/example_dags/subdags/subdag.py for tasks to queue
[2025-12-13T02:01:41.018+0000] {logging_mixin.py:188} INFO - [2025-12-13T02:01:41.017+0000] {dagbag.py:545} INFO - Filling up the DagBag from /home/airflow/.local/lib/python3.11/site-packages/airflow/example_dags/subdags/subdag.py
[2025-12-13T02:01:41.022+0000] {processor.py:842} WARNING - No viable dags retrieved from /home/airflow/.local/lib/python3.11/site-packages/airflow/example_dags/subdags/subdag.py
[2025-12-13T02:01:41.048+0000] {processor.py:183} INFO - Processing /home/airflow/.local/lib/python3.11/site-packages/airflow/example_dags/subdags/subdag.py took 0.049 seconds
[2025-12-13T02:02:12.180+0000] {processor.py:161} INFO - Started process (PID=673) to work on /home/airflow/.local/lib/python3.11/site-packages/airflow/example_dags/subdags/subdag.py
[2025-12-13T02:02:12.183+0000] {processor.py:830} INFO - Processing file /home/airflow/.local/lib/python3.11/site-packages/airflow/example_dags/subdags/subdag.py for tasks to queue
[2025-12-13T02:02:12.187+0000] {logging_mixin.py:188} INFO - [2025-12-13T02:02:12.186+0000] {dagbag.py:545} INFO - Filling up the DagBag from /home/airflow/.local/lib/python3.11/site-packages/airflow/example_dags/subdags/subdag.py
[2025-12-13T02:02:12.191+0000] {processor.py:842} WARNING - No viable dags retrieved from /home/airflow/.local/lib/python3.11/site-packages/airflow/example_dags/subdags/subdag.py
[2025-12-13T02:02:12.219+0000] {processor.py:183} INFO - Processing /home/airflow/.local/lib/python3.11/site-packages/airflow/example_dags/subdags/subdag.py took 0.053 seconds
[2025-12-13T02:02:43.246+0000] {processor.py:161} INFO - Started process (PID=734) to work on /home/airflow/.local/lib/python3.11/site-packages/airflow/example_dags/subdags/subdag.py
[2025-12-13T02:02:43.249+0000] {processor.py:830} INFO - Processing file /home/airflow/.local/lib/python3.11/site-packages/airflow/example_dags/subdags/subdag.py for tasks to queue
[2025-12-13T02:02:43.252+0000] {logging_mixin.py:188} INFO - [2025-12-13T02:02:43.252+0000] {dagbag.py:545} INFO - Filling up the DagBag from /home/airflow/.local/lib/python3.11/site-packages/airflow/example_dags/subdags/subdag.py
[2025-12-13T02:02:43.256+0000] {processor.py:842} WARNING - No viable dags retrieved from /home/airflow/.local/lib/python3.11/site-packages/airflow/example_dags/subdags/subdag.py
[2025-12-13T02:02:43.282+0000] {processor.py:183} INFO - Processing /home/airflow/.local/lib/python3.11/site-packages/airflow/example_dags/subdags/subdag.py took 0.048 seconds
[2025-12-13T02:03:14.646+0000] {processor.py:161} INFO - Started process (PID=796) to work on /home/airflow/.local/lib/python3.11/site-packages/airflow/example_dags/subdags/subdag.py
[2025-12-13T02:03:14.648+0000] {processor.py:830} INFO - Processing file /home/airflow/.local/lib/python3.11/site-packages/airflow/example_dags/subdags/subdag.py for tasks to queue
[2025-12-13T02:03:14.652+0000] {logging_mixin.py:188} INFO - [2025-12-13T02:03:14.651+0000] {dagbag.py:545} INFO - Filling up the DagBag from /home/airflow/.local/lib/python3.11/site-packages/airflow/example_dags/subdags/subdag.py
[2025-12-13T02:03:14.657+0000] {processor.py:842} WARNING - No viable dags retrieved from /home/airflow/.local/lib/python3.11/site-packages/airflow/example_dags/subdags/subdag.py
[2025-12-13T02:03:14.685+0000] {processor.py:183} INFO - Processing /home/airflow/.local/lib/python3.11/site-packages/airflow/example_dags/subdags/subdag.py took 0.054 seconds
[2025-12-13T02:03:45.044+0000] {processor.py:161} INFO - Started process (PID=856) to work on /home/airflow/.local/lib/python3.11/site-packages/airflow/example_dags/subdags/subdag.py
[2025-12-13T02:03:45.047+0000] {processor.py:830} INFO - Processing file /home/airflow/.local/lib/python3.11/site-packages/airflow/example_dags/subdags/subdag.py for tasks to queue
[2025-12-13T02:03:45.051+0000] {logging_mixin.py:188} INFO - [2025-12-13T02:03:45.050+0000] {dagbag.py:545} INFO - Filling up the DagBag from /home/airflow/.local/lib/python3.11/site-packages/airflow/example_dags/subdags/subdag.py
[2025-12-13T02:03:45.055+0000] {processor.py:842} WARNING - No viable dags retrieved from /home/airflow/.local/lib/python3.11/site-packages/airflow/example_dags/subdags/subdag.py
[2025-12-13T02:03:45.081+0000] {processor.py:183} INFO - Processing /home/airflow/.local/lib/python3.11/site-packages/airflow/example_dags/subdags/subdag.py took 0.049 seconds
[2025-12-13T02:04:15.608+0000] {processor.py:161} INFO - Started process (PID=917) to work on /home/airflow/.local/lib/python3.11/site-packages/airflow/example_dags/subdags/subdag.py
[2025-12-13T02:04:15.612+0000] {processor.py:830} INFO - Processing file /home/airflow/.local/lib/python3.11/site-packages/airflow/example_dags/subdags/subdag.py for tasks to queue
[2025-12-13T02:04:15.616+0000] {logging_mixin.py:188} INFO - [2025-12-13T02:04:15.615+0000] {dagbag.py:545} INFO - Filling up the DagBag from /home/airflow/.local/lib/python3.11/site-packages/airflow/example_dags/subdags/subdag.py
[2025-12-13T02:04:15.620+0000] {processor.py:842} WARNING - No viable dags retrieved from /home/airflow/.local/lib/python3.11/site-packages/airflow/example_dags/subdags/subdag.py
[2025-12-13T02:04:15.650+0000] {processor.py:183} INFO - Processing /home/airflow/.local/lib/python3.11/site-packages/airflow/example_dags/subdags/subdag.py took 0.054 seconds
[2025-12-13T02:06:37.714+0000] {processor.py:161} INFO - Started process (PID=132) to work on /home/airflow/.local/lib/python3.11/site-packages/airflow/example_dags/subdags/subdag.py
[2025-12-13T02:06:37.717+0000] {processor.py:830} INFO - Processing file /home/airflow/.local/lib/python3.11/site-packages/airflow/example_dags/subdags/subdag.py for tasks to queue
[2025-12-13T02:06:37.721+0000] {logging_mixin.py:188} INFO - [2025-12-13T02:06:37.720+0000] {dagbag.py:545} INFO - Filling up the DagBag from /home/airflow/.local/lib/python3.11/site-packages/airflow/example_dags/subdags/subdag.py
[2025-12-13T02:06:37.725+0000] {processor.py:842} WARNING - No viable dags retrieved from /home/airflow/.local/lib/python3.11/site-packages/airflow/example_dags/subdags/subdag.py
[2025-12-13T02:06:37.756+0000] {processor.py:183} INFO - Processing /home/airflow/.local/lib/python3.11/site-packages/airflow/example_dags/subdags/subdag.py took 0.055 seconds
[2025-12-13T02:07:08.496+0000] {processor.py:161} INFO - Started process (PID=192) to work on /home/airflow/.local/lib/python3.11/site-packages/airflow/example_dags/subdags/subdag.py
[2025-12-13T02:07:08.499+0000] {processor.py:830} INFO - Processing file /home/airflow/.local/lib/python3.11/site-packages/airflow/example_dags/subdags/subdag.py for tasks to queue
[2025-12-13T02:07:08.504+0000] {logging_mixin.py:188} INFO - [2025-12-13T02:07:08.503+0000] {dagbag.py:545} INFO - Filling up the DagBag from /home/airflow/.local/lib/python3.11/site-packages/airflow/example_dags/subdags/subdag.py
[2025-12-13T02:07:08.508+0000] {processor.py:842} WARNING - No viable dags retrieved from /home/airflow/.local/lib/python3.11/site-packages/airflow/example_dags/subdags/subdag.py
[2025-12-13T02:07:08.541+0000] {processor.py:183} INFO - Processing /home/airflow/.local/lib/python3.11/site-packages/airflow/example_dags/subdags/subdag.py took 0.060 seconds
[2025-12-13T02:07:39.058+0000] {processor.py:161} INFO - Started process (PID=253) to work on /home/airflow/.local/lib/python3.11/site-packages/airflow/example_dags/subdags/subdag.py
[2025-12-13T02:07:39.061+0000] {processor.py:830} INFO - Processing file /home/airflow/.local/lib/python3.11/site-packages/airflow/example_dags/subdags/subdag.py for tasks to queue
[2025-12-13T02:07:39.065+0000] {logging_mixin.py:188} INFO - [2025-12-13T02:07:39.064+0000] {dagbag.py:545} INFO - Filling up the DagBag from /home/airflow/.local/lib/python3.11/site-packages/airflow/example_dags/subdags/subdag.py
[2025-12-13T02:07:39.069+0000] {processor.py:842} WARNING - No viable dags retrieved from /home/airflow/.local/lib/python3.11/site-packages/airflow/example_dags/subdags/subdag.py
[2025-12-13T02:07:39.097+0000] {processor.py:183} INFO - Processing /home/airflow/.local/lib/python3.11/site-packages/airflow/example_dags/subdags/subdag.py took 0.052 seconds
[2025-12-13T02:08:10.063+0000] {processor.py:161} INFO - Started process (PID=314) to work on /home/airflow/.local/lib/python3.11/site-packages/airflow/example_dags/subdags/subdag.py
[2025-12-13T02:08:10.066+0000] {processor.py:830} INFO - Processing file /home/airflow/.local/lib/python3.11/site-packages/airflow/example_dags/subdags/subdag.py for tasks to queue
[2025-12-13T02:08:10.070+0000] {logging_mixin.py:188} INFO - [2025-12-13T02:08:10.069+0000] {dagbag.py:545} INFO - Filling up the DagBag from /home/airflow/.local/lib/python3.11/site-packages/airflow/example_dags/subdags/subdag.py
[2025-12-13T02:08:10.074+0000] {processor.py:842} WARNING - No viable dags retrieved from /home/airflow/.local/lib/python3.11/site-packages/airflow/example_dags/subdags/subdag.py
[2025-12-13T02:08:10.100+0000] {processor.py:183} INFO - Processing /home/airflow/.local/lib/python3.11/site-packages/airflow/example_dags/subdags/subdag.py took 0.052 seconds
[2025-12-13T02:08:40.974+0000] {processor.py:161} INFO - Started process (PID=376) to work on /home/airflow/.local/lib/python3.11/site-packages/airflow/example_dags/subdags/subdag.py
[2025-12-13T02:08:40.978+0000] {processor.py:830} INFO - Processing file /home/airflow/.local/lib/python3.11/site-packages/airflow/example_dags/subdags/subdag.py for tasks to queue
[2025-12-13T02:08:40.981+0000] {logging_mixin.py:188} INFO - [2025-12-13T02:08:40.981+0000] {dagbag.py:545} INFO - Filling up the DagBag from /home/airflow/.local/lib/python3.11/site-packages/airflow/example_dags/subdags/subdag.py
[2025-12-13T02:08:40.985+0000] {processor.py:842} WARNING - No viable dags retrieved from /home/airflow/.local/lib/python3.11/site-packages/airflow/example_dags/subdags/subdag.py
[2025-12-13T02:08:41.011+0000] {processor.py:183} INFO - Processing /home/airflow/.local/lib/python3.11/site-packages/airflow/example_dags/subdags/subdag.py took 0.049 seconds
[2025-12-13T02:09:12.984+0000] {processor.py:161} INFO - Started process (PID=437) to work on /home/airflow/.local/lib/python3.11/site-packages/airflow/example_dags/subdags/subdag.py
[2025-12-13T02:09:12.987+0000] {processor.py:830} INFO - Processing file /home/airflow/.local/lib/python3.11/site-packages/airflow/example_dags/subdags/subdag.py for tasks to queue
[2025-12-13T02:09:12.992+0000] {logging_mixin.py:188} INFO - [2025-12-13T02:09:12.991+0000] {dagbag.py:545} INFO - Filling up the DagBag from /home/airflow/.local/lib/python3.11/site-packages/airflow/example_dags/subdags/subdag.py
[2025-12-13T02:09:12.998+0000] {processor.py:842} WARNING - No viable dags retrieved from /home/airflow/.local/lib/python3.11/site-packages/airflow/example_dags/subdags/subdag.py
[2025-12-13T02:09:13.028+0000] {processor.py:183} INFO - Processing /home/airflow/.local/lib/python3.11/site-packages/airflow/example_dags/subdags/subdag.py took 0.057 seconds
