[2025-12-15T20:14:05.747+0000] {local_task_job_runner.py:120} INFO - ::group::Pre task execution logs
[2025-12-15T20:14:05.795+0000] {taskinstance.py:2076} INFO - Dependencies all met for dep_context=non-requeueable deps ti=<TaskInstance: weather.load_weather_data manual__2025-12-15T20:13:58.522447+00:00 [queued]>
[2025-12-15T20:14:05.811+0000] {taskinstance.py:2076} INFO - Dependencies all met for dep_context=requeueable deps ti=<TaskInstance: weather.load_weather_data manual__2025-12-15T20:13:58.522447+00:00 [queued]>
[2025-12-15T20:14:05.812+0000] {taskinstance.py:2306} INFO - Starting attempt 1 of 2
[2025-12-15T20:14:05.842+0000] {taskinstance.py:2330} INFO - Executing <Task(PythonOperator): load_weather_data> on 2025-12-15 20:13:58.522447+00:00
[2025-12-15T20:14:05.862+0000] {standard_task_runner.py:63} INFO - Started process 174 to run task
[2025-12-15T20:14:05.872+0000] {standard_task_runner.py:90} INFO - Running: ['***', 'tasks', 'run', 'weather', 'load_weather_data', 'manual__2025-12-15T20:13:58.522447+00:00', '--job-id', '37', '--raw', '--subdir', 'DAGS_FOLDER/weather_dag.py', '--cfg-path', '/tmp/tmp_ds30m3q']
[2025-12-15T20:14:05.876+0000] {standard_task_runner.py:91} INFO - Job 37: Subtask load_weather_data
[2025-12-15T20:14:05.996+0000] {task_command.py:426} INFO - Running <TaskInstance: weather.load_weather_data manual__2025-12-15T20:13:58.522447+00:00 [running]> on host ab3794e0436b
[2025-12-15T20:14:06.216+0000] {taskinstance.py:2648} INFO - Exporting env vars: AIRFLOW_CTX_DAG_OWNER='***' AIRFLOW_CTX_DAG_ID='weather' AIRFLOW_CTX_TASK_ID='load_weather_data' AIRFLOW_CTX_EXECUTION_DATE='2025-12-15T20:13:58.522447+00:00' AIRFLOW_CTX_TRY_NUMBER='1' AIRFLOW_CTX_DAG_RUN_ID='manual__2025-12-15T20:13:58.522447+00:00'
[2025-12-15T20:14:06.220+0000] {taskinstance.py:430} INFO - ::endgroup::
[2025-12-15T20:14:06.900+0000] {get_raw_data.py:65} INFO - Yesterday's weather data retreived.
[2025-12-15T20:14:06.905+0000] {get_raw_data.py:88} INFO - Processing 1 rows of weather data...
[2025-12-15T20:14:06.905+0000] {get_raw_data.py:109} INFO - Finished processing 1 rows of weather data.
[2025-12-15T20:14:06.963+0000] {get_raw_data.py:122} INFO - Loading data into GBQ...
[2025-12-15T20:14:10.146+0000] {get_raw_data.py:132} INFO - Finished loading data into GBQ.
[2025-12-15T20:14:10.147+0000] {python.py:237} INFO - Done. Returned value was: None
[2025-12-15T20:14:10.148+0000] {taskinstance.py:441} INFO - ::group::Post task execution logs
[2025-12-15T20:14:10.174+0000] {taskinstance.py:1206} INFO - Marking task as SUCCESS. dag_id=weather, task_id=load_weather_data, run_id=manual__2025-12-15T20:13:58.522447+00:00, execution_date=20251215T201358, start_date=20251215T201405, end_date=20251215T201410
[2025-12-15T20:14:10.234+0000] {local_task_job_runner.py:240} INFO - Task exited with return code 0
[2025-12-15T20:14:10.284+0000] {taskinstance.py:3503} INFO - 0 downstream tasks scheduled from follow-on schedule check
[2025-12-15T20:14:10.287+0000] {local_task_job_runner.py:222} INFO - ::endgroup::
