[2025-12-15T19:48:47.278+0000] {local_task_job_runner.py:120} INFO - ::group::Pre task execution logs
[2025-12-15T19:48:47.330+0000] {taskinstance.py:2076} INFO - Dependencies all met for dep_context=non-requeueable deps ti=<TaskInstance: weather.load_weather_data scheduled__2025-12-14T00:00:00+00:00 [queued]>
[2025-12-15T19:48:47.343+0000] {taskinstance.py:2076} INFO - Dependencies all met for dep_context=requeueable deps ti=<TaskInstance: weather.load_weather_data scheduled__2025-12-14T00:00:00+00:00 [queued]>
[2025-12-15T19:48:47.343+0000] {taskinstance.py:2306} INFO - Starting attempt 1 of 2
[2025-12-15T19:48:47.369+0000] {taskinstance.py:2330} INFO - Executing <Task(PythonOperator): load_weather_data> on 2025-12-14 00:00:00+00:00
[2025-12-15T19:48:47.389+0000] {standard_task_runner.py:63} INFO - Started process 104 to run task
[2025-12-15T19:48:47.397+0000] {standard_task_runner.py:90} INFO - Running: ['***', 'tasks', 'run', 'weather', 'load_weather_data', 'scheduled__2025-12-14T00:00:00+00:00', '--job-id', '28', '--raw', '--subdir', 'DAGS_FOLDER/weather_dag.py', '--cfg-path', '/tmp/tmpg70zaaau']
[2025-12-15T19:48:47.399+0000] {standard_task_runner.py:91} INFO - Job 28: Subtask load_weather_data
[2025-12-15T19:48:47.523+0000] {task_command.py:426} INFO - Running <TaskInstance: weather.load_weather_data scheduled__2025-12-14T00:00:00+00:00 [running]> on host 9701b5124a58
[2025-12-15T19:48:47.750+0000] {taskinstance.py:2648} INFO - Exporting env vars: AIRFLOW_CTX_DAG_OWNER='***' AIRFLOW_CTX_DAG_ID='weather' AIRFLOW_CTX_TASK_ID='load_weather_data' AIRFLOW_CTX_EXECUTION_DATE='2025-12-14T00:00:00+00:00' AIRFLOW_CTX_TRY_NUMBER='1' AIRFLOW_CTX_DAG_RUN_ID='scheduled__2025-12-14T00:00:00+00:00'
[2025-12-15T19:48:47.752+0000] {taskinstance.py:430} INFO - ::endgroup::
[2025-12-15T19:48:48.445+0000] {get_raw_data.py:68} INFO - Yesterday's weather data retreived.
[2025-12-15T19:48:48.450+0000] {get_raw_data.py:91} INFO - Processing 1 rows of weather data...
[2025-12-15T19:48:48.451+0000] {get_raw_data.py:112} INFO - Finished processing 1 rows of weather data.
[2025-12-15T19:48:48.477+0000] {get_raw_data.py:125} INFO - Loading data into GBQ...
[2025-12-15T19:48:51.868+0000] {get_raw_data.py:135} INFO - Finished loading data into GBQ.
[2025-12-15T19:48:51.869+0000] {python.py:237} INFO - Done. Returned value was: None
[2025-12-15T19:48:51.869+0000] {taskinstance.py:441} INFO - ::group::Post task execution logs
[2025-12-15T19:48:51.893+0000] {taskinstance.py:1206} INFO - Marking task as SUCCESS. dag_id=weather, task_id=load_weather_data, run_id=scheduled__2025-12-14T00:00:00+00:00, execution_date=20251214T000000, start_date=20251215T194847, end_date=20251215T194851
[2025-12-15T19:48:52.224+0000] {local_task_job_runner.py:240} INFO - Task exited with return code 0
[2025-12-15T19:48:52.258+0000] {taskinstance.py:3503} INFO - 0 downstream tasks scheduled from follow-on schedule check
[2025-12-15T19:48:52.261+0000] {local_task_job_runner.py:222} INFO - ::endgroup::
