[2025-12-15T20:12:12.967+0000] {local_task_job_runner.py:120} INFO - ::group::Pre task execution logs
[2025-12-15T20:12:13.041+0000] {taskinstance.py:2076} INFO - Dependencies all met for dep_context=non-requeueable deps ti=<TaskInstance: weather.load_weather_data manual__2025-12-15T20:12:00.897909+00:00 [queued]>
[2025-12-15T20:12:13.062+0000] {taskinstance.py:2076} INFO - Dependencies all met for dep_context=requeueable deps ti=<TaskInstance: weather.load_weather_data manual__2025-12-15T20:12:00.897909+00:00 [queued]>
[2025-12-15T20:12:13.063+0000] {taskinstance.py:2306} INFO - Starting attempt 1 of 2
[2025-12-15T20:12:13.101+0000] {taskinstance.py:2330} INFO - Executing <Task(PythonOperator): load_weather_data> on 2025-12-15 20:12:00.897909+00:00
[2025-12-15T20:12:13.128+0000] {standard_task_runner.py:63} INFO - Started process 148 to run task
[2025-12-15T20:12:13.184+0000] {standard_task_runner.py:90} INFO - Running: ['***', 'tasks', 'run', 'weather', 'load_weather_data', 'manual__2025-12-15T20:12:00.897909+00:00', '--job-id', '36', '--raw', '--subdir', 'DAGS_FOLDER/weather_dag.py', '--cfg-path', '/tmp/tmpt6irvyr7']
[2025-12-15T20:12:13.189+0000] {standard_task_runner.py:91} INFO - Job 36: Subtask load_weather_data
[2025-12-15T20:12:13.652+0000] {task_command.py:426} INFO - Running <TaskInstance: weather.load_weather_data manual__2025-12-15T20:12:00.897909+00:00 [running]> on host ab3794e0436b
[2025-12-15T20:12:13.978+0000] {taskinstance.py:2648} INFO - Exporting env vars: AIRFLOW_CTX_DAG_OWNER='***' AIRFLOW_CTX_DAG_ID='weather' AIRFLOW_CTX_TASK_ID='load_weather_data' AIRFLOW_CTX_EXECUTION_DATE='2025-12-15T20:12:00.897909+00:00' AIRFLOW_CTX_TRY_NUMBER='1' AIRFLOW_CTX_DAG_RUN_ID='manual__2025-12-15T20:12:00.897909+00:00'
[2025-12-15T20:12:13.986+0000] {taskinstance.py:430} INFO - ::endgroup::
[2025-12-15T20:12:14.672+0000] {get_raw_data.py:65} INFO - Yesterday's weather data retreived.
[2025-12-15T20:12:14.678+0000] {get_raw_data.py:88} INFO - Processing 1 rows of weather data...
[2025-12-15T20:12:14.679+0000] {get_raw_data.py:109} INFO - Finished processing 1 rows of weather data.
[2025-12-15T20:12:14.740+0000] {get_raw_data.py:122} INFO - Loading data into GBQ...
[2025-12-15T20:12:18.791+0000] {get_raw_data.py:132} INFO - Finished loading data into GBQ.
[2025-12-15T20:12:18.791+0000] {python.py:237} INFO - Done. Returned value was: None
[2025-12-15T20:12:18.792+0000] {taskinstance.py:441} INFO - ::group::Post task execution logs
[2025-12-15T20:12:18.811+0000] {taskinstance.py:1206} INFO - Marking task as SUCCESS. dag_id=weather, task_id=load_weather_data, run_id=manual__2025-12-15T20:12:00.897909+00:00, execution_date=20251215T201200, start_date=20251215T201213, end_date=20251215T201218
[2025-12-15T20:12:18.884+0000] {local_task_job_runner.py:240} INFO - Task exited with return code 0
[2025-12-15T20:12:18.916+0000] {taskinstance.py:3503} INFO - 0 downstream tasks scheduled from follow-on schedule check
[2025-12-15T20:12:18.919+0000] {local_task_job_runner.py:222} INFO - ::endgroup::
