[2025-12-13T00:55:02.035+0000] {processor.py:161} INFO - Started process (PID=8058) to work on /home/airflow/.local/lib/python3.11/site-packages/airflow/example_dags/plugins/workday.py
[2025-12-13T00:55:02.037+0000] {processor.py:830} INFO - Processing file /home/airflow/.local/lib/python3.11/site-packages/airflow/example_dags/plugins/workday.py for tasks to queue
[2025-12-13T00:55:02.038+0000] {logging_mixin.py:188} INFO - [2025-12-13T00:55:02.037+0000] {dagbag.py:545} INFO - Filling up the DagBag from /home/airflow/.local/lib/python3.11/site-packages/airflow/example_dags/plugins/workday.py
[2025-12-13T00:55:02.942+0000] {processor.py:842} WARNING - No viable dags retrieved from /home/airflow/.local/lib/python3.11/site-packages/airflow/example_dags/plugins/workday.py
[2025-12-13T00:55:02.981+0000] {processor.py:183} INFO - Processing /home/airflow/.local/lib/python3.11/site-packages/airflow/example_dags/plugins/workday.py took 0.960 seconds
[2025-12-13T00:55:33.785+0000] {processor.py:161} INFO - Started process (PID=8123) to work on /home/airflow/.local/lib/python3.11/site-packages/airflow/example_dags/plugins/workday.py
[2025-12-13T00:55:33.786+0000] {processor.py:830} INFO - Processing file /home/airflow/.local/lib/python3.11/site-packages/airflow/example_dags/plugins/workday.py for tasks to queue
[2025-12-13T00:55:33.788+0000] {logging_mixin.py:188} INFO - [2025-12-13T00:55:33.787+0000] {dagbag.py:545} INFO - Filling up the DagBag from /home/airflow/.local/lib/python3.11/site-packages/airflow/example_dags/plugins/workday.py
[2025-12-13T00:55:34.389+0000] {processor.py:842} WARNING - No viable dags retrieved from /home/airflow/.local/lib/python3.11/site-packages/airflow/example_dags/plugins/workday.py
[2025-12-13T00:55:34.420+0000] {processor.py:183} INFO - Processing /home/airflow/.local/lib/python3.11/site-packages/airflow/example_dags/plugins/workday.py took 0.648 seconds
[2025-12-13T00:56:04.688+0000] {processor.py:161} INFO - Started process (PID=8186) to work on /home/airflow/.local/lib/python3.11/site-packages/airflow/example_dags/plugins/workday.py
[2025-12-13T00:56:04.690+0000] {processor.py:830} INFO - Processing file /home/airflow/.local/lib/python3.11/site-packages/airflow/example_dags/plugins/workday.py for tasks to queue
[2025-12-13T00:56:04.692+0000] {logging_mixin.py:188} INFO - [2025-12-13T00:56:04.691+0000] {dagbag.py:545} INFO - Filling up the DagBag from /home/airflow/.local/lib/python3.11/site-packages/airflow/example_dags/plugins/workday.py
[2025-12-13T00:56:05.376+0000] {processor.py:842} WARNING - No viable dags retrieved from /home/airflow/.local/lib/python3.11/site-packages/airflow/example_dags/plugins/workday.py
[2025-12-13T00:56:05.405+0000] {processor.py:183} INFO - Processing /home/airflow/.local/lib/python3.11/site-packages/airflow/example_dags/plugins/workday.py took 0.732 seconds
[2025-12-13T00:56:36.320+0000] {processor.py:161} INFO - Started process (PID=8248) to work on /home/airflow/.local/lib/python3.11/site-packages/airflow/example_dags/plugins/workday.py
[2025-12-13T00:56:36.322+0000] {processor.py:830} INFO - Processing file /home/airflow/.local/lib/python3.11/site-packages/airflow/example_dags/plugins/workday.py for tasks to queue
[2025-12-13T00:56:36.324+0000] {logging_mixin.py:188} INFO - [2025-12-13T00:56:36.323+0000] {dagbag.py:545} INFO - Filling up the DagBag from /home/airflow/.local/lib/python3.11/site-packages/airflow/example_dags/plugins/workday.py
[2025-12-13T00:56:36.963+0000] {processor.py:842} WARNING - No viable dags retrieved from /home/airflow/.local/lib/python3.11/site-packages/airflow/example_dags/plugins/workday.py
[2025-12-13T00:56:36.998+0000] {processor.py:183} INFO - Processing /home/airflow/.local/lib/python3.11/site-packages/airflow/example_dags/plugins/workday.py took 0.692 seconds
[2025-12-13T00:57:07.108+0000] {processor.py:161} INFO - Started process (PID=8308) to work on /home/airflow/.local/lib/python3.11/site-packages/airflow/example_dags/plugins/workday.py
[2025-12-13T00:57:07.111+0000] {processor.py:830} INFO - Processing file /home/airflow/.local/lib/python3.11/site-packages/airflow/example_dags/plugins/workday.py for tasks to queue
[2025-12-13T00:57:07.113+0000] {logging_mixin.py:188} INFO - [2025-12-13T00:57:07.112+0000] {dagbag.py:545} INFO - Filling up the DagBag from /home/airflow/.local/lib/python3.11/site-packages/airflow/example_dags/plugins/workday.py
[2025-12-13T00:57:07.895+0000] {processor.py:842} WARNING - No viable dags retrieved from /home/airflow/.local/lib/python3.11/site-packages/airflow/example_dags/plugins/workday.py
[2025-12-13T00:57:07.934+0000] {processor.py:183} INFO - Processing /home/airflow/.local/lib/python3.11/site-packages/airflow/example_dags/plugins/workday.py took 0.845 seconds
[2025-12-13T00:57:38.697+0000] {processor.py:161} INFO - Started process (PID=8374) to work on /home/airflow/.local/lib/python3.11/site-packages/airflow/example_dags/plugins/workday.py
[2025-12-13T00:57:38.699+0000] {processor.py:830} INFO - Processing file /home/airflow/.local/lib/python3.11/site-packages/airflow/example_dags/plugins/workday.py for tasks to queue
[2025-12-13T00:57:38.701+0000] {logging_mixin.py:188} INFO - [2025-12-13T00:57:38.700+0000] {dagbag.py:545} INFO - Filling up the DagBag from /home/airflow/.local/lib/python3.11/site-packages/airflow/example_dags/plugins/workday.py
[2025-12-13T00:57:39.418+0000] {processor.py:842} WARNING - No viable dags retrieved from /home/airflow/.local/lib/python3.11/site-packages/airflow/example_dags/plugins/workday.py
[2025-12-13T00:57:39.473+0000] {processor.py:183} INFO - Processing /home/airflow/.local/lib/python3.11/site-packages/airflow/example_dags/plugins/workday.py took 0.789 seconds
[2025-12-13T00:58:11.289+0000] {processor.py:161} INFO - Started process (PID=8433) to work on /home/airflow/.local/lib/python3.11/site-packages/airflow/example_dags/plugins/workday.py
[2025-12-13T00:58:11.292+0000] {processor.py:830} INFO - Processing file /home/airflow/.local/lib/python3.11/site-packages/airflow/example_dags/plugins/workday.py for tasks to queue
[2025-12-13T00:58:11.294+0000] {logging_mixin.py:188} INFO - [2025-12-13T00:58:11.293+0000] {dagbag.py:545} INFO - Filling up the DagBag from /home/airflow/.local/lib/python3.11/site-packages/airflow/example_dags/plugins/workday.py
[2025-12-13T00:58:11.963+0000] {processor.py:842} WARNING - No viable dags retrieved from /home/airflow/.local/lib/python3.11/site-packages/airflow/example_dags/plugins/workday.py
[2025-12-13T00:58:11.994+0000] {processor.py:183} INFO - Processing /home/airflow/.local/lib/python3.11/site-packages/airflow/example_dags/plugins/workday.py took 0.720 seconds
[2025-12-13T00:58:42.867+0000] {processor.py:161} INFO - Started process (PID=8493) to work on /home/airflow/.local/lib/python3.11/site-packages/airflow/example_dags/plugins/workday.py
[2025-12-13T00:58:42.870+0000] {processor.py:830} INFO - Processing file /home/airflow/.local/lib/python3.11/site-packages/airflow/example_dags/plugins/workday.py for tasks to queue
[2025-12-13T00:58:42.871+0000] {logging_mixin.py:188} INFO - [2025-12-13T00:58:42.870+0000] {dagbag.py:545} INFO - Filling up the DagBag from /home/airflow/.local/lib/python3.11/site-packages/airflow/example_dags/plugins/workday.py
[2025-12-13T00:58:43.559+0000] {processor.py:842} WARNING - No viable dags retrieved from /home/airflow/.local/lib/python3.11/site-packages/airflow/example_dags/plugins/workday.py
[2025-12-13T00:58:43.599+0000] {processor.py:183} INFO - Processing /home/airflow/.local/lib/python3.11/site-packages/airflow/example_dags/plugins/workday.py took 0.748 seconds
[2025-12-13T00:59:14.930+0000] {processor.py:161} INFO - Started process (PID=8554) to work on /home/airflow/.local/lib/python3.11/site-packages/airflow/example_dags/plugins/workday.py
[2025-12-13T00:59:14.933+0000] {processor.py:830} INFO - Processing file /home/airflow/.local/lib/python3.11/site-packages/airflow/example_dags/plugins/workday.py for tasks to queue
[2025-12-13T00:59:14.935+0000] {logging_mixin.py:188} INFO - [2025-12-13T00:59:14.934+0000] {dagbag.py:545} INFO - Filling up the DagBag from /home/airflow/.local/lib/python3.11/site-packages/airflow/example_dags/plugins/workday.py
[2025-12-13T00:59:15.622+0000] {processor.py:842} WARNING - No viable dags retrieved from /home/airflow/.local/lib/python3.11/site-packages/airflow/example_dags/plugins/workday.py
[2025-12-13T00:59:15.659+0000] {processor.py:183} INFO - Processing /home/airflow/.local/lib/python3.11/site-packages/airflow/example_dags/plugins/workday.py took 0.746 seconds
[2025-12-13T00:59:46.983+0000] {processor.py:161} INFO - Started process (PID=8614) to work on /home/airflow/.local/lib/python3.11/site-packages/airflow/example_dags/plugins/workday.py
[2025-12-13T00:59:46.990+0000] {processor.py:830} INFO - Processing file /home/airflow/.local/lib/python3.11/site-packages/airflow/example_dags/plugins/workday.py for tasks to queue
[2025-12-13T00:59:46.992+0000] {logging_mixin.py:188} INFO - [2025-12-13T00:59:46.991+0000] {dagbag.py:545} INFO - Filling up the DagBag from /home/airflow/.local/lib/python3.11/site-packages/airflow/example_dags/plugins/workday.py
[2025-12-13T00:59:47.648+0000] {processor.py:842} WARNING - No viable dags retrieved from /home/airflow/.local/lib/python3.11/site-packages/airflow/example_dags/plugins/workday.py
[2025-12-13T00:59:47.677+0000] {processor.py:183} INFO - Processing /home/airflow/.local/lib/python3.11/site-packages/airflow/example_dags/plugins/workday.py took 0.731 seconds
[2025-12-13T01:00:18.545+0000] {processor.py:161} INFO - Started process (PID=8675) to work on /home/airflow/.local/lib/python3.11/site-packages/airflow/example_dags/plugins/workday.py
[2025-12-13T01:00:18.549+0000] {processor.py:830} INFO - Processing file /home/airflow/.local/lib/python3.11/site-packages/airflow/example_dags/plugins/workday.py for tasks to queue
[2025-12-13T01:00:18.551+0000] {logging_mixin.py:188} INFO - [2025-12-13T01:00:18.550+0000] {dagbag.py:545} INFO - Filling up the DagBag from /home/airflow/.local/lib/python3.11/site-packages/airflow/example_dags/plugins/workday.py
[2025-12-13T01:00:19.179+0000] {processor.py:842} WARNING - No viable dags retrieved from /home/airflow/.local/lib/python3.11/site-packages/airflow/example_dags/plugins/workday.py
[2025-12-13T01:00:19.210+0000] {processor.py:183} INFO - Processing /home/airflow/.local/lib/python3.11/site-packages/airflow/example_dags/plugins/workday.py took 0.683 seconds
[2025-12-13T01:00:49.906+0000] {processor.py:161} INFO - Started process (PID=8735) to work on /home/airflow/.local/lib/python3.11/site-packages/airflow/example_dags/plugins/workday.py
[2025-12-13T01:00:49.911+0000] {processor.py:830} INFO - Processing file /home/airflow/.local/lib/python3.11/site-packages/airflow/example_dags/plugins/workday.py for tasks to queue
[2025-12-13T01:00:49.913+0000] {logging_mixin.py:188} INFO - [2025-12-13T01:00:49.912+0000] {dagbag.py:545} INFO - Filling up the DagBag from /home/airflow/.local/lib/python3.11/site-packages/airflow/example_dags/plugins/workday.py
[2025-12-13T01:00:50.598+0000] {processor.py:842} WARNING - No viable dags retrieved from /home/airflow/.local/lib/python3.11/site-packages/airflow/example_dags/plugins/workday.py
[2025-12-13T01:00:50.628+0000] {processor.py:183} INFO - Processing /home/airflow/.local/lib/python3.11/site-packages/airflow/example_dags/plugins/workday.py took 0.754 seconds
[2025-12-13T01:01:21.267+0000] {processor.py:161} INFO - Started process (PID=8794) to work on /home/airflow/.local/lib/python3.11/site-packages/airflow/example_dags/plugins/workday.py
[2025-12-13T01:01:21.269+0000] {processor.py:830} INFO - Processing file /home/airflow/.local/lib/python3.11/site-packages/airflow/example_dags/plugins/workday.py for tasks to queue
[2025-12-13T01:01:21.270+0000] {logging_mixin.py:188} INFO - [2025-12-13T01:01:21.270+0000] {dagbag.py:545} INFO - Filling up the DagBag from /home/airflow/.local/lib/python3.11/site-packages/airflow/example_dags/plugins/workday.py
[2025-12-13T01:01:22.038+0000] {processor.py:842} WARNING - No viable dags retrieved from /home/airflow/.local/lib/python3.11/site-packages/airflow/example_dags/plugins/workday.py
[2025-12-13T01:01:22.085+0000] {processor.py:183} INFO - Processing /home/airflow/.local/lib/python3.11/site-packages/airflow/example_dags/plugins/workday.py took 0.831 seconds
[2025-12-13T01:01:52.568+0000] {processor.py:161} INFO - Started process (PID=8853) to work on /home/airflow/.local/lib/python3.11/site-packages/airflow/example_dags/plugins/workday.py
[2025-12-13T01:01:52.570+0000] {processor.py:830} INFO - Processing file /home/airflow/.local/lib/python3.11/site-packages/airflow/example_dags/plugins/workday.py for tasks to queue
[2025-12-13T01:01:52.571+0000] {logging_mixin.py:188} INFO - [2025-12-13T01:01:52.571+0000] {dagbag.py:545} INFO - Filling up the DagBag from /home/airflow/.local/lib/python3.11/site-packages/airflow/example_dags/plugins/workday.py
[2025-12-13T01:01:53.373+0000] {processor.py:842} WARNING - No viable dags retrieved from /home/airflow/.local/lib/python3.11/site-packages/airflow/example_dags/plugins/workday.py
[2025-12-13T01:01:53.405+0000] {processor.py:183} INFO - Processing /home/airflow/.local/lib/python3.11/site-packages/airflow/example_dags/plugins/workday.py took 0.850 seconds
[2025-12-13T01:06:47.592+0000] {processor.py:161} INFO - Started process (PID=126) to work on /home/airflow/.local/lib/python3.11/site-packages/airflow/example_dags/plugins/workday.py
[2025-12-13T01:06:47.595+0000] {processor.py:830} INFO - Processing file /home/airflow/.local/lib/python3.11/site-packages/airflow/example_dags/plugins/workday.py for tasks to queue
[2025-12-13T01:06:47.599+0000] {logging_mixin.py:188} INFO - [2025-12-13T01:06:47.598+0000] {dagbag.py:545} INFO - Filling up the DagBag from /home/airflow/.local/lib/python3.11/site-packages/airflow/example_dags/plugins/workday.py
[2025-12-13T01:06:48.376+0000] {processor.py:842} WARNING - No viable dags retrieved from /home/airflow/.local/lib/python3.11/site-packages/airflow/example_dags/plugins/workday.py
[2025-12-13T01:06:48.470+0000] {processor.py:183} INFO - Processing /home/airflow/.local/lib/python3.11/site-packages/airflow/example_dags/plugins/workday.py took 0.892 seconds
[2025-12-13T01:07:19.099+0000] {processor.py:161} INFO - Started process (PID=187) to work on /home/airflow/.local/lib/python3.11/site-packages/airflow/example_dags/plugins/workday.py
[2025-12-13T01:07:19.101+0000] {processor.py:830} INFO - Processing file /home/airflow/.local/lib/python3.11/site-packages/airflow/example_dags/plugins/workday.py for tasks to queue
[2025-12-13T01:07:19.105+0000] {logging_mixin.py:188} INFO - [2025-12-13T01:07:19.104+0000] {dagbag.py:545} INFO - Filling up the DagBag from /home/airflow/.local/lib/python3.11/site-packages/airflow/example_dags/plugins/workday.py
[2025-12-13T01:07:19.691+0000] {processor.py:842} WARNING - No viable dags retrieved from /home/airflow/.local/lib/python3.11/site-packages/airflow/example_dags/plugins/workday.py
[2025-12-13T01:07:19.721+0000] {processor.py:183} INFO - Processing /home/airflow/.local/lib/python3.11/site-packages/airflow/example_dags/plugins/workday.py took 0.634 seconds
[2025-12-13T01:07:49.993+0000] {processor.py:161} INFO - Started process (PID=247) to work on /home/airflow/.local/lib/python3.11/site-packages/airflow/example_dags/plugins/workday.py
[2025-12-13T01:07:49.996+0000] {processor.py:830} INFO - Processing file /home/airflow/.local/lib/python3.11/site-packages/airflow/example_dags/plugins/workday.py for tasks to queue
[2025-12-13T01:07:49.999+0000] {logging_mixin.py:188} INFO - [2025-12-13T01:07:49.999+0000] {dagbag.py:545} INFO - Filling up the DagBag from /home/airflow/.local/lib/python3.11/site-packages/airflow/example_dags/plugins/workday.py
[2025-12-13T01:07:50.565+0000] {processor.py:842} WARNING - No viable dags retrieved from /home/airflow/.local/lib/python3.11/site-packages/airflow/example_dags/plugins/workday.py
[2025-12-13T01:07:50.591+0000] {processor.py:183} INFO - Processing /home/airflow/.local/lib/python3.11/site-packages/airflow/example_dags/plugins/workday.py took 0.610 seconds
[2025-12-13T01:08:20.957+0000] {processor.py:161} INFO - Started process (PID=307) to work on /home/airflow/.local/lib/python3.11/site-packages/airflow/example_dags/plugins/workday.py
[2025-12-13T01:08:20.959+0000] {processor.py:830} INFO - Processing file /home/airflow/.local/lib/python3.11/site-packages/airflow/example_dags/plugins/workday.py for tasks to queue
[2025-12-13T01:08:20.963+0000] {logging_mixin.py:188} INFO - [2025-12-13T01:08:20.962+0000] {dagbag.py:545} INFO - Filling up the DagBag from /home/airflow/.local/lib/python3.11/site-packages/airflow/example_dags/plugins/workday.py
[2025-12-13T01:08:21.561+0000] {processor.py:842} WARNING - No viable dags retrieved from /home/airflow/.local/lib/python3.11/site-packages/airflow/example_dags/plugins/workday.py
[2025-12-13T01:08:21.591+0000] {processor.py:183} INFO - Processing /home/airflow/.local/lib/python3.11/site-packages/airflow/example_dags/plugins/workday.py took 0.654 seconds
[2025-12-13T01:08:52.511+0000] {processor.py:161} INFO - Started process (PID=367) to work on /home/airflow/.local/lib/python3.11/site-packages/airflow/example_dags/plugins/workday.py
[2025-12-13T01:08:52.513+0000] {processor.py:830} INFO - Processing file /home/airflow/.local/lib/python3.11/site-packages/airflow/example_dags/plugins/workday.py for tasks to queue
[2025-12-13T01:08:52.516+0000] {logging_mixin.py:188} INFO - [2025-12-13T01:08:52.516+0000] {dagbag.py:545} INFO - Filling up the DagBag from /home/airflow/.local/lib/python3.11/site-packages/airflow/example_dags/plugins/workday.py
[2025-12-13T01:08:53.085+0000] {processor.py:842} WARNING - No viable dags retrieved from /home/airflow/.local/lib/python3.11/site-packages/airflow/example_dags/plugins/workday.py
[2025-12-13T01:08:53.114+0000] {processor.py:183} INFO - Processing /home/airflow/.local/lib/python3.11/site-packages/airflow/example_dags/plugins/workday.py took 0.616 seconds
[2025-12-13T01:09:23.217+0000] {processor.py:161} INFO - Started process (PID=427) to work on /home/airflow/.local/lib/python3.11/site-packages/airflow/example_dags/plugins/workday.py
[2025-12-13T01:09:23.219+0000] {processor.py:830} INFO - Processing file /home/airflow/.local/lib/python3.11/site-packages/airflow/example_dags/plugins/workday.py for tasks to queue
[2025-12-13T01:09:23.224+0000] {logging_mixin.py:188} INFO - [2025-12-13T01:09:23.223+0000] {dagbag.py:545} INFO - Filling up the DagBag from /home/airflow/.local/lib/python3.11/site-packages/airflow/example_dags/plugins/workday.py
[2025-12-13T01:09:23.828+0000] {processor.py:842} WARNING - No viable dags retrieved from /home/airflow/.local/lib/python3.11/site-packages/airflow/example_dags/plugins/workday.py
[2025-12-13T01:09:23.865+0000] {processor.py:183} INFO - Processing /home/airflow/.local/lib/python3.11/site-packages/airflow/example_dags/plugins/workday.py took 0.666 seconds
[2025-12-13T01:09:53.984+0000] {processor.py:161} INFO - Started process (PID=487) to work on /home/airflow/.local/lib/python3.11/site-packages/airflow/example_dags/plugins/workday.py
[2025-12-13T01:09:53.986+0000] {processor.py:830} INFO - Processing file /home/airflow/.local/lib/python3.11/site-packages/airflow/example_dags/plugins/workday.py for tasks to queue
[2025-12-13T01:09:53.990+0000] {logging_mixin.py:188} INFO - [2025-12-13T01:09:53.989+0000] {dagbag.py:545} INFO - Filling up the DagBag from /home/airflow/.local/lib/python3.11/site-packages/airflow/example_dags/plugins/workday.py
[2025-12-13T01:09:54.583+0000] {processor.py:842} WARNING - No viable dags retrieved from /home/airflow/.local/lib/python3.11/site-packages/airflow/example_dags/plugins/workday.py
[2025-12-13T01:09:54.693+0000] {processor.py:183} INFO - Processing /home/airflow/.local/lib/python3.11/site-packages/airflow/example_dags/plugins/workday.py took 0.723 seconds
[2025-12-13T01:10:25.628+0000] {processor.py:161} INFO - Started process (PID=553) to work on /home/airflow/.local/lib/python3.11/site-packages/airflow/example_dags/plugins/workday.py
[2025-12-13T01:10:25.632+0000] {processor.py:830} INFO - Processing file /home/airflow/.local/lib/python3.11/site-packages/airflow/example_dags/plugins/workday.py for tasks to queue
[2025-12-13T01:10:25.637+0000] {logging_mixin.py:188} INFO - [2025-12-13T01:10:25.636+0000] {dagbag.py:545} INFO - Filling up the DagBag from /home/airflow/.local/lib/python3.11/site-packages/airflow/example_dags/plugins/workday.py
[2025-12-13T01:10:26.238+0000] {processor.py:842} WARNING - No viable dags retrieved from /home/airflow/.local/lib/python3.11/site-packages/airflow/example_dags/plugins/workday.py
[2025-12-13T01:10:26.268+0000] {processor.py:183} INFO - Processing /home/airflow/.local/lib/python3.11/site-packages/airflow/example_dags/plugins/workday.py took 0.654 seconds
[2025-12-13T01:10:56.759+0000] {processor.py:161} INFO - Started process (PID=613) to work on /home/airflow/.local/lib/python3.11/site-packages/airflow/example_dags/plugins/workday.py
[2025-12-13T01:10:56.762+0000] {processor.py:830} INFO - Processing file /home/airflow/.local/lib/python3.11/site-packages/airflow/example_dags/plugins/workday.py for tasks to queue
[2025-12-13T01:10:56.766+0000] {logging_mixin.py:188} INFO - [2025-12-13T01:10:56.765+0000] {dagbag.py:545} INFO - Filling up the DagBag from /home/airflow/.local/lib/python3.11/site-packages/airflow/example_dags/plugins/workday.py
[2025-12-13T01:10:57.282+0000] {processor.py:842} WARNING - No viable dags retrieved from /home/airflow/.local/lib/python3.11/site-packages/airflow/example_dags/plugins/workday.py
[2025-12-13T01:10:57.307+0000] {processor.py:183} INFO - Processing /home/airflow/.local/lib/python3.11/site-packages/airflow/example_dags/plugins/workday.py took 0.560 seconds
[2025-12-13T01:11:27.423+0000] {processor.py:161} INFO - Started process (PID=673) to work on /home/airflow/.local/lib/python3.11/site-packages/airflow/example_dags/plugins/workday.py
[2025-12-13T01:11:27.426+0000] {processor.py:830} INFO - Processing file /home/airflow/.local/lib/python3.11/site-packages/airflow/example_dags/plugins/workday.py for tasks to queue
[2025-12-13T01:11:27.429+0000] {logging_mixin.py:188} INFO - [2025-12-13T01:11:27.428+0000] {dagbag.py:545} INFO - Filling up the DagBag from /home/airflow/.local/lib/python3.11/site-packages/airflow/example_dags/plugins/workday.py
[2025-12-13T01:11:27.960+0000] {processor.py:842} WARNING - No viable dags retrieved from /home/airflow/.local/lib/python3.11/site-packages/airflow/example_dags/plugins/workday.py
[2025-12-13T01:11:27.988+0000] {processor.py:183} INFO - Processing /home/airflow/.local/lib/python3.11/site-packages/airflow/example_dags/plugins/workday.py took 0.579 seconds
[2025-12-13T01:11:58.331+0000] {processor.py:161} INFO - Started process (PID=733) to work on /home/airflow/.local/lib/python3.11/site-packages/airflow/example_dags/plugins/workday.py
[2025-12-13T01:11:58.333+0000] {processor.py:830} INFO - Processing file /home/airflow/.local/lib/python3.11/site-packages/airflow/example_dags/plugins/workday.py for tasks to queue
[2025-12-13T01:11:58.337+0000] {logging_mixin.py:188} INFO - [2025-12-13T01:11:58.337+0000] {dagbag.py:545} INFO - Filling up the DagBag from /home/airflow/.local/lib/python3.11/site-packages/airflow/example_dags/plugins/workday.py
[2025-12-13T01:11:58.994+0000] {processor.py:842} WARNING - No viable dags retrieved from /home/airflow/.local/lib/python3.11/site-packages/airflow/example_dags/plugins/workday.py
[2025-12-13T01:11:59.023+0000] {processor.py:183} INFO - Processing /home/airflow/.local/lib/python3.11/site-packages/airflow/example_dags/plugins/workday.py took 0.705 seconds
[2025-12-13T01:12:29.955+0000] {processor.py:161} INFO - Started process (PID=793) to work on /home/airflow/.local/lib/python3.11/site-packages/airflow/example_dags/plugins/workday.py
[2025-12-13T01:12:29.958+0000] {processor.py:830} INFO - Processing file /home/airflow/.local/lib/python3.11/site-packages/airflow/example_dags/plugins/workday.py for tasks to queue
[2025-12-13T01:12:29.962+0000] {logging_mixin.py:188} INFO - [2025-12-13T01:12:29.961+0000] {dagbag.py:545} INFO - Filling up the DagBag from /home/airflow/.local/lib/python3.11/site-packages/airflow/example_dags/plugins/workday.py
[2025-12-13T01:12:30.578+0000] {processor.py:842} WARNING - No viable dags retrieved from /home/airflow/.local/lib/python3.11/site-packages/airflow/example_dags/plugins/workday.py
[2025-12-13T01:12:30.606+0000] {processor.py:183} INFO - Processing /home/airflow/.local/lib/python3.11/site-packages/airflow/example_dags/plugins/workday.py took 0.665 seconds
[2025-12-13T01:14:31.734+0000] {processor.py:161} INFO - Started process (PID=127) to work on /home/airflow/.local/lib/python3.11/site-packages/airflow/example_dags/plugins/workday.py
[2025-12-13T01:14:31.737+0000] {processor.py:830} INFO - Processing file /home/airflow/.local/lib/python3.11/site-packages/airflow/example_dags/plugins/workday.py for tasks to queue
[2025-12-13T01:14:31.742+0000] {logging_mixin.py:188} INFO - [2025-12-13T01:14:31.741+0000] {dagbag.py:545} INFO - Filling up the DagBag from /home/airflow/.local/lib/python3.11/site-packages/airflow/example_dags/plugins/workday.py
[2025-12-13T01:14:32.345+0000] {processor.py:842} WARNING - No viable dags retrieved from /home/airflow/.local/lib/python3.11/site-packages/airflow/example_dags/plugins/workday.py
[2025-12-13T01:14:32.376+0000] {processor.py:183} INFO - Processing /home/airflow/.local/lib/python3.11/site-packages/airflow/example_dags/plugins/workday.py took 0.658 seconds
[2025-12-13T01:15:03.403+0000] {processor.py:161} INFO - Started process (PID=189) to work on /home/airflow/.local/lib/python3.11/site-packages/airflow/example_dags/plugins/workday.py
[2025-12-13T01:15:03.405+0000] {processor.py:830} INFO - Processing file /home/airflow/.local/lib/python3.11/site-packages/airflow/example_dags/plugins/workday.py for tasks to queue
[2025-12-13T01:15:03.409+0000] {logging_mixin.py:188} INFO - [2025-12-13T01:15:03.408+0000] {dagbag.py:545} INFO - Filling up the DagBag from /home/airflow/.local/lib/python3.11/site-packages/airflow/example_dags/plugins/workday.py
[2025-12-13T01:15:03.976+0000] {processor.py:842} WARNING - No viable dags retrieved from /home/airflow/.local/lib/python3.11/site-packages/airflow/example_dags/plugins/workday.py
[2025-12-13T01:15:04.005+0000] {processor.py:183} INFO - Processing /home/airflow/.local/lib/python3.11/site-packages/airflow/example_dags/plugins/workday.py took 0.615 seconds
[2025-12-13T01:15:34.748+0000] {processor.py:161} INFO - Started process (PID=250) to work on /home/airflow/.local/lib/python3.11/site-packages/airflow/example_dags/plugins/workday.py
[2025-12-13T01:15:34.751+0000] {processor.py:830} INFO - Processing file /home/airflow/.local/lib/python3.11/site-packages/airflow/example_dags/plugins/workday.py for tasks to queue
[2025-12-13T01:15:34.754+0000] {logging_mixin.py:188} INFO - [2025-12-13T01:15:34.754+0000] {dagbag.py:545} INFO - Filling up the DagBag from /home/airflow/.local/lib/python3.11/site-packages/airflow/example_dags/plugins/workday.py
[2025-12-13T01:15:35.361+0000] {processor.py:842} WARNING - No viable dags retrieved from /home/airflow/.local/lib/python3.11/site-packages/airflow/example_dags/plugins/workday.py
[2025-12-13T01:15:35.388+0000] {processor.py:183} INFO - Processing /home/airflow/.local/lib/python3.11/site-packages/airflow/example_dags/plugins/workday.py took 0.657 seconds
[2025-12-13T01:16:05.848+0000] {processor.py:161} INFO - Started process (PID=311) to work on /home/airflow/.local/lib/python3.11/site-packages/airflow/example_dags/plugins/workday.py
[2025-12-13T01:16:05.886+0000] {processor.py:830} INFO - Processing file /home/airflow/.local/lib/python3.11/site-packages/airflow/example_dags/plugins/workday.py for tasks to queue
[2025-12-13T01:16:05.890+0000] {logging_mixin.py:188} INFO - [2025-12-13T01:16:05.889+0000] {dagbag.py:545} INFO - Filling up the DagBag from /home/airflow/.local/lib/python3.11/site-packages/airflow/example_dags/plugins/workday.py
[2025-12-13T01:16:06.429+0000] {processor.py:842} WARNING - No viable dags retrieved from /home/airflow/.local/lib/python3.11/site-packages/airflow/example_dags/plugins/workday.py
[2025-12-13T01:16:06.459+0000] {processor.py:183} INFO - Processing /home/airflow/.local/lib/python3.11/site-packages/airflow/example_dags/plugins/workday.py took 0.625 seconds
[2025-12-13T01:16:37.279+0000] {processor.py:161} INFO - Started process (PID=372) to work on /home/airflow/.local/lib/python3.11/site-packages/airflow/example_dags/plugins/workday.py
[2025-12-13T01:16:37.282+0000] {processor.py:830} INFO - Processing file /home/airflow/.local/lib/python3.11/site-packages/airflow/example_dags/plugins/workday.py for tasks to queue
[2025-12-13T01:16:37.286+0000] {logging_mixin.py:188} INFO - [2025-12-13T01:16:37.285+0000] {dagbag.py:545} INFO - Filling up the DagBag from /home/airflow/.local/lib/python3.11/site-packages/airflow/example_dags/plugins/workday.py
[2025-12-13T01:16:37.862+0000] {processor.py:842} WARNING - No viable dags retrieved from /home/airflow/.local/lib/python3.11/site-packages/airflow/example_dags/plugins/workday.py
[2025-12-13T01:16:37.891+0000] {processor.py:183} INFO - Processing /home/airflow/.local/lib/python3.11/site-packages/airflow/example_dags/plugins/workday.py took 0.626 seconds
[2025-12-13T01:17:08.522+0000] {processor.py:161} INFO - Started process (PID=433) to work on /home/airflow/.local/lib/python3.11/site-packages/airflow/example_dags/plugins/workday.py
[2025-12-13T01:17:08.525+0000] {processor.py:830} INFO - Processing file /home/airflow/.local/lib/python3.11/site-packages/airflow/example_dags/plugins/workday.py for tasks to queue
[2025-12-13T01:17:08.528+0000] {logging_mixin.py:188} INFO - [2025-12-13T01:17:08.527+0000] {dagbag.py:545} INFO - Filling up the DagBag from /home/airflow/.local/lib/python3.11/site-packages/airflow/example_dags/plugins/workday.py
[2025-12-13T01:17:09.099+0000] {processor.py:842} WARNING - No viable dags retrieved from /home/airflow/.local/lib/python3.11/site-packages/airflow/example_dags/plugins/workday.py
[2025-12-13T01:17:09.126+0000] {processor.py:183} INFO - Processing /home/airflow/.local/lib/python3.11/site-packages/airflow/example_dags/plugins/workday.py took 0.616 seconds
[2025-12-13T01:19:24.137+0000] {processor.py:161} INFO - Started process (PID=128) to work on /home/airflow/.local/lib/python3.11/site-packages/airflow/example_dags/plugins/workday.py
[2025-12-13T01:19:24.140+0000] {processor.py:830} INFO - Processing file /home/airflow/.local/lib/python3.11/site-packages/airflow/example_dags/plugins/workday.py for tasks to queue
[2025-12-13T01:19:24.146+0000] {logging_mixin.py:188} INFO - [2025-12-13T01:19:24.145+0000] {dagbag.py:545} INFO - Filling up the DagBag from /home/airflow/.local/lib/python3.11/site-packages/airflow/example_dags/plugins/workday.py
[2025-12-13T01:19:24.909+0000] {processor.py:842} WARNING - No viable dags retrieved from /home/airflow/.local/lib/python3.11/site-packages/airflow/example_dags/plugins/workday.py
[2025-12-13T01:19:24.955+0000] {processor.py:183} INFO - Processing /home/airflow/.local/lib/python3.11/site-packages/airflow/example_dags/plugins/workday.py took 0.832 seconds
[2025-12-13T01:19:55.203+0000] {processor.py:161} INFO - Started process (PID=186) to work on /home/airflow/.local/lib/python3.11/site-packages/airflow/example_dags/plugins/workday.py
[2025-12-13T01:19:55.225+0000] {processor.py:830} INFO - Processing file /home/airflow/.local/lib/python3.11/site-packages/airflow/example_dags/plugins/workday.py for tasks to queue
[2025-12-13T01:19:55.229+0000] {logging_mixin.py:188} INFO - [2025-12-13T01:19:55.228+0000] {dagbag.py:545} INFO - Filling up the DagBag from /home/airflow/.local/lib/python3.11/site-packages/airflow/example_dags/plugins/workday.py
[2025-12-13T01:19:55.824+0000] {processor.py:842} WARNING - No viable dags retrieved from /home/airflow/.local/lib/python3.11/site-packages/airflow/example_dags/plugins/workday.py
[2025-12-13T01:19:55.851+0000] {processor.py:183} INFO - Processing /home/airflow/.local/lib/python3.11/site-packages/airflow/example_dags/plugins/workday.py took 0.661 seconds
[2025-12-13T01:20:26.195+0000] {processor.py:161} INFO - Started process (PID=247) to work on /home/airflow/.local/lib/python3.11/site-packages/airflow/example_dags/plugins/workday.py
[2025-12-13T01:20:26.199+0000] {processor.py:830} INFO - Processing file /home/airflow/.local/lib/python3.11/site-packages/airflow/example_dags/plugins/workday.py for tasks to queue
[2025-12-13T01:20:26.202+0000] {logging_mixin.py:188} INFO - [2025-12-13T01:20:26.202+0000] {dagbag.py:545} INFO - Filling up the DagBag from /home/airflow/.local/lib/python3.11/site-packages/airflow/example_dags/plugins/workday.py
[2025-12-13T01:20:26.772+0000] {processor.py:842} WARNING - No viable dags retrieved from /home/airflow/.local/lib/python3.11/site-packages/airflow/example_dags/plugins/workday.py
[2025-12-13T01:20:26.801+0000] {processor.py:183} INFO - Processing /home/airflow/.local/lib/python3.11/site-packages/airflow/example_dags/plugins/workday.py took 0.618 seconds
[2025-12-13T01:20:57.322+0000] {processor.py:161} INFO - Started process (PID=305) to work on /home/airflow/.local/lib/python3.11/site-packages/airflow/example_dags/plugins/workday.py
[2025-12-13T01:20:57.325+0000] {processor.py:830} INFO - Processing file /home/airflow/.local/lib/python3.11/site-packages/airflow/example_dags/plugins/workday.py for tasks to queue
[2025-12-13T01:20:57.329+0000] {logging_mixin.py:188} INFO - [2025-12-13T01:20:57.328+0000] {dagbag.py:545} INFO - Filling up the DagBag from /home/airflow/.local/lib/python3.11/site-packages/airflow/example_dags/plugins/workday.py
[2025-12-13T01:20:57.974+0000] {processor.py:842} WARNING - No viable dags retrieved from /home/airflow/.local/lib/python3.11/site-packages/airflow/example_dags/plugins/workday.py
[2025-12-13T01:20:58.002+0000] {processor.py:183} INFO - Processing /home/airflow/.local/lib/python3.11/site-packages/airflow/example_dags/plugins/workday.py took 0.697 seconds
[2025-12-13T01:21:28.486+0000] {processor.py:161} INFO - Started process (PID=367) to work on /home/airflow/.local/lib/python3.11/site-packages/airflow/example_dags/plugins/workday.py
[2025-12-13T01:21:28.490+0000] {processor.py:830} INFO - Processing file /home/airflow/.local/lib/python3.11/site-packages/airflow/example_dags/plugins/workday.py for tasks to queue
[2025-12-13T01:21:28.493+0000] {logging_mixin.py:188} INFO - [2025-12-13T01:21:28.493+0000] {dagbag.py:545} INFO - Filling up the DagBag from /home/airflow/.local/lib/python3.11/site-packages/airflow/example_dags/plugins/workday.py
[2025-12-13T01:21:29.099+0000] {processor.py:842} WARNING - No viable dags retrieved from /home/airflow/.local/lib/python3.11/site-packages/airflow/example_dags/plugins/workday.py
[2025-12-13T01:21:29.141+0000] {processor.py:183} INFO - Processing /home/airflow/.local/lib/python3.11/site-packages/airflow/example_dags/plugins/workday.py took 0.668 seconds
[2025-12-13T01:21:59.604+0000] {processor.py:161} INFO - Started process (PID=431) to work on /home/airflow/.local/lib/python3.11/site-packages/airflow/example_dags/plugins/workday.py
[2025-12-13T01:21:59.608+0000] {processor.py:830} INFO - Processing file /home/airflow/.local/lib/python3.11/site-packages/airflow/example_dags/plugins/workday.py for tasks to queue
[2025-12-13T01:21:59.612+0000] {logging_mixin.py:188} INFO - [2025-12-13T01:21:59.611+0000] {dagbag.py:545} INFO - Filling up the DagBag from /home/airflow/.local/lib/python3.11/site-packages/airflow/example_dags/plugins/workday.py
[2025-12-13T01:22:00.176+0000] {processor.py:842} WARNING - No viable dags retrieved from /home/airflow/.local/lib/python3.11/site-packages/airflow/example_dags/plugins/workday.py
[2025-12-13T01:22:00.203+0000] {processor.py:183} INFO - Processing /home/airflow/.local/lib/python3.11/site-packages/airflow/example_dags/plugins/workday.py took 0.613 seconds
[2025-12-13T01:22:31.036+0000] {processor.py:161} INFO - Started process (PID=492) to work on /home/airflow/.local/lib/python3.11/site-packages/airflow/example_dags/plugins/workday.py
[2025-12-13T01:22:31.039+0000] {processor.py:830} INFO - Processing file /home/airflow/.local/lib/python3.11/site-packages/airflow/example_dags/plugins/workday.py for tasks to queue
[2025-12-13T01:22:31.042+0000] {logging_mixin.py:188} INFO - [2025-12-13T01:22:31.042+0000] {dagbag.py:545} INFO - Filling up the DagBag from /home/airflow/.local/lib/python3.11/site-packages/airflow/example_dags/plugins/workday.py
[2025-12-13T01:22:31.672+0000] {processor.py:842} WARNING - No viable dags retrieved from /home/airflow/.local/lib/python3.11/site-packages/airflow/example_dags/plugins/workday.py
[2025-12-13T01:22:31.710+0000] {processor.py:183} INFO - Processing /home/airflow/.local/lib/python3.11/site-packages/airflow/example_dags/plugins/workday.py took 0.685 seconds
[2025-12-13T01:23:02.219+0000] {processor.py:161} INFO - Started process (PID=550) to work on /home/airflow/.local/lib/python3.11/site-packages/airflow/example_dags/plugins/workday.py
[2025-12-13T01:23:02.252+0000] {processor.py:830} INFO - Processing file /home/airflow/.local/lib/python3.11/site-packages/airflow/example_dags/plugins/workday.py for tasks to queue
[2025-12-13T01:23:02.256+0000] {logging_mixin.py:188} INFO - [2025-12-13T01:23:02.255+0000] {dagbag.py:545} INFO - Filling up the DagBag from /home/airflow/.local/lib/python3.11/site-packages/airflow/example_dags/plugins/workday.py
[2025-12-13T01:23:02.892+0000] {processor.py:842} WARNING - No viable dags retrieved from /home/airflow/.local/lib/python3.11/site-packages/airflow/example_dags/plugins/workday.py
[2025-12-13T01:23:02.923+0000] {processor.py:183} INFO - Processing /home/airflow/.local/lib/python3.11/site-packages/airflow/example_dags/plugins/workday.py took 0.716 seconds
[2025-12-13T01:23:33.693+0000] {processor.py:161} INFO - Started process (PID=611) to work on /home/airflow/.local/lib/python3.11/site-packages/airflow/example_dags/plugins/workday.py
[2025-12-13T01:23:33.697+0000] {processor.py:830} INFO - Processing file /home/airflow/.local/lib/python3.11/site-packages/airflow/example_dags/plugins/workday.py for tasks to queue
[2025-12-13T01:23:33.701+0000] {logging_mixin.py:188} INFO - [2025-12-13T01:23:33.700+0000] {dagbag.py:545} INFO - Filling up the DagBag from /home/airflow/.local/lib/python3.11/site-packages/airflow/example_dags/plugins/workday.py
[2025-12-13T01:23:34.261+0000] {processor.py:842} WARNING - No viable dags retrieved from /home/airflow/.local/lib/python3.11/site-packages/airflow/example_dags/plugins/workday.py
[2025-12-13T01:23:34.291+0000] {processor.py:183} INFO - Processing /home/airflow/.local/lib/python3.11/site-packages/airflow/example_dags/plugins/workday.py took 0.612 seconds
[2025-12-13T01:25:22.769+0000] {processor.py:161} INFO - Started process (PID=128) to work on /home/airflow/.local/lib/python3.11/site-packages/airflow/example_dags/plugins/workday.py
[2025-12-13T01:25:22.773+0000] {processor.py:830} INFO - Processing file /home/airflow/.local/lib/python3.11/site-packages/airflow/example_dags/plugins/workday.py for tasks to queue
[2025-12-13T01:25:22.779+0000] {logging_mixin.py:188} INFO - [2025-12-13T01:25:22.778+0000] {dagbag.py:545} INFO - Filling up the DagBag from /home/airflow/.local/lib/python3.11/site-packages/airflow/example_dags/plugins/workday.py
[2025-12-13T01:25:23.479+0000] {processor.py:842} WARNING - No viable dags retrieved from /home/airflow/.local/lib/python3.11/site-packages/airflow/example_dags/plugins/workday.py
[2025-12-13T01:25:23.512+0000] {processor.py:183} INFO - Processing /home/airflow/.local/lib/python3.11/site-packages/airflow/example_dags/plugins/workday.py took 0.762 seconds
[2025-12-13T01:25:54.194+0000] {processor.py:161} INFO - Started process (PID=186) to work on /home/airflow/.local/lib/python3.11/site-packages/airflow/example_dags/plugins/workday.py
[2025-12-13T01:25:54.196+0000] {processor.py:830} INFO - Processing file /home/airflow/.local/lib/python3.11/site-packages/airflow/example_dags/plugins/workday.py for tasks to queue
[2025-12-13T01:25:54.201+0000] {logging_mixin.py:188} INFO - [2025-12-13T01:25:54.200+0000] {dagbag.py:545} INFO - Filling up the DagBag from /home/airflow/.local/lib/python3.11/site-packages/airflow/example_dags/plugins/workday.py
[2025-12-13T01:25:54.944+0000] {processor.py:842} WARNING - No viable dags retrieved from /home/airflow/.local/lib/python3.11/site-packages/airflow/example_dags/plugins/workday.py
[2025-12-13T01:25:54.983+0000] {processor.py:183} INFO - Processing /home/airflow/.local/lib/python3.11/site-packages/airflow/example_dags/plugins/workday.py took 0.804 seconds
[2025-12-13T01:26:25.111+0000] {processor.py:161} INFO - Started process (PID=248) to work on /home/airflow/.local/lib/python3.11/site-packages/airflow/example_dags/plugins/workday.py
[2025-12-13T01:26:25.114+0000] {processor.py:830} INFO - Processing file /home/airflow/.local/lib/python3.11/site-packages/airflow/example_dags/plugins/workday.py for tasks to queue
[2025-12-13T01:26:25.118+0000] {logging_mixin.py:188} INFO - [2025-12-13T01:26:25.117+0000] {dagbag.py:545} INFO - Filling up the DagBag from /home/airflow/.local/lib/python3.11/site-packages/airflow/example_dags/plugins/workday.py
[2025-12-13T01:26:25.737+0000] {processor.py:842} WARNING - No viable dags retrieved from /home/airflow/.local/lib/python3.11/site-packages/airflow/example_dags/plugins/workday.py
[2025-12-13T01:26:25.773+0000] {processor.py:183} INFO - Processing /home/airflow/.local/lib/python3.11/site-packages/airflow/example_dags/plugins/workday.py took 0.676 seconds
[2025-12-13T01:26:55.847+0000] {processor.py:161} INFO - Started process (PID=306) to work on /home/airflow/.local/lib/python3.11/site-packages/airflow/example_dags/plugins/workday.py
[2025-12-13T01:26:55.848+0000] {processor.py:830} INFO - Processing file /home/airflow/.local/lib/python3.11/site-packages/airflow/example_dags/plugins/workday.py for tasks to queue
[2025-12-13T01:26:55.851+0000] {logging_mixin.py:188} INFO - [2025-12-13T01:26:55.851+0000] {dagbag.py:545} INFO - Filling up the DagBag from /home/airflow/.local/lib/python3.11/site-packages/airflow/example_dags/plugins/workday.py
[2025-12-13T01:26:56.402+0000] {processor.py:842} WARNING - No viable dags retrieved from /home/airflow/.local/lib/python3.11/site-packages/airflow/example_dags/plugins/workday.py
[2025-12-13T01:26:56.429+0000] {processor.py:183} INFO - Processing /home/airflow/.local/lib/python3.11/site-packages/airflow/example_dags/plugins/workday.py took 0.595 seconds
[2025-12-13T01:27:27.443+0000] {processor.py:161} INFO - Started process (PID=368) to work on /home/airflow/.local/lib/python3.11/site-packages/airflow/example_dags/plugins/workday.py
[2025-12-13T01:27:27.445+0000] {processor.py:830} INFO - Processing file /home/airflow/.local/lib/python3.11/site-packages/airflow/example_dags/plugins/workday.py for tasks to queue
[2025-12-13T01:27:27.449+0000] {logging_mixin.py:188} INFO - [2025-12-13T01:27:27.448+0000] {dagbag.py:545} INFO - Filling up the DagBag from /home/airflow/.local/lib/python3.11/site-packages/airflow/example_dags/plugins/workday.py
[2025-12-13T01:27:28.085+0000] {processor.py:842} WARNING - No viable dags retrieved from /home/airflow/.local/lib/python3.11/site-packages/airflow/example_dags/plugins/workday.py
[2025-12-13T01:27:28.115+0000] {processor.py:183} INFO - Processing /home/airflow/.local/lib/python3.11/site-packages/airflow/example_dags/plugins/workday.py took 0.686 seconds
[2025-12-13T01:32:03.885+0000] {processor.py:161} INFO - Started process (PID=127) to work on /home/airflow/.local/lib/python3.11/site-packages/airflow/example_dags/plugins/workday.py
[2025-12-13T01:32:03.889+0000] {processor.py:830} INFO - Processing file /home/airflow/.local/lib/python3.11/site-packages/airflow/example_dags/plugins/workday.py for tasks to queue
[2025-12-13T01:32:03.893+0000] {logging_mixin.py:188} INFO - [2025-12-13T01:32:03.892+0000] {dagbag.py:545} INFO - Filling up the DagBag from /home/airflow/.local/lib/python3.11/site-packages/airflow/example_dags/plugins/workday.py
[2025-12-13T01:32:04.565+0000] {processor.py:842} WARNING - No viable dags retrieved from /home/airflow/.local/lib/python3.11/site-packages/airflow/example_dags/plugins/workday.py
[2025-12-13T01:32:04.593+0000] {processor.py:183} INFO - Processing /home/airflow/.local/lib/python3.11/site-packages/airflow/example_dags/plugins/workday.py took 0.726 seconds
[2025-12-13T01:32:35.113+0000] {processor.py:161} INFO - Started process (PID=189) to work on /home/airflow/.local/lib/python3.11/site-packages/airflow/example_dags/plugins/workday.py
[2025-12-13T01:32:35.115+0000] {processor.py:830} INFO - Processing file /home/airflow/.local/lib/python3.11/site-packages/airflow/example_dags/plugins/workday.py for tasks to queue
[2025-12-13T01:32:35.118+0000] {logging_mixin.py:188} INFO - [2025-12-13T01:32:35.118+0000] {dagbag.py:545} INFO - Filling up the DagBag from /home/airflow/.local/lib/python3.11/site-packages/airflow/example_dags/plugins/workday.py
[2025-12-13T01:32:35.705+0000] {processor.py:842} WARNING - No viable dags retrieved from /home/airflow/.local/lib/python3.11/site-packages/airflow/example_dags/plugins/workday.py
[2025-12-13T01:32:35.738+0000] {processor.py:183} INFO - Processing /home/airflow/.local/lib/python3.11/site-packages/airflow/example_dags/plugins/workday.py took 0.637 seconds
[2025-12-13T01:33:06.617+0000] {processor.py:161} INFO - Started process (PID=250) to work on /home/airflow/.local/lib/python3.11/site-packages/airflow/example_dags/plugins/workday.py
[2025-12-13T01:33:06.641+0000] {processor.py:830} INFO - Processing file /home/airflow/.local/lib/python3.11/site-packages/airflow/example_dags/plugins/workday.py for tasks to queue
[2025-12-13T01:33:06.644+0000] {logging_mixin.py:188} INFO - [2025-12-13T01:33:06.644+0000] {dagbag.py:545} INFO - Filling up the DagBag from /home/airflow/.local/lib/python3.11/site-packages/airflow/example_dags/plugins/workday.py
[2025-12-13T01:33:07.263+0000] {processor.py:842} WARNING - No viable dags retrieved from /home/airflow/.local/lib/python3.11/site-packages/airflow/example_dags/plugins/workday.py
[2025-12-13T01:33:07.291+0000] {processor.py:183} INFO - Processing /home/airflow/.local/lib/python3.11/site-packages/airflow/example_dags/plugins/workday.py took 0.687 seconds
[2025-12-13T01:33:37.534+0000] {processor.py:161} INFO - Started process (PID=311) to work on /home/airflow/.local/lib/python3.11/site-packages/airflow/example_dags/plugins/workday.py
[2025-12-13T01:33:37.537+0000] {processor.py:830} INFO - Processing file /home/airflow/.local/lib/python3.11/site-packages/airflow/example_dags/plugins/workday.py for tasks to queue
[2025-12-13T01:33:37.540+0000] {logging_mixin.py:188} INFO - [2025-12-13T01:33:37.540+0000] {dagbag.py:545} INFO - Filling up the DagBag from /home/airflow/.local/lib/python3.11/site-packages/airflow/example_dags/plugins/workday.py
[2025-12-13T01:33:38.132+0000] {processor.py:842} WARNING - No viable dags retrieved from /home/airflow/.local/lib/python3.11/site-packages/airflow/example_dags/plugins/workday.py
[2025-12-13T01:33:38.161+0000] {processor.py:183} INFO - Processing /home/airflow/.local/lib/python3.11/site-packages/airflow/example_dags/plugins/workday.py took 0.639 seconds
[2025-12-13T01:34:09.132+0000] {processor.py:161} INFO - Started process (PID=372) to work on /home/airflow/.local/lib/python3.11/site-packages/airflow/example_dags/plugins/workday.py
[2025-12-13T01:34:09.135+0000] {processor.py:830} INFO - Processing file /home/airflow/.local/lib/python3.11/site-packages/airflow/example_dags/plugins/workday.py for tasks to queue
[2025-12-13T01:34:09.139+0000] {logging_mixin.py:188} INFO - [2025-12-13T01:34:09.138+0000] {dagbag.py:545} INFO - Filling up the DagBag from /home/airflow/.local/lib/python3.11/site-packages/airflow/example_dags/plugins/workday.py
[2025-12-13T01:34:09.734+0000] {processor.py:842} WARNING - No viable dags retrieved from /home/airflow/.local/lib/python3.11/site-packages/airflow/example_dags/plugins/workday.py
[2025-12-13T01:34:09.763+0000] {processor.py:183} INFO - Processing /home/airflow/.local/lib/python3.11/site-packages/airflow/example_dags/plugins/workday.py took 0.644 seconds
[2025-12-13T01:34:40.071+0000] {processor.py:161} INFO - Started process (PID=433) to work on /home/airflow/.local/lib/python3.11/site-packages/airflow/example_dags/plugins/workday.py
[2025-12-13T01:34:40.074+0000] {processor.py:830} INFO - Processing file /home/airflow/.local/lib/python3.11/site-packages/airflow/example_dags/plugins/workday.py for tasks to queue
[2025-12-13T01:34:40.078+0000] {logging_mixin.py:188} INFO - [2025-12-13T01:34:40.077+0000] {dagbag.py:545} INFO - Filling up the DagBag from /home/airflow/.local/lib/python3.11/site-packages/airflow/example_dags/plugins/workday.py
[2025-12-13T01:34:40.636+0000] {processor.py:842} WARNING - No viable dags retrieved from /home/airflow/.local/lib/python3.11/site-packages/airflow/example_dags/plugins/workday.py
[2025-12-13T01:34:40.662+0000] {processor.py:183} INFO - Processing /home/airflow/.local/lib/python3.11/site-packages/airflow/example_dags/plugins/workday.py took 0.604 seconds
[2025-12-13T01:39:37.183+0000] {processor.py:161} INFO - Started process (PID=127) to work on /home/airflow/.local/lib/python3.11/site-packages/airflow/example_dags/plugins/workday.py
[2025-12-13T01:39:37.187+0000] {processor.py:830} INFO - Processing file /home/airflow/.local/lib/python3.11/site-packages/airflow/example_dags/plugins/workday.py for tasks to queue
[2025-12-13T01:39:37.192+0000] {logging_mixin.py:188} INFO - [2025-12-13T01:39:37.191+0000] {dagbag.py:545} INFO - Filling up the DagBag from /home/airflow/.local/lib/python3.11/site-packages/airflow/example_dags/plugins/workday.py
[2025-12-13T01:39:37.813+0000] {processor.py:842} WARNING - No viable dags retrieved from /home/airflow/.local/lib/python3.11/site-packages/airflow/example_dags/plugins/workday.py
[2025-12-13T01:39:37.844+0000] {processor.py:183} INFO - Processing /home/airflow/.local/lib/python3.11/site-packages/airflow/example_dags/plugins/workday.py took 0.676 seconds
[2025-12-13T01:40:08.835+0000] {processor.py:161} INFO - Started process (PID=189) to work on /home/airflow/.local/lib/python3.11/site-packages/airflow/example_dags/plugins/workday.py
[2025-12-13T01:40:08.838+0000] {processor.py:830} INFO - Processing file /home/airflow/.local/lib/python3.11/site-packages/airflow/example_dags/plugins/workday.py for tasks to queue
[2025-12-13T01:40:08.842+0000] {logging_mixin.py:188} INFO - [2025-12-13T01:40:08.841+0000] {dagbag.py:545} INFO - Filling up the DagBag from /home/airflow/.local/lib/python3.11/site-packages/airflow/example_dags/plugins/workday.py
[2025-12-13T01:40:09.423+0000] {processor.py:842} WARNING - No viable dags retrieved from /home/airflow/.local/lib/python3.11/site-packages/airflow/example_dags/plugins/workday.py
[2025-12-13T01:40:09.455+0000] {processor.py:183} INFO - Processing /home/airflow/.local/lib/python3.11/site-packages/airflow/example_dags/plugins/workday.py took 0.633 seconds
[2025-12-13T01:40:40.152+0000] {processor.py:161} INFO - Started process (PID=250) to work on /home/airflow/.local/lib/python3.11/site-packages/airflow/example_dags/plugins/workday.py
[2025-12-13T01:40:40.183+0000] {processor.py:830} INFO - Processing file /home/airflow/.local/lib/python3.11/site-packages/airflow/example_dags/plugins/workday.py for tasks to queue
[2025-12-13T01:40:40.186+0000] {logging_mixin.py:188} INFO - [2025-12-13T01:40:40.186+0000] {dagbag.py:545} INFO - Filling up the DagBag from /home/airflow/.local/lib/python3.11/site-packages/airflow/example_dags/plugins/workday.py
[2025-12-13T01:40:40.746+0000] {processor.py:842} WARNING - No viable dags retrieved from /home/airflow/.local/lib/python3.11/site-packages/airflow/example_dags/plugins/workday.py
[2025-12-13T01:40:40.779+0000] {processor.py:183} INFO - Processing /home/airflow/.local/lib/python3.11/site-packages/airflow/example_dags/plugins/workday.py took 0.640 seconds
[2025-12-13T01:41:11.411+0000] {processor.py:161} INFO - Started process (PID=311) to work on /home/airflow/.local/lib/python3.11/site-packages/airflow/example_dags/plugins/workday.py
[2025-12-13T01:41:11.414+0000] {processor.py:830} INFO - Processing file /home/airflow/.local/lib/python3.11/site-packages/airflow/example_dags/plugins/workday.py for tasks to queue
[2025-12-13T01:41:11.418+0000] {logging_mixin.py:188} INFO - [2025-12-13T01:41:11.417+0000] {dagbag.py:545} INFO - Filling up the DagBag from /home/airflow/.local/lib/python3.11/site-packages/airflow/example_dags/plugins/workday.py
[2025-12-13T01:41:12.026+0000] {processor.py:842} WARNING - No viable dags retrieved from /home/airflow/.local/lib/python3.11/site-packages/airflow/example_dags/plugins/workday.py
[2025-12-13T01:41:12.054+0000] {processor.py:183} INFO - Processing /home/airflow/.local/lib/python3.11/site-packages/airflow/example_dags/plugins/workday.py took 0.656 seconds
[2025-12-13T01:41:43.043+0000] {processor.py:161} INFO - Started process (PID=372) to work on /home/airflow/.local/lib/python3.11/site-packages/airflow/example_dags/plugins/workday.py
[2025-12-13T01:41:43.046+0000] {processor.py:830} INFO - Processing file /home/airflow/.local/lib/python3.11/site-packages/airflow/example_dags/plugins/workday.py for tasks to queue
[2025-12-13T01:41:43.050+0000] {logging_mixin.py:188} INFO - [2025-12-13T01:41:43.049+0000] {dagbag.py:545} INFO - Filling up the DagBag from /home/airflow/.local/lib/python3.11/site-packages/airflow/example_dags/plugins/workday.py
[2025-12-13T01:41:43.437+0000] {processor.py:842} WARNING - No viable dags retrieved from /home/airflow/.local/lib/python3.11/site-packages/airflow/example_dags/plugins/workday.py
[2025-12-13T01:41:43.464+0000] {processor.py:183} INFO - Processing /home/airflow/.local/lib/python3.11/site-packages/airflow/example_dags/plugins/workday.py took 0.606 seconds
[2025-12-13T01:42:13.706+0000] {processor.py:161} INFO - Started process (PID=433) to work on /home/airflow/.local/lib/python3.11/site-packages/airflow/example_dags/plugins/workday.py
[2025-12-13T01:42:13.709+0000] {processor.py:830} INFO - Processing file /home/airflow/.local/lib/python3.11/site-packages/airflow/example_dags/plugins/workday.py for tasks to queue
[2025-12-13T01:42:13.713+0000] {logging_mixin.py:188} INFO - [2025-12-13T01:42:13.712+0000] {dagbag.py:545} INFO - Filling up the DagBag from /home/airflow/.local/lib/python3.11/site-packages/airflow/example_dags/plugins/workday.py
[2025-12-13T01:42:14.279+0000] {processor.py:842} WARNING - No viable dags retrieved from /home/airflow/.local/lib/python3.11/site-packages/airflow/example_dags/plugins/workday.py
[2025-12-13T01:42:14.306+0000] {processor.py:183} INFO - Processing /home/airflow/.local/lib/python3.11/site-packages/airflow/example_dags/plugins/workday.py took 0.611 seconds
[2025-12-13T01:42:44.844+0000] {processor.py:161} INFO - Started process (PID=494) to work on /home/airflow/.local/lib/python3.11/site-packages/airflow/example_dags/plugins/workday.py
[2025-12-13T01:42:44.846+0000] {processor.py:830} INFO - Processing file /home/airflow/.local/lib/python3.11/site-packages/airflow/example_dags/plugins/workday.py for tasks to queue
[2025-12-13T01:42:44.849+0000] {logging_mixin.py:188} INFO - [2025-12-13T01:42:44.849+0000] {dagbag.py:545} INFO - Filling up the DagBag from /home/airflow/.local/lib/python3.11/site-packages/airflow/example_dags/plugins/workday.py
[2025-12-13T01:42:45.476+0000] {processor.py:842} WARNING - No viable dags retrieved from /home/airflow/.local/lib/python3.11/site-packages/airflow/example_dags/plugins/workday.py
[2025-12-13T01:42:45.502+0000] {processor.py:183} INFO - Processing /home/airflow/.local/lib/python3.11/site-packages/airflow/example_dags/plugins/workday.py took 0.672 seconds
[2025-12-13T01:43:15.936+0000] {processor.py:161} INFO - Started process (PID=556) to work on /home/airflow/.local/lib/python3.11/site-packages/airflow/example_dags/plugins/workday.py
[2025-12-13T01:43:15.938+0000] {processor.py:830} INFO - Processing file /home/airflow/.local/lib/python3.11/site-packages/airflow/example_dags/plugins/workday.py for tasks to queue
[2025-12-13T01:43:15.943+0000] {logging_mixin.py:188} INFO - [2025-12-13T01:43:15.942+0000] {dagbag.py:545} INFO - Filling up the DagBag from /home/airflow/.local/lib/python3.11/site-packages/airflow/example_dags/plugins/workday.py
[2025-12-13T01:43:16.567+0000] {processor.py:842} WARNING - No viable dags retrieved from /home/airflow/.local/lib/python3.11/site-packages/airflow/example_dags/plugins/workday.py
[2025-12-13T01:43:16.595+0000] {processor.py:183} INFO - Processing /home/airflow/.local/lib/python3.11/site-packages/airflow/example_dags/plugins/workday.py took 0.677 seconds
[2025-12-13T01:43:46.832+0000] {processor.py:161} INFO - Started process (PID=615) to work on /home/airflow/.local/lib/python3.11/site-packages/airflow/example_dags/plugins/workday.py
[2025-12-13T01:43:46.835+0000] {processor.py:830} INFO - Processing file /home/airflow/.local/lib/python3.11/site-packages/airflow/example_dags/plugins/workday.py for tasks to queue
[2025-12-13T01:43:46.839+0000] {logging_mixin.py:188} INFO - [2025-12-13T01:43:46.838+0000] {dagbag.py:545} INFO - Filling up the DagBag from /home/airflow/.local/lib/python3.11/site-packages/airflow/example_dags/plugins/workday.py
[2025-12-13T01:43:47.443+0000] {processor.py:842} WARNING - No viable dags retrieved from /home/airflow/.local/lib/python3.11/site-packages/airflow/example_dags/plugins/workday.py
[2025-12-13T01:43:47.475+0000] {processor.py:183} INFO - Processing /home/airflow/.local/lib/python3.11/site-packages/airflow/example_dags/plugins/workday.py took 0.656 seconds
[2025-12-13T01:44:17.653+0000] {processor.py:161} INFO - Started process (PID=675) to work on /home/airflow/.local/lib/python3.11/site-packages/airflow/example_dags/plugins/workday.py
[2025-12-13T01:44:17.656+0000] {processor.py:830} INFO - Processing file /home/airflow/.local/lib/python3.11/site-packages/airflow/example_dags/plugins/workday.py for tasks to queue
[2025-12-13T01:44:17.662+0000] {logging_mixin.py:188} INFO - [2025-12-13T01:44:17.661+0000] {dagbag.py:545} INFO - Filling up the DagBag from /home/airflow/.local/lib/python3.11/site-packages/airflow/example_dags/plugins/workday.py
[2025-12-13T01:44:18.223+0000] {processor.py:842} WARNING - No viable dags retrieved from /home/airflow/.local/lib/python3.11/site-packages/airflow/example_dags/plugins/workday.py
[2025-12-13T01:44:18.248+0000] {processor.py:183} INFO - Processing /home/airflow/.local/lib/python3.11/site-packages/airflow/example_dags/plugins/workday.py took 0.608 seconds
[2025-12-13T01:44:48.540+0000] {processor.py:161} INFO - Started process (PID=736) to work on /home/airflow/.local/lib/python3.11/site-packages/airflow/example_dags/plugins/workday.py
[2025-12-13T01:44:48.542+0000] {processor.py:830} INFO - Processing file /home/airflow/.local/lib/python3.11/site-packages/airflow/example_dags/plugins/workday.py for tasks to queue
[2025-12-13T01:44:48.547+0000] {logging_mixin.py:188} INFO - [2025-12-13T01:44:48.546+0000] {dagbag.py:545} INFO - Filling up the DagBag from /home/airflow/.local/lib/python3.11/site-packages/airflow/example_dags/plugins/workday.py
[2025-12-13T01:44:49.161+0000] {processor.py:842} WARNING - No viable dags retrieved from /home/airflow/.local/lib/python3.11/site-packages/airflow/example_dags/plugins/workday.py
[2025-12-13T01:44:49.189+0000] {processor.py:183} INFO - Processing /home/airflow/.local/lib/python3.11/site-packages/airflow/example_dags/plugins/workday.py took 0.669 seconds
[2025-12-13T01:48:57.636+0000] {processor.py:161} INFO - Started process (PID=127) to work on /home/airflow/.local/lib/python3.11/site-packages/airflow/example_dags/plugins/workday.py
[2025-12-13T01:48:57.640+0000] {processor.py:830} INFO - Processing file /home/airflow/.local/lib/python3.11/site-packages/airflow/example_dags/plugins/workday.py for tasks to queue
[2025-12-13T01:48:57.644+0000] {logging_mixin.py:188} INFO - [2025-12-13T01:48:57.643+0000] {dagbag.py:545} INFO - Filling up the DagBag from /home/airflow/.local/lib/python3.11/site-packages/airflow/example_dags/plugins/workday.py
[2025-12-13T01:48:58.263+0000] {processor.py:842} WARNING - No viable dags retrieved from /home/airflow/.local/lib/python3.11/site-packages/airflow/example_dags/plugins/workday.py
[2025-12-13T01:48:58.297+0000] {processor.py:183} INFO - Processing /home/airflow/.local/lib/python3.11/site-packages/airflow/example_dags/plugins/workday.py took 0.675 seconds
[2025-12-13T01:49:28.375+0000] {processor.py:161} INFO - Started process (PID=189) to work on /home/airflow/.local/lib/python3.11/site-packages/airflow/example_dags/plugins/workday.py
[2025-12-13T01:49:28.378+0000] {processor.py:830} INFO - Processing file /home/airflow/.local/lib/python3.11/site-packages/airflow/example_dags/plugins/workday.py for tasks to queue
[2025-12-13T01:49:28.382+0000] {logging_mixin.py:188} INFO - [2025-12-13T01:49:28.382+0000] {dagbag.py:545} INFO - Filling up the DagBag from /home/airflow/.local/lib/python3.11/site-packages/airflow/example_dags/plugins/workday.py
[2025-12-13T01:49:29.028+0000] {processor.py:842} WARNING - No viable dags retrieved from /home/airflow/.local/lib/python3.11/site-packages/airflow/example_dags/plugins/workday.py
[2025-12-13T01:49:29.058+0000] {processor.py:183} INFO - Processing /home/airflow/.local/lib/python3.11/site-packages/airflow/example_dags/plugins/workday.py took 0.695 seconds
[2025-12-13T01:49:59.140+0000] {processor.py:161} INFO - Started process (PID=250) to work on /home/airflow/.local/lib/python3.11/site-packages/airflow/example_dags/plugins/workday.py
[2025-12-13T01:49:59.144+0000] {processor.py:830} INFO - Processing file /home/airflow/.local/lib/python3.11/site-packages/airflow/example_dags/plugins/workday.py for tasks to queue
[2025-12-13T01:49:59.148+0000] {logging_mixin.py:188} INFO - [2025-12-13T01:49:59.147+0000] {dagbag.py:545} INFO - Filling up the DagBag from /home/airflow/.local/lib/python3.11/site-packages/airflow/example_dags/plugins/workday.py
[2025-12-13T01:49:59.744+0000] {processor.py:842} WARNING - No viable dags retrieved from /home/airflow/.local/lib/python3.11/site-packages/airflow/example_dags/plugins/workday.py
[2025-12-13T01:49:59.772+0000] {processor.py:183} INFO - Processing /home/airflow/.local/lib/python3.11/site-packages/airflow/example_dags/plugins/workday.py took 0.646 seconds
[2025-12-13T01:50:29.917+0000] {processor.py:161} INFO - Started process (PID=311) to work on /home/airflow/.local/lib/python3.11/site-packages/airflow/example_dags/plugins/workday.py
[2025-12-13T01:50:29.920+0000] {processor.py:830} INFO - Processing file /home/airflow/.local/lib/python3.11/site-packages/airflow/example_dags/plugins/workday.py for tasks to queue
[2025-12-13T01:50:29.924+0000] {logging_mixin.py:188} INFO - [2025-12-13T01:50:29.923+0000] {dagbag.py:545} INFO - Filling up the DagBag from /home/airflow/.local/lib/python3.11/site-packages/airflow/example_dags/plugins/workday.py
[2025-12-13T01:50:30.507+0000] {processor.py:842} WARNING - No viable dags retrieved from /home/airflow/.local/lib/python3.11/site-packages/airflow/example_dags/plugins/workday.py
[2025-12-13T01:50:30.534+0000] {processor.py:183} INFO - Processing /home/airflow/.local/lib/python3.11/site-packages/airflow/example_dags/plugins/workday.py took 0.631 seconds
[2025-12-13T01:51:00.635+0000] {processor.py:161} INFO - Started process (PID=372) to work on /home/airflow/.local/lib/python3.11/site-packages/airflow/example_dags/plugins/workday.py
[2025-12-13T01:51:00.639+0000] {processor.py:830} INFO - Processing file /home/airflow/.local/lib/python3.11/site-packages/airflow/example_dags/plugins/workday.py for tasks to queue
[2025-12-13T01:51:00.644+0000] {logging_mixin.py:188} INFO - [2025-12-13T01:51:00.643+0000] {dagbag.py:545} INFO - Filling up the DagBag from /home/airflow/.local/lib/python3.11/site-packages/airflow/example_dags/plugins/workday.py
[2025-12-13T01:51:01.539+0000] {processor.py:842} WARNING - No viable dags retrieved from /home/airflow/.local/lib/python3.11/site-packages/airflow/example_dags/plugins/workday.py
[2025-12-13T01:51:01.586+0000] {processor.py:183} INFO - Processing /home/airflow/.local/lib/python3.11/site-packages/airflow/example_dags/plugins/workday.py took 0.968 seconds
[2025-12-13T01:51:32.619+0000] {processor.py:161} INFO - Started process (PID=433) to work on /home/airflow/.local/lib/python3.11/site-packages/airflow/example_dags/plugins/workday.py
[2025-12-13T01:51:32.622+0000] {processor.py:830} INFO - Processing file /home/airflow/.local/lib/python3.11/site-packages/airflow/example_dags/plugins/workday.py for tasks to queue
[2025-12-13T01:51:32.626+0000] {logging_mixin.py:188} INFO - [2025-12-13T01:51:32.625+0000] {dagbag.py:545} INFO - Filling up the DagBag from /home/airflow/.local/lib/python3.11/site-packages/airflow/example_dags/plugins/workday.py
[2025-12-13T01:51:33.212+0000] {processor.py:842} WARNING - No viable dags retrieved from /home/airflow/.local/lib/python3.11/site-packages/airflow/example_dags/plugins/workday.py
[2025-12-13T01:51:33.243+0000] {processor.py:183} INFO - Processing /home/airflow/.local/lib/python3.11/site-packages/airflow/example_dags/plugins/workday.py took 0.637 seconds
[2025-12-13T01:57:36.677+0000] {processor.py:161} INFO - Started process (PID=127) to work on /home/airflow/.local/lib/python3.11/site-packages/airflow/example_dags/plugins/workday.py
[2025-12-13T01:57:36.681+0000] {processor.py:830} INFO - Processing file /home/airflow/.local/lib/python3.11/site-packages/airflow/example_dags/plugins/workday.py for tasks to queue
[2025-12-13T01:57:36.686+0000] {logging_mixin.py:188} INFO - [2025-12-13T01:57:36.685+0000] {dagbag.py:545} INFO - Filling up the DagBag from /home/airflow/.local/lib/python3.11/site-packages/airflow/example_dags/plugins/workday.py
[2025-12-13T01:57:37.153+0000] {processor.py:842} WARNING - No viable dags retrieved from /home/airflow/.local/lib/python3.11/site-packages/airflow/example_dags/plugins/workday.py
[2025-12-13T01:57:37.185+0000] {processor.py:183} INFO - Processing /home/airflow/.local/lib/python3.11/site-packages/airflow/example_dags/plugins/workday.py took 0.713 seconds
[2025-12-13T01:58:08.007+0000] {processor.py:161} INFO - Started process (PID=189) to work on /home/airflow/.local/lib/python3.11/site-packages/airflow/example_dags/plugins/workday.py
[2025-12-13T01:58:08.010+0000] {processor.py:830} INFO - Processing file /home/airflow/.local/lib/python3.11/site-packages/airflow/example_dags/plugins/workday.py for tasks to queue
[2025-12-13T01:58:08.014+0000] {logging_mixin.py:188} INFO - [2025-12-13T01:58:08.013+0000] {dagbag.py:545} INFO - Filling up the DagBag from /home/airflow/.local/lib/python3.11/site-packages/airflow/example_dags/plugins/workday.py
[2025-12-13T01:58:08.617+0000] {processor.py:842} WARNING - No viable dags retrieved from /home/airflow/.local/lib/python3.11/site-packages/airflow/example_dags/plugins/workday.py
[2025-12-13T01:58:08.643+0000] {processor.py:183} INFO - Processing /home/airflow/.local/lib/python3.11/site-packages/airflow/example_dags/plugins/workday.py took 0.651 seconds
[2025-12-13T01:58:38.733+0000] {processor.py:161} INFO - Started process (PID=250) to work on /home/airflow/.local/lib/python3.11/site-packages/airflow/example_dags/plugins/workday.py
[2025-12-13T01:58:38.735+0000] {processor.py:830} INFO - Processing file /home/airflow/.local/lib/python3.11/site-packages/airflow/example_dags/plugins/workday.py for tasks to queue
[2025-12-13T01:58:38.739+0000] {logging_mixin.py:188} INFO - [2025-12-13T01:58:38.739+0000] {dagbag.py:545} INFO - Filling up the DagBag from /home/airflow/.local/lib/python3.11/site-packages/airflow/example_dags/plugins/workday.py
[2025-12-13T01:58:39.315+0000] {processor.py:842} WARNING - No viable dags retrieved from /home/airflow/.local/lib/python3.11/site-packages/airflow/example_dags/plugins/workday.py
[2025-12-13T01:58:39.343+0000] {processor.py:183} INFO - Processing /home/airflow/.local/lib/python3.11/site-packages/airflow/example_dags/plugins/workday.py took 0.624 seconds
[2025-12-13T01:59:09.745+0000] {processor.py:161} INFO - Started process (PID=311) to work on /home/airflow/.local/lib/python3.11/site-packages/airflow/example_dags/plugins/workday.py
[2025-12-13T01:59:09.747+0000] {processor.py:830} INFO - Processing file /home/airflow/.local/lib/python3.11/site-packages/airflow/example_dags/plugins/workday.py for tasks to queue
[2025-12-13T01:59:09.751+0000] {logging_mixin.py:188} INFO - [2025-12-13T01:59:09.750+0000] {dagbag.py:545} INFO - Filling up the DagBag from /home/airflow/.local/lib/python3.11/site-packages/airflow/example_dags/plugins/workday.py
[2025-12-13T01:59:10.342+0000] {processor.py:842} WARNING - No viable dags retrieved from /home/airflow/.local/lib/python3.11/site-packages/airflow/example_dags/plugins/workday.py
[2025-12-13T01:59:10.367+0000] {processor.py:183} INFO - Processing /home/airflow/.local/lib/python3.11/site-packages/airflow/example_dags/plugins/workday.py took 0.636 seconds
[2025-12-13T01:59:40.517+0000] {processor.py:161} INFO - Started process (PID=372) to work on /home/airflow/.local/lib/python3.11/site-packages/airflow/example_dags/plugins/workday.py
[2025-12-13T01:59:40.520+0000] {processor.py:830} INFO - Processing file /home/airflow/.local/lib/python3.11/site-packages/airflow/example_dags/plugins/workday.py for tasks to queue
[2025-12-13T01:59:40.524+0000] {logging_mixin.py:188} INFO - [2025-12-13T01:59:40.523+0000] {dagbag.py:545} INFO - Filling up the DagBag from /home/airflow/.local/lib/python3.11/site-packages/airflow/example_dags/plugins/workday.py
[2025-12-13T01:59:41.086+0000] {processor.py:842} WARNING - No viable dags retrieved from /home/airflow/.local/lib/python3.11/site-packages/airflow/example_dags/plugins/workday.py
[2025-12-13T01:59:41.113+0000] {processor.py:183} INFO - Processing /home/airflow/.local/lib/python3.11/site-packages/airflow/example_dags/plugins/workday.py took 0.609 seconds
[2025-12-13T02:00:11.541+0000] {processor.py:161} INFO - Started process (PID=432) to work on /home/airflow/.local/lib/python3.11/site-packages/airflow/example_dags/plugins/workday.py
[2025-12-13T02:00:11.544+0000] {processor.py:830} INFO - Processing file /home/airflow/.local/lib/python3.11/site-packages/airflow/example_dags/plugins/workday.py for tasks to queue
[2025-12-13T02:00:11.548+0000] {logging_mixin.py:188} INFO - [2025-12-13T02:00:11.547+0000] {dagbag.py:545} INFO - Filling up the DagBag from /home/airflow/.local/lib/python3.11/site-packages/airflow/example_dags/plugins/workday.py
[2025-12-13T02:00:12.708+0000] {processor.py:842} WARNING - No viable dags retrieved from /home/airflow/.local/lib/python3.11/site-packages/airflow/example_dags/plugins/workday.py
[2025-12-13T02:00:12.747+0000] {processor.py:183} INFO - Processing /home/airflow/.local/lib/python3.11/site-packages/airflow/example_dags/plugins/workday.py took 1.219 seconds
[2025-12-13T02:00:43.125+0000] {processor.py:161} INFO - Started process (PID=491) to work on /home/airflow/.local/lib/python3.11/site-packages/airflow/example_dags/plugins/workday.py
[2025-12-13T02:00:43.128+0000] {processor.py:830} INFO - Processing file /home/airflow/.local/lib/python3.11/site-packages/airflow/example_dags/plugins/workday.py for tasks to queue
[2025-12-13T02:00:43.132+0000] {logging_mixin.py:188} INFO - [2025-12-13T02:00:43.131+0000] {dagbag.py:545} INFO - Filling up the DagBag from /home/airflow/.local/lib/python3.11/site-packages/airflow/example_dags/plugins/workday.py
[2025-12-13T02:00:43.764+0000] {processor.py:842} WARNING - No viable dags retrieved from /home/airflow/.local/lib/python3.11/site-packages/airflow/example_dags/plugins/workday.py
[2025-12-13T02:00:43.792+0000] {processor.py:183} INFO - Processing /home/airflow/.local/lib/python3.11/site-packages/airflow/example_dags/plugins/workday.py took 0.682 seconds
[2025-12-13T02:01:14.782+0000] {processor.py:161} INFO - Started process (PID=552) to work on /home/airflow/.local/lib/python3.11/site-packages/airflow/example_dags/plugins/workday.py
[2025-12-13T02:01:14.785+0000] {processor.py:830} INFO - Processing file /home/airflow/.local/lib/python3.11/site-packages/airflow/example_dags/plugins/workday.py for tasks to queue
[2025-12-13T02:01:14.789+0000] {logging_mixin.py:188} INFO - [2025-12-13T02:01:14.788+0000] {dagbag.py:545} INFO - Filling up the DagBag from /home/airflow/.local/lib/python3.11/site-packages/airflow/example_dags/plugins/workday.py
[2025-12-13T02:01:15.353+0000] {processor.py:842} WARNING - No viable dags retrieved from /home/airflow/.local/lib/python3.11/site-packages/airflow/example_dags/plugins/workday.py
[2025-12-13T02:01:15.381+0000] {processor.py:183} INFO - Processing /home/airflow/.local/lib/python3.11/site-packages/airflow/example_dags/plugins/workday.py took 0.612 seconds
[2025-12-13T02:01:46.111+0000] {processor.py:161} INFO - Started process (PID=613) to work on /home/airflow/.local/lib/python3.11/site-packages/airflow/example_dags/plugins/workday.py
[2025-12-13T02:01:46.115+0000] {processor.py:830} INFO - Processing file /home/airflow/.local/lib/python3.11/site-packages/airflow/example_dags/plugins/workday.py for tasks to queue
[2025-12-13T02:01:46.121+0000] {logging_mixin.py:188} INFO - [2025-12-13T02:01:46.120+0000] {dagbag.py:545} INFO - Filling up the DagBag from /home/airflow/.local/lib/python3.11/site-packages/airflow/example_dags/plugins/workday.py
[2025-12-13T02:01:46.803+0000] {processor.py:842} WARNING - No viable dags retrieved from /home/airflow/.local/lib/python3.11/site-packages/airflow/example_dags/plugins/workday.py
[2025-12-13T02:01:46.831+0000] {processor.py:183} INFO - Processing /home/airflow/.local/lib/python3.11/site-packages/airflow/example_dags/plugins/workday.py took 0.737 seconds
[2025-12-13T02:02:17.262+0000] {processor.py:161} INFO - Started process (PID=674) to work on /home/airflow/.local/lib/python3.11/site-packages/airflow/example_dags/plugins/workday.py
[2025-12-13T02:02:17.266+0000] {processor.py:830} INFO - Processing file /home/airflow/.local/lib/python3.11/site-packages/airflow/example_dags/plugins/workday.py for tasks to queue
[2025-12-13T02:02:17.269+0000] {logging_mixin.py:188} INFO - [2025-12-13T02:02:17.269+0000] {dagbag.py:545} INFO - Filling up the DagBag from /home/airflow/.local/lib/python3.11/site-packages/airflow/example_dags/plugins/workday.py
[2025-12-13T02:02:17.847+0000] {processor.py:842} WARNING - No viable dags retrieved from /home/airflow/.local/lib/python3.11/site-packages/airflow/example_dags/plugins/workday.py
[2025-12-13T02:02:17.875+0000] {processor.py:183} INFO - Processing /home/airflow/.local/lib/python3.11/site-packages/airflow/example_dags/plugins/workday.py took 0.626 seconds
[2025-12-13T02:02:48.322+0000] {processor.py:161} INFO - Started process (PID=735) to work on /home/airflow/.local/lib/python3.11/site-packages/airflow/example_dags/plugins/workday.py
[2025-12-13T02:02:48.325+0000] {processor.py:830} INFO - Processing file /home/airflow/.local/lib/python3.11/site-packages/airflow/example_dags/plugins/workday.py for tasks to queue
[2025-12-13T02:02:48.329+0000] {logging_mixin.py:188} INFO - [2025-12-13T02:02:48.328+0000] {dagbag.py:545} INFO - Filling up the DagBag from /home/airflow/.local/lib/python3.11/site-packages/airflow/example_dags/plugins/workday.py
[2025-12-13T02:02:48.900+0000] {processor.py:842} WARNING - No viable dags retrieved from /home/airflow/.local/lib/python3.11/site-packages/airflow/example_dags/plugins/workday.py
[2025-12-13T02:02:48.926+0000] {processor.py:183} INFO - Processing /home/airflow/.local/lib/python3.11/site-packages/airflow/example_dags/plugins/workday.py took 0.617 seconds
[2025-12-13T02:03:19.699+0000] {processor.py:161} INFO - Started process (PID=803) to work on /home/airflow/.local/lib/python3.11/site-packages/airflow/example_dags/plugins/workday.py
[2025-12-13T02:03:19.702+0000] {processor.py:830} INFO - Processing file /home/airflow/.local/lib/python3.11/site-packages/airflow/example_dags/plugins/workday.py for tasks to queue
[2025-12-13T02:03:19.706+0000] {logging_mixin.py:188} INFO - [2025-12-13T02:03:19.705+0000] {dagbag.py:545} INFO - Filling up the DagBag from /home/airflow/.local/lib/python3.11/site-packages/airflow/example_dags/plugins/workday.py
[2025-12-13T02:03:20.284+0000] {processor.py:842} WARNING - No viable dags retrieved from /home/airflow/.local/lib/python3.11/site-packages/airflow/example_dags/plugins/workday.py
[2025-12-13T02:03:20.310+0000] {processor.py:183} INFO - Processing /home/airflow/.local/lib/python3.11/site-packages/airflow/example_dags/plugins/workday.py took 0.630 seconds
[2025-12-13T02:03:51.126+0000] {processor.py:161} INFO - Started process (PID=863) to work on /home/airflow/.local/lib/python3.11/site-packages/airflow/example_dags/plugins/workday.py
[2025-12-13T02:03:51.128+0000] {processor.py:830} INFO - Processing file /home/airflow/.local/lib/python3.11/site-packages/airflow/example_dags/plugins/workday.py for tasks to queue
[2025-12-13T02:03:51.132+0000] {logging_mixin.py:188} INFO - [2025-12-13T02:03:51.131+0000] {dagbag.py:545} INFO - Filling up the DagBag from /home/airflow/.local/lib/python3.11/site-packages/airflow/example_dags/plugins/workday.py
[2025-12-13T02:03:51.692+0000] {processor.py:842} WARNING - No viable dags retrieved from /home/airflow/.local/lib/python3.11/site-packages/airflow/example_dags/plugins/workday.py
[2025-12-13T02:03:51.723+0000] {processor.py:183} INFO - Processing /home/airflow/.local/lib/python3.11/site-packages/airflow/example_dags/plugins/workday.py took 0.609 seconds
[2025-12-13T02:04:22.679+0000] {processor.py:161} INFO - Started process (PID=924) to work on /home/airflow/.local/lib/python3.11/site-packages/airflow/example_dags/plugins/workday.py
[2025-12-13T02:04:22.682+0000] {processor.py:830} INFO - Processing file /home/airflow/.local/lib/python3.11/site-packages/airflow/example_dags/plugins/workday.py for tasks to queue
[2025-12-13T02:04:22.685+0000] {logging_mixin.py:188} INFO - [2025-12-13T02:04:22.685+0000] {dagbag.py:545} INFO - Filling up the DagBag from /home/airflow/.local/lib/python3.11/site-packages/airflow/example_dags/plugins/workday.py
[2025-12-13T02:04:23.255+0000] {processor.py:842} WARNING - No viable dags retrieved from /home/airflow/.local/lib/python3.11/site-packages/airflow/example_dags/plugins/workday.py
[2025-12-13T02:04:23.288+0000] {processor.py:183} INFO - Processing /home/airflow/.local/lib/python3.11/site-packages/airflow/example_dags/plugins/workday.py took 0.622 seconds
[2025-12-13T02:06:37.654+0000] {processor.py:161} INFO - Started process (PID=131) to work on /home/airflow/.local/lib/python3.11/site-packages/airflow/example_dags/plugins/workday.py
[2025-12-13T02:06:37.657+0000] {processor.py:830} INFO - Processing file /home/airflow/.local/lib/python3.11/site-packages/airflow/example_dags/plugins/workday.py for tasks to queue
[2025-12-13T02:06:37.661+0000] {logging_mixin.py:188} INFO - [2025-12-13T02:06:37.660+0000] {dagbag.py:545} INFO - Filling up the DagBag from /home/airflow/.local/lib/python3.11/site-packages/airflow/example_dags/plugins/workday.py
[2025-12-13T02:06:38.269+0000] {processor.py:842} WARNING - No viable dags retrieved from /home/airflow/.local/lib/python3.11/site-packages/airflow/example_dags/plugins/workday.py
[2025-12-13T02:06:38.303+0000] {processor.py:183} INFO - Processing /home/airflow/.local/lib/python3.11/site-packages/airflow/example_dags/plugins/workday.py took 0.662 seconds
[2025-12-13T02:07:08.561+0000] {processor.py:161} INFO - Started process (PID=193) to work on /home/airflow/.local/lib/python3.11/site-packages/airflow/example_dags/plugins/workday.py
[2025-12-13T02:07:08.564+0000] {processor.py:830} INFO - Processing file /home/airflow/.local/lib/python3.11/site-packages/airflow/example_dags/plugins/workday.py for tasks to queue
[2025-12-13T02:07:08.569+0000] {logging_mixin.py:188} INFO - [2025-12-13T02:07:08.568+0000] {dagbag.py:545} INFO - Filling up the DagBag from /home/airflow/.local/lib/python3.11/site-packages/airflow/example_dags/plugins/workday.py
[2025-12-13T02:07:09.231+0000] {processor.py:842} WARNING - No viable dags retrieved from /home/airflow/.local/lib/python3.11/site-packages/airflow/example_dags/plugins/workday.py
[2025-12-13T02:07:09.262+0000] {processor.py:183} INFO - Processing /home/airflow/.local/lib/python3.11/site-packages/airflow/example_dags/plugins/workday.py took 0.718 seconds
[2025-12-13T02:07:40.129+0000] {processor.py:161} INFO - Started process (PID=254) to work on /home/airflow/.local/lib/python3.11/site-packages/airflow/example_dags/plugins/workday.py
[2025-12-13T02:07:40.131+0000] {processor.py:830} INFO - Processing file /home/airflow/.local/lib/python3.11/site-packages/airflow/example_dags/plugins/workday.py for tasks to queue
[2025-12-13T02:07:40.134+0000] {logging_mixin.py:188} INFO - [2025-12-13T02:07:40.134+0000] {dagbag.py:545} INFO - Filling up the DagBag from /home/airflow/.local/lib/python3.11/site-packages/airflow/example_dags/plugins/workday.py
[2025-12-13T02:07:40.735+0000] {processor.py:842} WARNING - No viable dags retrieved from /home/airflow/.local/lib/python3.11/site-packages/airflow/example_dags/plugins/workday.py
[2025-12-13T02:07:40.769+0000] {processor.py:183} INFO - Processing /home/airflow/.local/lib/python3.11/site-packages/airflow/example_dags/plugins/workday.py took 0.654 seconds
[2025-12-13T02:08:11.127+0000] {processor.py:161} INFO - Started process (PID=315) to work on /home/airflow/.local/lib/python3.11/site-packages/airflow/example_dags/plugins/workday.py
[2025-12-13T02:08:11.131+0000] {processor.py:830} INFO - Processing file /home/airflow/.local/lib/python3.11/site-packages/airflow/example_dags/plugins/workday.py for tasks to queue
[2025-12-13T02:08:11.134+0000] {logging_mixin.py:188} INFO - [2025-12-13T02:08:11.134+0000] {dagbag.py:545} INFO - Filling up the DagBag from /home/airflow/.local/lib/python3.11/site-packages/airflow/example_dags/plugins/workday.py
[2025-12-13T02:08:11.682+0000] {processor.py:842} WARNING - No viable dags retrieved from /home/airflow/.local/lib/python3.11/site-packages/airflow/example_dags/plugins/workday.py
[2025-12-13T02:08:11.708+0000] {processor.py:183} INFO - Processing /home/airflow/.local/lib/python3.11/site-packages/airflow/example_dags/plugins/workday.py took 0.593 seconds
[2025-12-13T02:08:42.018+0000] {processor.py:161} INFO - Started process (PID=377) to work on /home/airflow/.local/lib/python3.11/site-packages/airflow/example_dags/plugins/workday.py
[2025-12-13T02:08:42.048+0000] {processor.py:830} INFO - Processing file /home/airflow/.local/lib/python3.11/site-packages/airflow/example_dags/plugins/workday.py for tasks to queue
[2025-12-13T02:08:42.051+0000] {logging_mixin.py:188} INFO - [2025-12-13T02:08:42.051+0000] {dagbag.py:545} INFO - Filling up the DagBag from /home/airflow/.local/lib/python3.11/site-packages/airflow/example_dags/plugins/workday.py
[2025-12-13T02:08:42.684+0000] {processor.py:842} WARNING - No viable dags retrieved from /home/airflow/.local/lib/python3.11/site-packages/airflow/example_dags/plugins/workday.py
[2025-12-13T02:08:42.711+0000] {processor.py:183} INFO - Processing /home/airflow/.local/lib/python3.11/site-packages/airflow/example_dags/plugins/workday.py took 0.706 seconds
[2025-12-13T02:09:13.071+0000] {processor.py:161} INFO - Started process (PID=438) to work on /home/airflow/.local/lib/python3.11/site-packages/airflow/example_dags/plugins/workday.py
[2025-12-13T02:09:13.074+0000] {processor.py:830} INFO - Processing file /home/airflow/.local/lib/python3.11/site-packages/airflow/example_dags/plugins/workday.py for tasks to queue
[2025-12-13T02:09:13.078+0000] {logging_mixin.py:188} INFO - [2025-12-13T02:09:13.077+0000] {dagbag.py:545} INFO - Filling up the DagBag from /home/airflow/.local/lib/python3.11/site-packages/airflow/example_dags/plugins/workday.py
[2025-12-13T02:09:13.739+0000] {processor.py:842} WARNING - No viable dags retrieved from /home/airflow/.local/lib/python3.11/site-packages/airflow/example_dags/plugins/workday.py
[2025-12-13T02:09:13.778+0000] {processor.py:183} INFO - Processing /home/airflow/.local/lib/python3.11/site-packages/airflow/example_dags/plugins/workday.py took 0.722 seconds
