[2025-12-15T20:14:52.849+0000] {local_task_job_runner.py:120} INFO - ::group::Pre task execution logs
[2025-12-15T20:14:52.891+0000] {taskinstance.py:2076} INFO - Dependencies all met for dep_context=non-requeueable deps ti=<TaskInstance: weather.load_weather_data manual__2025-12-15T20:14:45.525570+00:00 [queued]>
[2025-12-15T20:14:52.903+0000] {taskinstance.py:2076} INFO - Dependencies all met for dep_context=requeueable deps ti=<TaskInstance: weather.load_weather_data manual__2025-12-15T20:14:45.525570+00:00 [queued]>
[2025-12-15T20:14:52.903+0000] {taskinstance.py:2306} INFO - Starting attempt 1 of 2
[2025-12-15T20:14:52.929+0000] {taskinstance.py:2330} INFO - Executing <Task(PythonOperator): load_weather_data> on 2025-12-15 20:14:45.525570+00:00
[2025-12-15T20:14:52.947+0000] {standard_task_runner.py:63} INFO - Started process 193 to run task
[2025-12-15T20:14:52.957+0000] {standard_task_runner.py:90} INFO - Running: ['***', 'tasks', 'run', 'weather', 'load_weather_data', 'manual__2025-12-15T20:14:45.525570+00:00', '--job-id', '38', '--raw', '--subdir', 'DAGS_FOLDER/weather_dag.py', '--cfg-path', '/tmp/tmpcjb2rylm']
[2025-12-15T20:14:52.961+0000] {standard_task_runner.py:91} INFO - Job 38: Subtask load_weather_data
[2025-12-15T20:14:53.062+0000] {task_command.py:426} INFO - Running <TaskInstance: weather.load_weather_data manual__2025-12-15T20:14:45.525570+00:00 [running]> on host ab3794e0436b
[2025-12-15T20:14:53.256+0000] {taskinstance.py:2648} INFO - Exporting env vars: AIRFLOW_CTX_DAG_OWNER='***' AIRFLOW_CTX_DAG_ID='weather' AIRFLOW_CTX_TASK_ID='load_weather_data' AIRFLOW_CTX_EXECUTION_DATE='2025-12-15T20:14:45.525570+00:00' AIRFLOW_CTX_TRY_NUMBER='1' AIRFLOW_CTX_DAG_RUN_ID='manual__2025-12-15T20:14:45.525570+00:00'
[2025-12-15T20:14:53.258+0000] {taskinstance.py:430} INFO - ::endgroup::
[2025-12-15T20:14:53.952+0000] {get_raw_data.py:65} INFO - Yesterday's weather data retreived.
[2025-12-15T20:14:53.957+0000] {get_raw_data.py:88} INFO - Processing 1 rows of weather data...
[2025-12-15T20:14:53.957+0000] {get_raw_data.py:109} INFO - Finished processing 1 rows of weather data.
[2025-12-15T20:14:54.013+0000] {get_raw_data.py:122} INFO - Loading data into GBQ...
[2025-12-15T20:14:58.821+0000] {get_raw_data.py:132} INFO - Finished loading data into GBQ.
[2025-12-15T20:14:58.822+0000] {python.py:237} INFO - Done. Returned value was: None
[2025-12-15T20:14:58.822+0000] {taskinstance.py:441} INFO - ::group::Post task execution logs
[2025-12-15T20:14:58.845+0000] {taskinstance.py:1206} INFO - Marking task as SUCCESS. dag_id=weather, task_id=load_weather_data, run_id=manual__2025-12-15T20:14:45.525570+00:00, execution_date=20251215T201445, start_date=20251215T201452, end_date=20251215T201458
[2025-12-15T20:14:58.925+0000] {local_task_job_runner.py:240} INFO - Task exited with return code 0
[2025-12-15T20:14:58.955+0000] {taskinstance.py:3503} INFO - 0 downstream tasks scheduled from follow-on schedule check
[2025-12-15T20:14:58.959+0000] {local_task_job_runner.py:222} INFO - ::endgroup::
